Log file open, 05/30/22 18:14:32
LogWindows: Failed to load 'aqProf.dll' (GetLastError=126)
LogWindows: File 'aqProf.dll' does not exist
LogWindows: Failed to load 'VtuneApi.dll' (GetLastError=126)
LogWindows: File 'VtuneApi.dll' does not exist
LogWindows: Failed to load 'VtuneApi32e.dll' (GetLastError=126)
LogWindows: File 'VtuneApi32e.dll' does not exist
LogConsoleResponse: Display: Failed to find resolution value strings in scalability ini. Falling back to default.
LogConsoleResponse: Display: Failed to find resolution value strings in scalability ini. Falling back to default.
LogInit: Display: Running engine for game: CastleOfSecrets
LogPlatformFile: Not using cached read wrapper
LogTaskGraph: Started task graph with 5 named threads and 35 total threads with 3 sets of task threads.
LogStats: Stats thread started at 0.199368
LogICUInternationalization: ICU TimeZone Detection - Raw Offset: +7:00, Platform Override: ''
LogInit: Display: Loading text-based GConfig....
LogPluginManager: Mounting plugin MeshPainting
LogPluginManager: Mounting plugin XGEController
LogPluginManager: Mounting plugin Paper2D
LogPluginManager: Mounting plugin AISupport
LogPluginManager: Mounting plugin LiveLink
LogPluginManager: Mounting plugin EnvironmentQueryEditor
LogPluginManager: Mounting plugin GameplayCameras
LogPluginManager: Mounting plugin CameraShakePreviewer
LogPluginManager: Mounting plugin CLionSourceCodeAccess
LogPluginManager: Mounting plugin CodeLiteSourceCodeAccess
LogPluginManager: Mounting plugin GitSourceControl
LogPluginManager: Mounting plugin AnimationSharing
LogPluginManager: Mounting plugin NullSourceCodeAccess
LogPluginManager: Mounting plugin KDevelopSourceCodeAccess
LogPluginManager: Mounting plugin PerforceSourceControl
LogPluginManager: Mounting plugin PixWinPlugin
LogPluginManager: Mounting plugin PlasticSourceControl
LogPluginManager: Mounting plugin RiderSourceCodeAccess
LogPluginManager: Mounting plugin PropertyAccessNode
LogPluginManager: Mounting plugin PluginUtils
LogPluginManager: Mounting plugin SubversionSourceControl
LogPluginManager: Mounting plugin TextureFormatOodle
LogPluginManager: Mounting plugin VisualStudioSourceCodeAccess
LogPluginManager: Mounting plugin VisualStudioCodeSourceCodeAccess
LogPluginManager: Mounting plugin XCodeSourceCodeAccess
LogPluginManager: Mounting plugin AssetManagerEditor
LogPluginManager: Mounting plugin CryptoKeys
LogPluginManager: Mounting plugin CurveEditorTools
LogPluginManager: Mounting plugin DataValidation
LogPluginManager: Mounting plugin FacialAnimation
LogPluginManager: Mounting plugin GameplayTagsEditor
LogPluginManager: Mounting plugin GeometryMode
LogPluginManager: Mounting plugin MacGraphicsSwitching
LogPluginManager: Mounting plugin MaterialAnalyzer
LogPluginManager: Mounting plugin UObjectPlugin
LogPluginManager: Mounting plugin MobileLauncherProfileWizard
LogPluginManager: Mounting plugin PluginBrowser
LogPluginManager: Mounting plugin SpeedTreeImporter
LogPluginManager: Mounting plugin DatasmithContent
LogPluginManager: Mounting plugin VariantManagerContent
LogPluginManager: Mounting plugin AlembicImporter
LogPluginManager: Mounting plugin AutomationUtils
LogPluginManager: Mounting plugin BackChannel
LogPluginManager: Mounting plugin ChaosCloth
LogPluginManager: Mounting plugin ChaosClothEditor
LogPluginManager: Mounting plugin ChaosNiagara
LogPluginManager: Mounting plugin ChaosSolverPlugin
LogPluginManager: Mounting plugin CharacterAI
LogPluginManager: Mounting plugin ChaosEditor
LogPluginManager: Mounting plugin GeometryCache
LogPluginManager: Mounting plugin GeometryCollectionPlugin
LogPluginManager: Mounting plugin GeometryProcessing
LogPluginManager: Mounting plugin OpenImageDenoise
LogPluginManager: Mounting plugin MotoSynth
LogPluginManager: Mounting plugin PlanarCut
LogPluginManager: Mounting plugin PlatformCrypto
LogPluginManager: Mounting plugin Niagara
LogPluginManager: Mounting plugin ProxyLODPlugin
LogPluginManager: Mounting plugin LuminPlatformFeatures
LogPluginManager: Mounting plugin MagicLeap
LogPluginManager: Mounting plugin PythonScriptPlugin
LogPluginManager: Mounting plugin MagicLeapLightEstimation
LogPluginManager: Mounting plugin MagicLeapMedia
LogPluginManager: Mounting plugin ControlRig
LogPluginManager: Mounting plugin MagicLeapPassableWorld
LogPluginManager: Mounting plugin SkeletalReduction
LogPluginManager: Mounting plugin MLSDK
LogPluginManager: Mounting plugin AndroidMedia
LogPluginManager: Mounting plugin AvfMedia
LogPluginManager: Mounting plugin ImgMedia
LogPluginManager: Mounting plugin MediaCompositing
LogPluginManager: Mounting plugin MediaPlayerEditor
LogPluginManager: Mounting plugin UdpMessaging
LogPluginManager: Mounting plugin TcpMessaging
LogPluginManager: Mounting plugin WebMMedia
LogPluginManager: Mounting plugin WmfMedia
LogPluginManager: Mounting plugin ActorSequence
LogPluginManager: Mounting plugin LevelSequenceEditor
LogPluginManager: Mounting plugin MatineeToLevelSequence
LogPluginManager: Mounting plugin TemplateSequence
LogPluginManager: Mounting plugin OnlineSubsystem
LogPluginManager: Mounting plugin OnlineSubsystemNull
LogPluginManager: Mounting plugin OnlineSubsystemUtils
LogPluginManager: Mounting plugin LauncherChunkInstaller
LogPluginManager: Mounting plugin ActorLayerUtilities
LogPluginManager: Mounting plugin AndroidDeviceProfileSelector
LogPluginManager: Mounting plugin AndroidMoviePlayer
LogPluginManager: Mounting plugin AndroidPermission
LogPluginManager: Mounting plugin AppleImageUtils
LogPluginManager: Mounting plugin AppleMoviePlayer
LogPluginManager: Mounting plugin ArchVisCharacter
LogPluginManager: Mounting plugin AudioCapture
LogPluginManager: Mounting plugin AssetTags
LogPluginManager: Mounting plugin AudioSynesthesia
LogPluginManager: Mounting plugin CableComponent
LogPluginManager: Mounting plugin ChunkDownloader
LogPluginManager: Mounting plugin CustomMeshComponent
LogPluginManager: Mounting plugin EditableMesh
LogPluginManager: Mounting plugin ExampleDeviceProfileSelector
LogPluginManager: Mounting plugin GooglePAD
LogPluginManager: Mounting plugin GoogleCloudMessaging
LogPluginManager: Mounting plugin IOSDeviceProfileSelector
LogPluginManager: Mounting plugin LocationServicesBPLibrary
LogPluginManager: Mounting plugin MobilePatchingUtils
LogPluginManager: Mounting plugin OpenXREyeTracker
LogPluginManager: Mounting plugin OpenXRHandTracking
LogPluginManager: Mounting plugin LinuxDeviceProfileSelector
LogPluginManager: Mounting plugin OpenXR
LogPluginManager: Mounting plugin PostSplashScreen
LogPluginManager: Mounting plugin PhysXVehicles
LogPluginManager: Mounting plugin ProceduralMeshComponent
LogPluginManager: Mounting plugin PropertyAccessEditor
LogPluginManager: Mounting plugin RuntimePhysXCooking
LogPluginManager: Mounting plugin SoundFields
LogPluginManager: Mounting plugin SignificanceManager
LogPluginManager: Mounting plugin Synthesis
LogPluginManager: Mounting plugin WebMMoviePlayer
LogPluginManager: Mounting plugin WindowsMoviePlayer
LogPluginManager: Mounting plugin ScreenshotTools
LogPluginManager: Mounting plugin Takes
LogPluginManager: Mounting plugin OodleData
LogPluginManager: Mounting plugin LightPropagationVolume
LogPluginManager: Mounting plugin OodleNetwork
LogPluginManager: Mounting plugin ContentBrowserAssetDataSource
LogPluginManager: Mounting plugin ContentBrowserFileDataSource
LogPluginManager: Mounting plugin ContentBrowserClassDataSource
LogPluginManager: Mounting plugin OnlineSubsystemGooglePlay
LogPluginManager: Mounting plugin OnlineSubsystemIOS
LogPluginManager: Mounting plugin OculusVR
LogPluginManager: Mounting plugin SteamVR
LogPluginManager: Mounting plugin ElectronicNodes
PixWinPlugin: PIX capture plugin failed to initialize! Check that the process is launched from PIX.
LogInit: Using libcurl 7.55.1-DEV
LogInit:  - built for x86_64-pc-win32
LogInit:  - supports SSL with OpenSSL/1.1.1
LogInit:  - supports HTTP deflate (compression) using libz 1.2.8
LogInit:  - other features:
LogInit:      CURL_VERSION_SSL
LogInit:      CURL_VERSION_LIBZ
LogInit:      CURL_VERSION_IPV6
LogInit:      CURL_VERSION_ASYNCHDNS
LogInit:      CURL_VERSION_LARGEFILE
LogInit:      CURL_VERSION_IDN
LogInit:  CurlRequestOptions (configurable via config and command line):
LogInit:  - bVerifyPeer = true  - Libcurl will verify peer certificate
LogInit:  - bUseHttpProxy = false  - Libcurl will NOT use HTTP proxy
LogInit:  - bDontReuseConnections = false  - Libcurl will reuse connections
LogInit:  - MaxHostConnections = 16  - Libcurl will limit the number of connections to a host
LogInit:  - LocalHostAddr = Default
LogInit:  - BufferSize = 65536
LogOnline: OSS: Creating online subsystem instance for: NULL
LogInit: WinSock: version 1.1 (2.2), MaxSocks=32767, MaxUdp=65467
LogOnline: OSS: TryLoadSubsystemAndSetDefault: Loaded subsystem for module [NULL]
LogInit: Build: ++UE4+Release-4.27-CL-18319896
LogInit: Engine Version: 4.27.2-18319896+++UE4+Release-4.27
LogInit: Compatible Engine Version: 4.27.0-17155196+++UE4+Release-4.27
LogInit: Net CL: 17155196
LogInit: OS: Windows 10 (Release 2009) (), CPU: AMD Ryzen 5 3600 6-Core Processor              , GPU: NVIDIA GeForce GTX 1070
LogInit: Compiled (64-bit): Nov 30 2021 07:12:08
LogInit: Compiled with Visual C++: 19.24.28315.00
LogInit: Build Configuration: Development
LogInit: Branch Name: ++UE4+Release-4.27
LogInit: Command Line:  "M:/Unreal Engine 4/Project/CastleOfSecrets/CastleOfSecrets.uproject" -run=GatherText -config=Config/Localization/Game_Compile.ini
LogInit: Base Directory: M:/Unreal Engine 4/UE_4.27/Engine/Binaries/Win64/
LogInit: Allocator: TBB
LogInit: Installed Engine Build: 1
LogDevObjectVersion: Number of dev versions registered: 29
LogDevObjectVersion:   Dev-Blueprints (B0D832E4-1F89-4F0D-ACCF-7EB736FD4AA2): 10
LogDevObjectVersion:   Dev-Build (E1C64328-A22C-4D53-A36C-8E866417BD8C): 0
LogDevObjectVersion:   Dev-Core (375EC13C-06E4-48FB-B500-84F0262A717E): 4
LogDevObjectVersion:   Dev-Editor (E4B068ED-F494-42E9-A231-DA0B2E46BB41): 40
LogDevObjectVersion:   Dev-Framework (CFFC743F-43B0-4480-9391-14DF171D2073): 37
LogDevObjectVersion:   Dev-Mobile (B02B49B5-BB20-44E9-A304-32B752E40360): 3
LogDevObjectVersion:   Dev-Networking (A4E4105C-59A1-49B5-A7C5-40C4547EDFEE): 0
LogDevObjectVersion:   Dev-Online (39C831C9-5AE6-47DC-9A44-9C173E1C8E7C): 0
LogDevObjectVersion:   Dev-Physics (78F01B33-EBEA-4F98-B9B4-84EACCB95AA2): 14
LogDevObjectVersion:   Dev-Platform (6631380F-2D4D-43E0-8009-CF276956A95A): 0
LogDevObjectVersion:   Dev-Rendering (12F88B9F-8875-4AFC-A67C-D90C383ABD29): 45
LogDevObjectVersion:   Dev-Sequencer (7B5AE74C-D270-4C10-A958-57980B212A5A): 13
LogDevObjectVersion:   Dev-VR (D7296918-1DD6-4BDD-9DE2-64A83CC13884): 3
LogDevObjectVersion:   Dev-LoadTimes (C2A15278-BFE7-4AFE-6C17-90FF531DF755): 1
LogDevObjectVersion:   Private-Geometry (6EACA3D4-40EC-4CC1-B786-8BED09428FC5): 3
LogDevObjectVersion:   Dev-AnimPhys (29E575DD-E0A3-4627-9D10-D276232CDCEA): 17
LogDevObjectVersion:   Dev-Anim (AF43A65D-7FD3-4947-9873-3E8ED9C1BB05): 15
LogDevObjectVersion:   Dev-ReflectionCapture (6B266CEC-1EC7-4B8F-A30B-E4D90942FC07): 1
LogDevObjectVersion:   Dev-Automation (0DF73D61-A23F-47EA-B727-89E90C41499A): 1
LogDevObjectVersion:   FortniteMain (601D1886-AC64-4F84-AA16-D3DE0DEAC7D6): 47
LogDevObjectVersion:   FortniteRelease (E7086368-6B23-4C58-8439-1B7016265E91): 1
LogDevObjectVersion:   Dev-Enterprise (9DFFBCD6-494F-0158-E221-12823C92A888): 10
LogDevObjectVersion:   Dev-Niagara (F2AED0AC-9AFE-416F-8664-AA7FFA26D6FC): 1
LogDevObjectVersion:   Dev-Destruction (174F1F0B-B4C6-45A5-B13F-2EE8D0FB917D): 10
LogDevObjectVersion:   Dev-Physics-Ext (35F94A83-E258-406C-A318-09F59610247C): 41
LogDevObjectVersion:   Dev-PhysicsMaterial-Chaos (B68FC16E-8B1B-42E2-B453-215C058844FE): 1
LogDevObjectVersion:   Dev-CineCamera (B2E18506-4273-CFC2-A54E-F4BB758BBA07): 1
LogDevObjectVersion:   Dev-VirtualProduction (64F58936-FD1B-42BA-BA96-7289D5D0FA4E): 1
LogDevObjectVersion:   Dev-MediaFramework (6F0ED827-A609-4895-9C91-998D90180EA4): 2
LogInit: Presizing for max 25165824 objects, including 0 objects not considered by GC, pre-allocating 0 bytes for permanent pool.
LogConfig: Applying CVar settings from Section [/Script/Engine.StreamingSettings] File [M:/Unreal Engine 4/Project/CastleOfSecrets/Saved/Config/Windows/Engine.ini]
LogConfig: Setting CVar [[s.MinBulkDataSizeForAsyncLoading:131072]]
LogConfig: Setting CVar [[s.AsyncLoadingThreadEnabled:0]]
LogConfig: Setting CVar [[s.EventDrivenLoaderEnabled:1]]
LogConfig: Setting CVar [[s.WarnIfTimeLimitExceeded:0]]
LogConfig: Setting CVar [[s.TimeLimitExceededMultiplier:1.5]]
LogConfig: Setting CVar [[s.TimeLimitExceededMinTime:0.005]]
LogConfig: Setting CVar [[s.UseBackgroundLevelStreaming:1]]
LogConfig: Setting CVar [[s.PriorityAsyncLoadingExtraTime:15.0]]
LogConfig: Setting CVar [[s.LevelStreamingActorsUpdateTimeLimit:5.0]]
LogConfig: Setting CVar [[s.PriorityLevelStreamingActorsUpdateExtraTime:5.0]]
LogConfig: Setting CVar [[s.LevelStreamingComponentsRegistrationGranularity:10]]
LogConfig: Setting CVar [[s.UnregisterComponentsTimeLimit:1.0]]
LogConfig: Setting CVar [[s.LevelStreamingComponentsUnregistrationGranularity:5]]
LogConfig: Setting CVar [[s.FlushStreamingOnExit:1]]
LogInit: Object subsystem initialized
LogConfig: Setting CVar [[con.DebugEarlyDefault:1]]
LogConfig: Setting CVar [[r.setres:1280x720]]
[2022.05.30-11.14.32:603][  0]LogConfig: Setting CVar [[con.DebugEarlyDefault:1]]
[2022.05.30-11.14.32:603][  0]LogConfig: Setting CVar [[r.setres:1280x720]]
[2022.05.30-11.14.32:603][  0]LogConfig: Applying CVar settings from Section [/Script/Engine.RendererSettings] File [M:/Unreal Engine 4/Project/CastleOfSecrets/Saved/Config/Windows/Engine.ini]
[2022.05.30-11.14.32:603][  0]LogConfig: Setting CVar [[r.GPUCrashDebugging:0]]
[2022.05.30-11.14.32:603][  0]LogConfig: Setting CVar [[r.TextureStreaming:0]]
[2022.05.30-11.14.32:603][  0]LogConfig: Applying CVar settings from Section [/Script/Engine.RendererOverrideSettings] File [M:/Unreal Engine 4/Project/CastleOfSecrets/Saved/Config/Windows/Engine.ini]
[2022.05.30-11.14.32:603][  0]LogConfig: Applying CVar settings from Section [/Script/Engine.StreamingSettings] File [M:/Unreal Engine 4/Project/CastleOfSecrets/Saved/Config/Windows/Engine.ini]
[2022.05.30-11.14.32:604][  0]LogConfig: Setting CVar [[s.MinBulkDataSizeForAsyncLoading:131072]]
[2022.05.30-11.14.32:604][  0]LogConfig: Setting CVar [[s.AsyncLoadingThreadEnabled:0]]
[2022.05.30-11.14.32:604][  0]LogConfig: Setting CVar [[s.EventDrivenLoaderEnabled:1]]
[2022.05.30-11.14.32:604][  0]LogConfig: Setting CVar [[s.WarnIfTimeLimitExceeded:0]]
[2022.05.30-11.14.32:604][  0]LogConfig: Setting CVar [[s.TimeLimitExceededMultiplier:1.5]]
[2022.05.30-11.14.32:604][  0]LogConfig: Setting CVar [[s.TimeLimitExceededMinTime:0.005]]
[2022.05.30-11.14.32:604][  0]LogConfig: Setting CVar [[s.UseBackgroundLevelStreaming:1]]
[2022.05.30-11.14.32:604][  0]LogConfig: Setting CVar [[s.PriorityAsyncLoadingExtraTime:15.0]]
[2022.05.30-11.14.32:604][  0]LogConfig: Setting CVar [[s.LevelStreamingActorsUpdateTimeLimit:5.0]]
[2022.05.30-11.14.32:604][  0]LogConfig: Setting CVar [[s.PriorityLevelStreamingActorsUpdateExtraTime:5.0]]
[2022.05.30-11.14.32:604][  0]LogConfig: Setting CVar [[s.LevelStreamingComponentsRegistrationGranularity:10]]
[2022.05.30-11.14.32:604][  0]LogConfig: Setting CVar [[s.UnregisterComponentsTimeLimit:1.0]]
[2022.05.30-11.14.32:604][  0]LogConfig: Setting CVar [[s.LevelStreamingComponentsUnregistrationGranularity:5]]
[2022.05.30-11.14.32:604][  0]LogConfig: Setting CVar [[s.FlushStreamingOnExit:1]]
[2022.05.30-11.14.32:604][  0]LogConfig: Applying CVar settings from Section [/Script/Engine.GarbageCollectionSettings] File [M:/Unreal Engine 4/Project/CastleOfSecrets/Saved/Config/Windows/Engine.ini]
[2022.05.30-11.14.32:604][  0]LogConfig: Setting CVar [[gc.MaxObjectsNotConsideredByGC:1]]
[2022.05.30-11.14.32:604][  0]LogConfig: Setting CVar [[gc.SizeOfPermanentObjectPool:0]]
[2022.05.30-11.14.32:604][  0]LogConfig: Setting CVar [[gc.FlushStreamingOnGC:0]]
[2022.05.30-11.14.32:604][  0]LogConfig: Setting CVar [[gc.NumRetriesBeforeForcingGC:10]]
[2022.05.30-11.14.32:604][  0]LogConfig: Setting CVar [[gc.AllowParallelGC:1]]
[2022.05.30-11.14.32:604][  0]LogConfig: Setting CVar [[gc.TimeBetweenPurgingPendingKillObjects:61.1]]
[2022.05.30-11.14.32:604][  0]LogConfig: Setting CVar [[gc.MaxObjectsInEditor:25165824]]
[2022.05.30-11.14.32:604][  0]LogConfig: Setting CVar [[gc.IncrementalBeginDestroyEnabled:1]]
[2022.05.30-11.14.32:604][  0]LogConfig: Setting CVar [[gc.CreateGCClusters:1]]
[2022.05.30-11.14.32:604][  0]LogConfig: Setting CVar [[gc.MinGCClusterSize:5]]
[2022.05.30-11.14.32:604][  0]LogConfig: Setting CVar [[gc.ActorClusteringEnabled:0]]
[2022.05.30-11.14.32:604][  0]LogConfig: Setting CVar [[gc.BlueprintClusteringEnabled:0]]
[2022.05.30-11.14.32:604][  0]LogConfig: Setting CVar [[gc.UseDisregardForGCOnDedicatedServers:0]]
[2022.05.30-11.14.32:604][  0]LogConfig: Setting CVar [[gc.MultithreadedDestructionEnabled:1]]
[2022.05.30-11.14.32:604][  0]LogConfig: Applying CVar settings from Section [/Script/Engine.NetworkSettings] File [M:/Unreal Engine 4/Project/CastleOfSecrets/Saved/Config/Windows/Engine.ini]
[2022.05.30-11.14.32:604][  0]LogConfig: Applying CVar settings from Section [/Script/UnrealEd.CookerSettings] File [M:/Unreal Engine 4/Project/CastleOfSecrets/Saved/Config/Windows/Engine.ini]
[2022.05.30-11.14.32:604][  0]LogConfig: Applying CVar settings from Section [ViewDistanceQuality@3] File [M:/Unreal Engine 4/Project/CastleOfSecrets/Saved/Config/Windows/Scalability.ini]
[2022.05.30-11.14.32:604][  0]LogConfig: Setting CVar [[r.SkeletalMeshLODBias:0]]
[2022.05.30-11.14.32:604][  0]LogConfig: Setting CVar [[r.ViewDistanceScale:1.0]]
[2022.05.30-11.14.32:604][  0]LogConfig: Applying CVar settings from Section [AntiAliasingQuality@3] File [M:/Unreal Engine 4/Project/CastleOfSecrets/Saved/Config/Windows/Scalability.ini]
[2022.05.30-11.14.32:604][  0]LogConfig: Setting CVar [[r.PostProcessAAQuality:4]]
[2022.05.30-11.14.32:604][  0]LogConfig: Applying CVar settings from Section [ShadowQuality@3] File [M:/Unreal Engine 4/Project/CastleOfSecrets/Saved/Config/Windows/Scalability.ini]
[2022.05.30-11.14.32:604][  0]LogConfig: Setting CVar [[r.LightFunctionQuality:1]]
[2022.05.30-11.14.32:604][  0]LogConfig: Setting CVar [[r.ShadowQuality:5]]
[2022.05.30-11.14.32:604][  0]LogConfig: Setting CVar [[r.Shadow.CSM.MaxCascades:10]]
[2022.05.30-11.14.32:604][  0]LogConfig: Setting CVar [[r.Shadow.MaxResolution:2048]]
[2022.05.30-11.14.32:604][  0]LogConfig: Setting CVar [[r.Shadow.MaxCSMResolution:2048]]
[2022.05.30-11.14.32:604][  0]LogConfig: Setting CVar [[r.Shadow.RadiusThreshold:0.01]]
[2022.05.30-11.14.32:604][  0]LogConfig: Setting CVar [[r.Shadow.DistanceScale:1.0]]
[2022.05.30-11.14.32:604][  0]LogConfig: Setting CVar [[r.Shadow.CSM.TransitionScale:1.0]]
[2022.05.30-11.14.32:604][  0]LogConfig: Setting CVar [[r.Shadow.PreShadowResolutionFactor:1.0]]
[2022.05.30-11.14.32:604][  0]LogConfig: Setting CVar [[r.DistanceFieldShadowing:1]]
[2022.05.30-11.14.32:604][  0]LogConfig: Setting CVar [[r.DistanceFieldAO:1]]
[2022.05.30-11.14.32:604][  0]LogConfig: Setting CVar [[r.AOQuality:2]]
[2022.05.30-11.14.32:604][  0]LogConfig: Setting CVar [[r.VolumetricFog:1]]
[2022.05.30-11.14.32:604][  0]LogConfig: Setting CVar [[r.VolumetricFog.GridPixelSize:8]]
[2022.05.30-11.14.32:604][  0]LogConfig: Setting CVar [[r.VolumetricFog.GridSizeZ:128]]
[2022.05.30-11.14.32:604][  0]LogConfig: Setting CVar [[r.VolumetricFog.HistoryMissSupersampleCount:4]]
[2022.05.30-11.14.32:604][  0]LogConfig: Setting CVar [[r.LightMaxDrawDistanceScale:1]]
[2022.05.30-11.14.32:604][  0]LogConfig: Setting CVar [[r.CapsuleShadows:1]]
[2022.05.30-11.14.32:604][  0]LogConfig: Applying CVar settings from Section [PostProcessQuality@3] File [M:/Unreal Engine 4/Project/CastleOfSecrets/Saved/Config/Windows/Scalability.ini]
[2022.05.30-11.14.32:604][  0]LogConfig: Setting CVar [[r.MotionBlurQuality:4]]
[2022.05.30-11.14.32:604][  0]LogConfig: Setting CVar [[r.AmbientOcclusionMipLevelFactor:0.4]]
[2022.05.30-11.14.32:604][  0]LogConfig: Setting CVar [[r.AmbientOcclusionMaxQuality:100]]
[2022.05.30-11.14.32:604][  0]LogConfig: Setting CVar [[r.AmbientOcclusionLevels:-1]]
[2022.05.30-11.14.32:604][  0]LogConfig: Setting CVar [[r.AmbientOcclusionRadiusScale:1.0]]
[2022.05.30-11.14.32:604][  0]LogConfig: Setting CVar [[r.DepthOfFieldQuality:2]]
[2022.05.30-11.14.32:604][  0]LogConfig: Setting CVar [[r.RenderTargetPoolMin:400]]
[2022.05.30-11.14.32:604][  0]LogConfig: Setting CVar [[r.LensFlareQuality:2]]
[2022.05.30-11.14.32:604][  0]LogConfig: Setting CVar [[r.SceneColorFringeQuality:1]]
[2022.05.30-11.14.32:604][  0]LogConfig: Setting CVar [[r.EyeAdaptationQuality:2]]
[2022.05.30-11.14.32:604][  0]LogConfig: Setting CVar [[r.BloomQuality:5]]
[2022.05.30-11.14.32:604][  0]LogConfig: Setting CVar [[r.FastBlurThreshold:100]]
[2022.05.30-11.14.32:604][  0]LogConfig: Setting CVar [[r.Upscale.Quality:3]]
[2022.05.30-11.14.32:604][  0]LogConfig: Setting CVar [[r.Tonemapper.GrainQuantization:1]]
[2022.05.30-11.14.32:604][  0]LogConfig: Setting CVar [[r.LightShaftQuality:1]]
[2022.05.30-11.14.32:604][  0]LogConfig: Setting CVar [[r.Filter.SizeScale:1]]
[2022.05.30-11.14.32:604][  0]LogConfig: Setting CVar [[r.Tonemapper.Quality:5]]
[2022.05.30-11.14.32:604][  0]LogConfig: Setting CVar [[r.DOF.Gather.AccumulatorQuality:1        ; higher gathering accumulator quality]]
[2022.05.30-11.14.32:604][  0]LogConfig: Setting CVar [[r.DOF.Gather.PostfilterMethod:1          ; Median3x3 postfilering method]]
[2022.05.30-11.14.32:604][  0]LogConfig: Setting CVar [[r.DOF.Gather.EnableBokehSettings:0       ; no bokeh simulation when gathering]]
[2022.05.30-11.14.32:604][  0]LogConfig: Setting CVar [[r.DOF.Gather.RingCount:4                 ; medium number of samples when gathering]]
[2022.05.30-11.14.32:604][  0]LogConfig: Setting CVar [[r.DOF.Scatter.ForegroundCompositing:1    ; additive foreground scattering]]
[2022.05.30-11.14.32:604][  0]LogConfig: Setting CVar [[r.DOF.Scatter.BackgroundCompositing:2    ; additive background scattering]]
[2022.05.30-11.14.32:604][  0]LogConfig: Setting CVar [[r.DOF.Scatter.EnableBokehSettings:1      ; bokeh simulation when scattering]]
[2022.05.30-11.14.32:605][  0]LogConfig: Setting CVar [[r.DOF.Scatter.MaxSpriteRatio:0.1         ; only a maximum of 10% of scattered bokeh]]
[2022.05.30-11.14.32:605][  0]LogConfig: Setting CVar [[r.DOF.Recombine.Quality:1                ; cheap slight out of focus]]
[2022.05.30-11.14.32:605][  0]LogConfig: Setting CVar [[r.DOF.Recombine.EnableBokehSettings:0    ; no bokeh simulation on slight out of focus]]
[2022.05.30-11.14.32:605][  0]LogConfig: Setting CVar [[r.DOF.TemporalAAQuality:1                ; more stable temporal accumulation]]
[2022.05.30-11.14.32:605][  0]LogConfig: Setting CVar [[r.DOF.Kernel.MaxForegroundRadius:0.025]]
[2022.05.30-11.14.32:605][  0]LogConfig: Setting CVar [[r.DOF.Kernel.MaxBackgroundRadius:0.025]]
[2022.05.30-11.14.32:605][  0]LogConfig: Applying CVar settings from Section [TextureQuality@3] File [M:/Unreal Engine 4/Project/CastleOfSecrets/Saved/Config/Windows/Scalability.ini]
[2022.05.30-11.14.32:605][  0]LogConfig: Setting CVar [[r.Streaming.MipBias:0]]
[2022.05.30-11.14.32:605][  0]LogConfig: Setting CVar [[r.Streaming.AmortizeCPUToGPUCopy:0]]
[2022.05.30-11.14.32:605][  0]LogConfig: Setting CVar [[r.Streaming.MaxNumTexturesToStreamPerFrame:0]]
[2022.05.30-11.14.32:605][  0]LogConfig: Setting CVar [[r.Streaming.Boost:1]]
[2022.05.30-11.14.32:605][  0]LogConfig: Setting CVar [[r.MaxAnisotropy:8]]
[2022.05.30-11.14.32:605][  0]LogConfig: Setting CVar [[r.VT.MaxAnisotropy:8]]
[2022.05.30-11.14.32:605][  0]LogConfig: Setting CVar [[r.Streaming.LimitPoolSizeToVRAM:0]]
[2022.05.30-11.14.32:605][  0]LogConfig: Setting CVar [[r.Streaming.PoolSize:1000]]
[2022.05.30-11.14.32:605][  0]LogConfig: Setting CVar [[r.Streaming.MaxEffectiveScreenSize:0]]
[2022.05.30-11.14.32:605][  0]LogConfig: Applying CVar settings from Section [EffectsQuality@3] File [M:/Unreal Engine 4/Project/CastleOfSecrets/Saved/Config/Windows/Scalability.ini]
[2022.05.30-11.14.32:605][  0]LogConfig: Setting CVar [[r.TranslucencyLightingVolumeDim:64]]
[2022.05.30-11.14.32:605][  0]LogConfig: Setting CVar [[r.RefractionQuality:2]]
[2022.05.30-11.14.32:605][  0]LogConfig: Setting CVar [[r.SSR.Quality:3]]
[2022.05.30-11.14.32:605][  0]LogConfig: Setting CVar [[r.SSR.HalfResSceneColor:0]]
[2022.05.30-11.14.32:605][  0]LogConfig: Setting CVar [[r.SceneColorFormat:4]]
[2022.05.30-11.14.32:605][  0]LogConfig: Setting CVar [[r.DetailMode:2]]
[2022.05.30-11.14.32:605][  0]LogConfig: Setting CVar [[r.TranslucencyVolumeBlur:1]]
[2022.05.30-11.14.32:605][  0]LogConfig: Setting CVar [[r.MaterialQualityLevel:1 ; High quality]]
[2022.05.30-11.14.32:605][  0]LogConfig: Setting CVar [[r.AnisotropicMaterials:1]]
[2022.05.30-11.14.32:605][  0]LogConfig: Setting CVar [[r.SSS.Scale:1]]
[2022.05.30-11.14.32:605][  0]LogConfig: Setting CVar [[r.SSS.SampleSet:2]]
[2022.05.30-11.14.32:605][  0]LogConfig: Setting CVar [[r.SSS.Quality:1]]
[2022.05.30-11.14.32:605][  0]LogConfig: Setting CVar [[r.SSS.HalfRes:0]]
[2022.05.30-11.14.32:605][  0]LogConfig: Setting CVar [[r.SSGI.Quality:3]]
[2022.05.30-11.14.32:605][  0]LogConfig: Setting CVar [[r.EmitterSpawnRateScale:1.0]]
[2022.05.30-11.14.32:605][  0]LogConfig: Setting CVar [[r.ParticleLightQuality:2]]
[2022.05.30-11.14.32:605][  0]LogConfig: Setting CVar [[r.SkyAtmosphere.AerialPerspectiveLUT.FastApplyOnOpaque:1 ; Always have FastSkyLUT 1 in this case to avoid wrong sky]]
[2022.05.30-11.14.32:605][  0]LogConfig: Setting CVar [[r.SkyAtmosphere.AerialPerspectiveLUT.SampleCountMaxPerSlice:4]]
[2022.05.30-11.14.32:605][  0]LogConfig: Setting CVar [[r.SkyAtmosphere.AerialPerspectiveLUT.DepthResolution:16.0]]
[2022.05.30-11.14.32:605][  0]LogConfig: Setting CVar [[r.SkyAtmosphere.FastSkyLUT:1]]
[2022.05.30-11.14.32:605][  0]LogConfig: Setting CVar [[r.SkyAtmosphere.FastSkyLUT.SampleCountMin:4.0]]
[2022.05.30-11.14.32:605][  0]LogConfig: Setting CVar [[r.SkyAtmosphere.FastSkyLUT.SampleCountMax:128.0]]
[2022.05.30-11.14.32:605][  0]LogConfig: Setting CVar [[r.SkyAtmosphere.SampleCountMin:4.0]]
[2022.05.30-11.14.32:605][  0]LogConfig: Setting CVar [[r.SkyAtmosphere.SampleCountMax:128.0]]
[2022.05.30-11.14.32:605][  0]LogConfig: Setting CVar [[r.SkyAtmosphere.TransmittanceLUT.UseSmallFormat:0]]
[2022.05.30-11.14.32:605][  0]LogConfig: Setting CVar [[r.SkyAtmosphere.TransmittanceLUT.SampleCount:10.0]]
[2022.05.30-11.14.32:605][  0]LogConfig: Setting CVar [[r.SkyAtmosphere.MultiScatteringLUT.SampleCount:15.0]]
[2022.05.30-11.14.32:605][  0]LogConfig: Setting CVar [[r.SkyLight.RealTimeReflectionCapture:1]]
[2022.05.30-11.14.32:605][  0]LogConfig: Applying CVar settings from Section [FoliageQuality@3] File [M:/Unreal Engine 4/Project/CastleOfSecrets/Saved/Config/Windows/Scalability.ini]
[2022.05.30-11.14.32:605][  0]LogConfig: Setting CVar [[foliage.DensityScale:1.0]]
[2022.05.30-11.14.32:605][  0]LogConfig: Setting CVar [[grass.DensityScale:1.0]]
[2022.05.30-11.14.32:605][  0]LogConfig: Applying CVar settings from Section [ShadingQuality@3] File [M:/Unreal Engine 4/Project/CastleOfSecrets/Saved/Config/Windows/Scalability.ini]
[2022.05.30-11.14.32:605][  0]LogConfig: Setting CVar [[r.HairStrands.SkyLighting.IntegrationType:2]]
[2022.05.30-11.14.32:605][  0]LogConfig: Setting CVar [[r.HairStrands.SkyAO.SampleCount:4]]
[2022.05.30-11.14.32:605][  0]LogConfig: Setting CVar [[r.HairStrands.Visibility.MSAA.SamplePerPixel:4]]
[2022.05.30-11.14.32:608][  0]LogInit: Selected Device Profile: [Windows]
[2022.05.30-11.14.32:608][  0]LogInit: Applying CVar settings loaded from the selected device profile: [Windows]
[2022.05.30-11.14.32:608][  0]LogHAL: Display: Platform has ~ 16 GB [17128402944 / 17179869184 / 16], which maps to Larger [LargestMinGB=32, LargerMinGB=12, DefaultMinGB=8, SmallerMinGB=6, SmallestMinGB=0)
[2022.05.30-11.14.32:608][  0]LogInit: Going up to parent DeviceProfile []
[2022.05.30-11.14.32:608][  0]LogConfig: Applying CVar settings from Section [ViewDistanceQuality@3] File [M:/Unreal Engine 4/Project/CastleOfSecrets/Saved/Config/Windows/Scalability.ini]
[2022.05.30-11.14.32:608][  0]LogConfig: Setting CVar [[r.SkeletalMeshLODBias:0]]
[2022.05.30-11.14.32:608][  0]LogConfig: Setting CVar [[r.ViewDistanceScale:1.0]]
[2022.05.30-11.14.32:608][  0]LogConfig: Applying CVar settings from Section [AntiAliasingQuality@3] File [M:/Unreal Engine 4/Project/CastleOfSecrets/Saved/Config/Windows/Scalability.ini]
[2022.05.30-11.14.32:608][  0]LogConfig: Setting CVar [[r.PostProcessAAQuality:4]]
[2022.05.30-11.14.32:608][  0]LogConfig: Applying CVar settings from Section [ShadowQuality@3] File [M:/Unreal Engine 4/Project/CastleOfSecrets/Saved/Config/Windows/Scalability.ini]
[2022.05.30-11.14.32:608][  0]LogConfig: Setting CVar [[r.LightFunctionQuality:1]]
[2022.05.30-11.14.32:608][  0]LogConfig: Setting CVar [[r.ShadowQuality:5]]
[2022.05.30-11.14.32:608][  0]LogConfig: Setting CVar [[r.Shadow.CSM.MaxCascades:10]]
[2022.05.30-11.14.32:608][  0]LogConfig: Setting CVar [[r.Shadow.MaxResolution:2048]]
[2022.05.30-11.14.32:608][  0]LogConfig: Setting CVar [[r.Shadow.MaxCSMResolution:2048]]
[2022.05.30-11.14.32:608][  0]LogConfig: Setting CVar [[r.Shadow.RadiusThreshold:0.01]]
[2022.05.30-11.14.32:608][  0]LogConfig: Setting CVar [[r.Shadow.DistanceScale:1.0]]
[2022.05.30-11.14.32:608][  0]LogConfig: Setting CVar [[r.Shadow.CSM.TransitionScale:1.0]]
[2022.05.30-11.14.32:608][  0]LogConfig: Setting CVar [[r.Shadow.PreShadowResolutionFactor:1.0]]
[2022.05.30-11.14.32:608][  0]LogConfig: Setting CVar [[r.DistanceFieldShadowing:1]]
[2022.05.30-11.14.32:608][  0]LogConfig: Setting CVar [[r.DistanceFieldAO:1]]
[2022.05.30-11.14.32:608][  0]LogConfig: Setting CVar [[r.AOQuality:2]]
[2022.05.30-11.14.32:608][  0]LogConfig: Setting CVar [[r.VolumetricFog:1]]
[2022.05.30-11.14.32:608][  0]LogConfig: Setting CVar [[r.VolumetricFog.GridPixelSize:8]]
[2022.05.30-11.14.32:608][  0]LogConfig: Setting CVar [[r.VolumetricFog.GridSizeZ:128]]
[2022.05.30-11.14.32:608][  0]LogConfig: Setting CVar [[r.VolumetricFog.HistoryMissSupersampleCount:4]]
[2022.05.30-11.14.32:608][  0]LogConfig: Setting CVar [[r.LightMaxDrawDistanceScale:1]]
[2022.05.30-11.14.32:608][  0]LogConfig: Setting CVar [[r.CapsuleShadows:1]]
[2022.05.30-11.14.32:608][  0]LogConfig: Applying CVar settings from Section [PostProcessQuality@3] File [M:/Unreal Engine 4/Project/CastleOfSecrets/Saved/Config/Windows/Scalability.ini]
[2022.05.30-11.14.32:608][  0]LogConfig: Setting CVar [[r.MotionBlurQuality:4]]
[2022.05.30-11.14.32:608][  0]LogConfig: Setting CVar [[r.AmbientOcclusionMipLevelFactor:0.4]]
[2022.05.30-11.14.32:608][  0]LogConfig: Setting CVar [[r.AmbientOcclusionMaxQuality:100]]
[2022.05.30-11.14.32:608][  0]LogConfig: Setting CVar [[r.AmbientOcclusionLevels:-1]]
[2022.05.30-11.14.32:608][  0]LogConfig: Setting CVar [[r.AmbientOcclusionRadiusScale:1.0]]
[2022.05.30-11.14.32:608][  0]LogConfig: Setting CVar [[r.DepthOfFieldQuality:2]]
[2022.05.30-11.14.32:608][  0]LogConfig: Setting CVar [[r.RenderTargetPoolMin:400]]
[2022.05.30-11.14.32:608][  0]LogConfig: Setting CVar [[r.LensFlareQuality:2]]
[2022.05.30-11.14.32:608][  0]LogConfig: Setting CVar [[r.SceneColorFringeQuality:1]]
[2022.05.30-11.14.32:608][  0]LogConfig: Setting CVar [[r.EyeAdaptationQuality:2]]
[2022.05.30-11.14.32:608][  0]LogConfig: Setting CVar [[r.BloomQuality:5]]
[2022.05.30-11.14.32:608][  0]LogConfig: Setting CVar [[r.FastBlurThreshold:100]]
[2022.05.30-11.14.32:608][  0]LogConfig: Setting CVar [[r.Upscale.Quality:3]]
[2022.05.30-11.14.32:608][  0]LogConfig: Setting CVar [[r.Tonemapper.GrainQuantization:1]]
[2022.05.30-11.14.32:608][  0]LogConfig: Setting CVar [[r.LightShaftQuality:1]]
[2022.05.30-11.14.32:608][  0]LogConfig: Setting CVar [[r.Filter.SizeScale:1]]
[2022.05.30-11.14.32:608][  0]LogConfig: Setting CVar [[r.Tonemapper.Quality:5]]
[2022.05.30-11.14.32:608][  0]LogConfig: Setting CVar [[r.DOF.Gather.AccumulatorQuality:1        ; higher gathering accumulator quality]]
[2022.05.30-11.14.32:608][  0]LogConfig: Setting CVar [[r.DOF.Gather.PostfilterMethod:1          ; Median3x3 postfilering method]]
[2022.05.30-11.14.32:608][  0]LogConfig: Setting CVar [[r.DOF.Gather.EnableBokehSettings:0       ; no bokeh simulation when gathering]]
[2022.05.30-11.14.32:608][  0]LogConfig: Setting CVar [[r.DOF.Gather.RingCount:4                 ; medium number of samples when gathering]]
[2022.05.30-11.14.32:608][  0]LogConfig: Setting CVar [[r.DOF.Scatter.ForegroundCompositing:1    ; additive foreground scattering]]
[2022.05.30-11.14.32:608][  0]LogConfig: Setting CVar [[r.DOF.Scatter.BackgroundCompositing:2    ; additive background scattering]]
[2022.05.30-11.14.32:608][  0]LogConfig: Setting CVar [[r.DOF.Scatter.EnableBokehSettings:1      ; bokeh simulation when scattering]]
[2022.05.30-11.14.32:608][  0]LogConfig: Setting CVar [[r.DOF.Scatter.MaxSpriteRatio:0.1         ; only a maximum of 10% of scattered bokeh]]
[2022.05.30-11.14.32:608][  0]LogConfig: Setting CVar [[r.DOF.Recombine.Quality:1                ; cheap slight out of focus]]
[2022.05.30-11.14.32:608][  0]LogConfig: Setting CVar [[r.DOF.Recombine.EnableBokehSettings:0    ; no bokeh simulation on slight out of focus]]
[2022.05.30-11.14.32:608][  0]LogConfig: Setting CVar [[r.DOF.TemporalAAQuality:1                ; more stable temporal accumulation]]
[2022.05.30-11.14.32:608][  0]LogConfig: Setting CVar [[r.DOF.Kernel.MaxForegroundRadius:0.025]]
[2022.05.30-11.14.32:608][  0]LogConfig: Setting CVar [[r.DOF.Kernel.MaxBackgroundRadius:0.025]]
[2022.05.30-11.14.32:608][  0]LogConfig: Applying CVar settings from Section [TextureQuality@3] File [M:/Unreal Engine 4/Project/CastleOfSecrets/Saved/Config/Windows/Scalability.ini]
[2022.05.30-11.14.32:608][  0]LogConfig: Setting CVar [[r.Streaming.MipBias:0]]
[2022.05.30-11.14.32:608][  0]LogConfig: Setting CVar [[r.Streaming.AmortizeCPUToGPUCopy:0]]
[2022.05.30-11.14.32:608][  0]LogConfig: Setting CVar [[r.Streaming.MaxNumTexturesToStreamPerFrame:0]]
[2022.05.30-11.14.32:608][  0]LogConfig: Setting CVar [[r.Streaming.Boost:1]]
[2022.05.30-11.14.32:608][  0]LogConfig: Setting CVar [[r.MaxAnisotropy:8]]
[2022.05.30-11.14.32:608][  0]LogConfig: Setting CVar [[r.VT.MaxAnisotropy:8]]
[2022.05.30-11.14.32:608][  0]LogConfig: Setting CVar [[r.Streaming.LimitPoolSizeToVRAM:0]]
[2022.05.30-11.14.32:608][  0]LogConfig: Setting CVar [[r.Streaming.PoolSize:1000]]
[2022.05.30-11.14.32:608][  0]LogConfig: Setting CVar [[r.Streaming.MaxEffectiveScreenSize:0]]
[2022.05.30-11.14.32:608][  0]LogConfig: Applying CVar settings from Section [EffectsQuality@3] File [M:/Unreal Engine 4/Project/CastleOfSecrets/Saved/Config/Windows/Scalability.ini]
[2022.05.30-11.14.32:608][  0]LogConfig: Setting CVar [[r.TranslucencyLightingVolumeDim:64]]
[2022.05.30-11.14.32:608][  0]LogConfig: Setting CVar [[r.RefractionQuality:2]]
[2022.05.30-11.14.32:608][  0]LogConfig: Setting CVar [[r.SSR.Quality:3]]
[2022.05.30-11.14.32:608][  0]LogConfig: Setting CVar [[r.SSR.HalfResSceneColor:0]]
[2022.05.30-11.14.32:609][  0]LogConfig: Setting CVar [[r.SceneColorFormat:4]]
[2022.05.30-11.14.32:609][  0]LogConfig: Setting CVar [[r.DetailMode:2]]
[2022.05.30-11.14.32:609][  0]LogConfig: Setting CVar [[r.TranslucencyVolumeBlur:1]]
[2022.05.30-11.14.32:609][  0]LogConfig: Setting CVar [[r.MaterialQualityLevel:1 ; High quality]]
[2022.05.30-11.14.32:609][  0]LogConfig: Setting CVar [[r.AnisotropicMaterials:1]]
[2022.05.30-11.14.32:609][  0]LogConfig: Setting CVar [[r.SSS.Scale:1]]
[2022.05.30-11.14.32:609][  0]LogConfig: Setting CVar [[r.SSS.SampleSet:2]]
[2022.05.30-11.14.32:609][  0]LogConfig: Setting CVar [[r.SSS.Quality:1]]
[2022.05.30-11.14.32:609][  0]LogConfig: Setting CVar [[r.SSS.HalfRes:0]]
[2022.05.30-11.14.32:609][  0]LogConfig: Setting CVar [[r.SSGI.Quality:3]]
[2022.05.30-11.14.32:609][  0]LogConfig: Setting CVar [[r.EmitterSpawnRateScale:1.0]]
[2022.05.30-11.14.32:609][  0]LogConfig: Setting CVar [[r.ParticleLightQuality:2]]
[2022.05.30-11.14.32:609][  0]LogConfig: Setting CVar [[r.SkyAtmosphere.AerialPerspectiveLUT.FastApplyOnOpaque:1 ; Always have FastSkyLUT 1 in this case to avoid wrong sky]]
[2022.05.30-11.14.32:609][  0]LogConfig: Setting CVar [[r.SkyAtmosphere.AerialPerspectiveLUT.SampleCountMaxPerSlice:4]]
[2022.05.30-11.14.32:609][  0]LogConfig: Setting CVar [[r.SkyAtmosphere.AerialPerspectiveLUT.DepthResolution:16.0]]
[2022.05.30-11.14.32:609][  0]LogConfig: Setting CVar [[r.SkyAtmosphere.FastSkyLUT:1]]
[2022.05.30-11.14.32:609][  0]LogConfig: Setting CVar [[r.SkyAtmosphere.FastSkyLUT.SampleCountMin:4.0]]
[2022.05.30-11.14.32:609][  0]LogConfig: Setting CVar [[r.SkyAtmosphere.FastSkyLUT.SampleCountMax:128.0]]
[2022.05.30-11.14.32:609][  0]LogConfig: Setting CVar [[r.SkyAtmosphere.SampleCountMin:4.0]]
[2022.05.30-11.14.32:609][  0]LogConfig: Setting CVar [[r.SkyAtmosphere.SampleCountMax:128.0]]
[2022.05.30-11.14.32:609][  0]LogConfig: Setting CVar [[r.SkyAtmosphere.TransmittanceLUT.UseSmallFormat:0]]
[2022.05.30-11.14.32:609][  0]LogConfig: Setting CVar [[r.SkyAtmosphere.TransmittanceLUT.SampleCount:10.0]]
[2022.05.30-11.14.32:609][  0]LogConfig: Setting CVar [[r.SkyAtmosphere.MultiScatteringLUT.SampleCount:15.0]]
[2022.05.30-11.14.32:609][  0]LogConfig: Setting CVar [[r.SkyLight.RealTimeReflectionCapture:1]]
[2022.05.30-11.14.32:609][  0]LogConfig: Applying CVar settings from Section [FoliageQuality@3] File [M:/Unreal Engine 4/Project/CastleOfSecrets/Saved/Config/Windows/Scalability.ini]
[2022.05.30-11.14.32:609][  0]LogConfig: Setting CVar [[foliage.DensityScale:1.0]]
[2022.05.30-11.14.32:609][  0]LogConfig: Setting CVar [[grass.DensityScale:1.0]]
[2022.05.30-11.14.32:609][  0]LogConfig: Applying CVar settings from Section [ShadingQuality@3] File [M:/Unreal Engine 4/Project/CastleOfSecrets/Saved/Config/Windows/Scalability.ini]
[2022.05.30-11.14.32:609][  0]LogConfig: Setting CVar [[r.HairStrands.SkyLighting.IntegrationType:2]]
[2022.05.30-11.14.32:609][  0]LogConfig: Setting CVar [[r.HairStrands.SkyAO.SampleCount:4]]
[2022.05.30-11.14.32:609][  0]LogConfig: Setting CVar [[r.HairStrands.Visibility.MSAA.SamplePerPixel:4]]
[2022.05.30-11.14.32:609][  0]LogConfig: Applying CVar settings from Section [Startup] File [../../../Engine/Config/ConsoleVariables.ini]
[2022.05.30-11.14.32:609][  0]LogConfig: Setting CVar [[net.UseAdaptiveNetUpdateFrequency:0]]
[2022.05.30-11.14.32:609][  0]LogConfig: Setting CVar [[p.chaos.AllowCreatePhysxBodies:1]]
[2022.05.30-11.14.32:609][  0]LogConfig: Setting CVar [[fx.SkipVectorVMBackendOptimizations:1]]
[2022.05.30-11.14.32:609][  0]LogConfig: Applying CVar settings from Section [ConsoleVariables] File [M:/Unreal Engine 4/Project/CastleOfSecrets/Saved/Config/Windows/Engine.ini]
[2022.05.30-11.14.32:609][  0]LogConfig: Applying CVar settings from Section [ConsoleVariables] File [M:/Unreal Engine 4/Project/CastleOfSecrets/Saved/Config/Windows/Editor.ini]
[2022.05.30-11.14.32:609][  0]LogInit: Computer: DESKTOP-N1K1BTK
[2022.05.30-11.14.32:609][  0]LogInit: User: 79520
[2022.05.30-11.14.32:609][  0]LogInit: CPU Page size=4096, Cores=6
[2022.05.30-11.14.32:609][  0]LogInit: High frequency timer resolution =10.000000 MHz
[2022.05.30-11.14.32:609][  0]LogMemory: Memory total: Physical=16.0GB (16GB approx)
[2022.05.30-11.14.32:609][  0]LogMemory: Platform Memory Stats for Windows
[2022.05.30-11.14.32:609][  0]LogMemory: Process Physical Memory: 139.57 MB used, 139.57 MB peak
[2022.05.30-11.14.32:609][  0]LogMemory: Process Virtual Memory: 125.32 MB used, 125.32 MB peak
[2022.05.30-11.14.32:609][  0]LogMemory: Physical Memory: 9619.29 MB used,  6715.63 MB free, 16334.92 MB total
[2022.05.30-11.14.32:609][  0]LogMemory: Virtual Memory: 134214528.00 MB used,  3202.26 MB free, 134217728.00 MB total
[2022.05.30-11.14.32:614][  0]LogWindows: WindowsPlatformFeatures enabled
[2022.05.30-11.14.32:631][  0]LogInit: Physics initialised using underlying interface: PhysX
[2022.05.30-11.14.32:632][  0]LogInit: Using OS detected language (ru-RU).
[2022.05.30-11.14.32:632][  0]LogInit: Using OS detected locale (ru-RU).
[2022.05.30-11.14.32:633][  0]LogTextLocalizationManager: No specific localization for 'ru-RU' exists, so the 'ru' localization will be used.
[2022.05.30-11.14.32:633][  0]LogTextLocalizationResource: LocRes '../../../Engine/Content/Localization/Editor/ru/Editor.locres' could not be opened for reading!
[2022.05.30-11.14.32:633][  0]LogTextLocalizationResource: LocRes '../../../Engine/Content/Localization/EditorTutorials/ru/EditorTutorials.locres' could not be opened for reading!
[2022.05.30-11.14.32:633][  0]LogTextLocalizationResource: LocRes '../../../Engine/Content/Localization/Keywords/ru/Keywords.locres' could not be opened for reading!
[2022.05.30-11.14.32:633][  0]LogTextLocalizationResource: LocRes '../../../Engine/Content/Localization/Category/ru/Category.locres' could not be opened for reading!
[2022.05.30-11.14.32:633][  0]LogTextLocalizationResource: LocRes '../../../Engine/Content/Localization/ToolTips/ru/ToolTips.locres' could not be opened for reading!
[2022.05.30-11.14.32:633][  0]LogTextLocalizationResource: LocRes '../../../Engine/Content/Localization/PropertyNames/ru/PropertyNames.locres' could not be opened for reading!
[2022.05.30-11.14.32:633][  0]LogTextLocalizationResource: LocRes '../../../Engine/Content/Localization/Engine/ru/Engine.locres' could not be opened for reading!
[2022.05.30-11.14.32:972][  0]LogTargetPlatformManager: Display: Loaded TargetPlatform 'AllDesktop'
[2022.05.30-11.14.32:990][  0]LogTargetPlatformManager: Display: Loaded TargetPlatform 'Android'
[2022.05.30-11.14.32:990][  0]LogTargetPlatformManager: Display: Loaded TargetPlatform 'Android_ASTC'
[2022.05.30-11.14.32:990][  0]LogTargetPlatformManager: Display: Loaded TargetPlatform 'Android_DXT'
[2022.05.30-11.14.32:990][  0]LogTargetPlatformManager: Display: Loaded TargetPlatform 'Android_ETC2'
[2022.05.30-11.14.32:990][  0]LogTargetPlatformManager: Display: Loaded TargetPlatform 'AndroidClient'
[2022.05.30-11.14.32:990][  0]LogTargetPlatformManager: Display: Loaded TargetPlatform 'Android_ASTCClient'
[2022.05.30-11.14.32:990][  0]LogTargetPlatformManager: Display: Loaded TargetPlatform 'Android_DXTClient'
[2022.05.30-11.14.32:990][  0]LogTargetPlatformManager: Display: Loaded TargetPlatform 'Android_ETC2Client'
[2022.05.30-11.14.32:990][  0]LogTargetPlatformManager: Display: Loaded TargetPlatform 'Android_Multi'
[2022.05.30-11.14.32:990][  0]LogTargetPlatformManager: Display: Loaded TargetPlatform 'Android_MultiClient'
[2022.05.30-11.14.33:006][  0]LogTargetPlatformManager: Display: Loaded TargetPlatform 'IOSClient'
[2022.05.30-11.14.33:006][  0]LogTargetPlatformManager: Display: Loaded TargetPlatform 'IOS'
[2022.05.30-11.14.33:014][  0]LogTargetPlatformManager: Display: Loaded TargetPlatform 'Linux'
[2022.05.30-11.14.33:018][  0]LogTargetPlatformManager: Display: Loaded TargetPlatform 'LinuxNoEditor'
[2022.05.30-11.14.33:022][  0]LogTargetPlatformManager: Display: Loaded TargetPlatform 'LinuxClient'
[2022.05.30-11.14.33:026][  0]LogTargetPlatformManager: Display: Loaded TargetPlatform 'LinuxServer'
[2022.05.30-11.14.33:033][  0]LogTargetPlatformManager: Display: Loaded TargetPlatform 'LinuxAArch64NoEditor'
[2022.05.30-11.14.33:037][  0]LogTargetPlatformManager: Display: Loaded TargetPlatform 'LinuxAArch64Client'
[2022.05.30-11.14.33:041][  0]LogTargetPlatformManager: Display: Loaded TargetPlatform 'LinuxAArch64Server'
[2022.05.30-11.14.33:061][  0]LogTargetPlatformManager: Display: Loaded TargetPlatform 'Lumin'
[2022.05.30-11.14.33:061][  0]LogTargetPlatformManager: Display: Loaded TargetPlatform 'LuminClient'
[2022.05.30-11.14.33:068][  0]LogTargetPlatformManager: Display: Loaded TargetPlatform 'MacNoEditor'
[2022.05.30-11.14.33:074][  0]LogTargetPlatformManager: Display: Loaded TargetPlatform 'Mac'
[2022.05.30-11.14.33:078][  0]LogTargetPlatformManager: Display: Loaded TargetPlatform 'MacClient'
[2022.05.30-11.14.33:082][  0]LogTargetPlatformManager: Display: Loaded TargetPlatform 'MacServer'
[2022.05.30-11.14.33:092][  0]LogTargetPlatformManager: Display: Loaded TargetPlatform 'TVOSClient'
[2022.05.30-11.14.33:092][  0]LogTargetPlatformManager: Display: Loaded TargetPlatform 'TVOS'
[2022.05.30-11.14.33:100][  0]LogTargetPlatformManager: Display: Loaded TargetPlatform 'WindowsNoEditor'
[2022.05.30-11.14.33:105][  0]LogTargetPlatformManager: Display: Loaded TargetPlatform 'Windows'
[2022.05.30-11.14.33:108][  0]LogTargetPlatformManager: Display: Loaded TargetPlatform 'WindowsClient'
[2022.05.30-11.14.33:112][  0]LogTargetPlatformManager: Display: Loaded TargetPlatform 'WindowsServer'
[2022.05.30-11.14.33:112][  0]LogTargetPlatformManager: Display: Building Assets For Windows
[2022.05.30-11.14.33:119][  0]LogAudioDebug: Display: Lib vorbis DLL was dynamically loaded.
[2022.05.30-11.14.33:146][  0]LogTextureFormatOodle: Display: Oodle Texture 2.9.0 init RDO Off
[2022.05.30-11.14.33:173][  0]LogRendererCore: Ray tracing is disabled. Reason: r.RayTracing=0.
[2022.05.30-11.14.33:173][  0]LogShaderCompilers: Guid format shader working directory is 10 characters bigger than the processId version (../../../../Project/CastleOfSecrets/Intermediate/Shaders/WorkingDirectory/12024/).
[2022.05.30-11.14.33:173][  0]LogShaderCompilers: Cleaned the shader compiler working directory 'C:/Users/79520/AppData/Local/Temp/UnrealShaderWorkingDir/76D4DFDA4A4D07121B442FAE9A5298B0/'.
[2022.05.30-11.14.33:173][  0]LogXGEController: Cannot use XGE Controller as Incredibuild is not installed on this machine.
[2022.05.30-11.14.33:173][  0]LogShaderCompilers: Cannot use XGE Shader Compiler as Incredibuild is not installed on this machine.
[2022.05.30-11.14.33:173][  0]LogShaderCompilers: Display: Using Local Shader Compiler.
[2022.05.30-11.14.33:619][  0]LogDerivedDataCache: Display: Max Cache Size: 512 MB
[2022.05.30-11.14.33:624][  0]LogDerivedDataCache: Loaded boot cache 0.01s 14MB C:/Users/79520/AppData/Local/UnrealEngine/4.27/DerivedDataCache/Boot.ddc.
[2022.05.30-11.14.33:625][  0]LogDerivedDataCache: Display: Loaded Boot cache: C:/Users/79520/AppData/Local/UnrealEngine/4.27/DerivedDataCache/Boot.ddc
[2022.05.30-11.14.33:625][  0]LogDerivedDataCache: FDerivedDataBackendGraph:  Pak pak cache file ../../../../Project/CastleOfSecrets/DerivedDataCache/DDC.ddp not found, will not use a pak cache.
[2022.05.30-11.14.33:625][  0]LogDerivedDataCache: Unable to find inner node Pak for hierarchical cache Hierarchy.
[2022.05.30-11.14.33:625][  0]LogDerivedDataCache: FDerivedDataBackendGraph:  CompressedPak pak cache file ../../../../Project/CastleOfSecrets/DerivedDataCache/Compressed.ddp not found, will not use a pak cache.
[2022.05.30-11.14.33:625][  0]LogDerivedDataCache: Unable to find inner node CompressedPak for hierarchical cache Hierarchy.
[2022.05.30-11.14.33:641][  0]LogDerivedDataCache: Display: Pak cache opened for reading ../../../Engine/DerivedDataCache/Compressed.ddp.
[2022.05.30-11.14.33:641][  0]LogDerivedDataCache: FDerivedDataBackendGraph:  EnterprisePak pak cache file ../../../Enterprise/DerivedDataCache/Compressed.ddp not found, will not use a pak cache.
[2022.05.30-11.14.33:641][  0]LogDerivedDataCache: Unable to find inner node EnterprisePak for hierarchical cache Hierarchy.
[2022.05.30-11.14.33:647][  0]LogDerivedDataCache: Speed tests for C:/Users/79520/AppData/Local/UnrealEngine/Common/DerivedDataCache took 0.01 seconds
[2022.05.30-11.14.33:647][  0]LogDerivedDataCache: Display: Performance to C:/Users/79520/AppData/Local/UnrealEngine/Common/DerivedDataCache: Latency=0.03ms. RandomReadSpeed=1336.14MBs, RandomWriteSpeed=187.51MBs. Assigned SpeedClass 'Local'
[2022.05.30-11.14.33:648][  0]LogDerivedDataCache: Using Local data cache path C:/Users/79520/AppData/Local/UnrealEngine/Common/DerivedDataCache: Writable
[2022.05.30-11.14.33:648][  0]LogDerivedDataCache: Shared data cache path not found in *engine.ini, will not use an Shared cache.
[2022.05.30-11.14.33:648][  0]LogDerivedDataCache: Unable to find inner node Shared for hierarchical cache Hierarchy.
[2022.05.30-11.14.33:654][  0]LogAssetRegistry: FAssetRegistry took 0.0014 seconds to start up
[2022.05.30-11.14.33:847][  0]LogInit: Selected Device Profile: [Windows]
[2022.05.30-11.14.33:847][  0]LogInit: Active device profile: [00000195B0640E00][00000195ACE25880 49] Windows
[2022.05.30-11.14.33:847][  0]LogInit: Profiles: [00000195B0640E00][00000195ACE25880 49] Windows, [00000195B061A300][00000195ACE33A00 49] WindowsNoEditor, [00000195B0641D00][00000195ACE37B80 49] WindowsServer, [00000195B061B100][00000195ACE3A180 49] WindowsClient, [00000195B0642A00][00000195ACE3E300 49] IOS, [00000195B061B700][00000195ACE42480 49] iPadAir, [00000195B0641500][00000195ACE46600 49] iPadAir2, [00000195B05BD300][00000195ACE548C0 49] IPadPro, [00000195B05BD400][00000195ACE4A900 49] iPadAir3, [00000195B0618C00][00000195AE03CA80 49] iPadAir4, [00000195B05BE000][00000195AE040C00 49] iPadMini2, [00000195B061AF00][00000195AE044D80 49] iPadMini3, [00000195B05BEA00][00000195ACE28EC0 49] iPadMini4, [00000195B0618F00][00000195AE049000 49] iPadMini5, [00000195B05C4B00][00000195AE051240 49] iPhone6, [00000195B05C4C00][00000195AE04D280 49] iPodTouch6, [00000195B0642900][00000195AE05D540 49] iPhone7, [00000195B0640F00][00000195AE059580 49] iPodTouch7, [00000195B05BD200][00000195AE061700 49] iPhone5S, [00000195B0642C00][00000195AE065880 49] iPhone6Plus, [00000195B05BFD00][00000195AE069A00 49] iPhone6S, [00000195B05BC100][00000195AE06DB80 49] iPhone6SPlus, [00000195B05C7F00][00000195AE070180 49] iPhone7Plus, [00000195B05BE200][00000195AE074300 49] iPhoneSE, [00000195B05C6800][00000195AE078480 49] iPhone8, [00000195B05BE500][00000195AE07C600 49] iPhone8Plus, [00000195B05C7900][00000195AE080780 49] iPhoneX, [00000195B05BE400][00000195AE084900 49] iPhoneXS, [00000195B05C4E00][00000195AE088A80 49] iPhoneXSMax, [00000195B0641800][00000195AE08CC00 49] iPhoneXR, [00000195B05C5600][00000195AE090D80 49] iPhone11, [00000195B0641A00][00000195AE094F00 49] iPhone11Pro, [00000195B05C5800][00000195AE055040 49] iPhone11ProMax, [00000195B0641100][00000195AE099180 49] iPhoneSE2, [00000195B05C7A00][00000195AE09D2C0 49] iPhone12Mini, [00000195B0640B00][00000195AE0A1400 49] iPhone12, [00000195B05C5C00][00000195AE0A9580 49] iPhone12Pro, [00000195B0641000][00000195AE0AD700 49] iPhone12ProMax, [00000195B05C7600][00000195B0323880 49] iPadPro105, [00000195B0643800][00000195B0327A00 49] iPadPro129, [00000195B05C4300][00000195B032BB80 49] iPadPro97, [00000195B0641400][00000195B032E180 49] iPadPro2_129, [00000195B05C5300][00000195B0332300 49] iPad5, [00000195B0643A00][00000195B0336480 49] iPad6, [00000195B05C7C00][00000195B033A600 49] iPad7, [00000195B0643200][00000195B033E780 49] iPad8, [00000195B05C7200][00000195B0342900 49] iPadPro11, [00000195B0642F00][00000195B0346A80 49] iPadPro2_11, [00000195B05C6200][00000195B034AC00 49] iPadPro3_129, [00000195B0640700][00000195B034ED80 49] iPadPro4_129, [00000195B05C5000][00000195B0352F00 49] AppleTV, [00000195B0643100][00000195B0357080 49] AppleTV4K, [00000195B05C6100][00000195AE0A51C0 49] TVOS, [00000195B0642100][00000195B035B300 49] Mac, [00000195B05C7500][00000195B035F440 49] MacClient, [00000195B0643B00][00000195B0363580 49] MacNoEditor, [00000195B05C4D00][00000195B036B700 49] MacServer, [00000195B0642E00][00000195B036F880 49] Linux, [00000195B05C5F00][00000195B0373A00 49] LinuxAArch64, [00000195B0640A00][00000195B0377B80 49] LinuxNoEditor, [00000195B05C7000][00000195B037A180 49] LinuxAArch64NoEditor, [00000195B0643300][00000195B037E300 49] LinuxClient, [00000195B05C6700][00000195B0382480 49] LinuxAArch64Client, [00000195B0641B00][00000195B0386600 49] LinuxServer, [00000195B05C4400][00000195B038A780 49] LinuxAArch64Server, [00000195B0641C00][00000195B038E900 49] Android, [00000195B05C5400][00000195B0392A80 49] Android_Low, [00000195B0641E00][00000195A311AC00 49] Android_Mid, [00000195B05C6900][00000195A311ED80 49] Android_High, [00000195B0642000][00000195A3122F00 49] Android_Default, [00000195B05C7100][00000195A3127080 49] Android_Adreno4xx, [00000195B0642200][00000195A312B200 49] Android_Adreno5xx_Low, [00000195B05C7D00][00000195A312F380 49] Android_Adreno5xx, [00000195B0640200][00000195B03674C0 49] Android_Adreno6xx, [00000195B05C5700][00000195A3133600 49] Android_Adreno6xx_Vulkan, [00000195B0642700][00000195B0397740 49] Android_Mali_T6xx, [00000195B05BD700][00000195B039F8C0 49] Android_Mali_T7xx, [00000195B061B000][00000195B03A3A40 49] Android_Mali_T8xx, [00000195B05BFE00][00000195B03A7BC0 49] Android_Mali_G71, [00000195B061BE00][00000195B03AA1C0 49] Android_Mali_G72, [00000195B05BFA00][00000195B03AE340 49] Android_Mali_G72_Vulkan, [00000195B061B800][00000195B03B24C0 49] Android_Mali_G76, [00000195B05BDB00][00000195B03B6640 49] Android_Mali_G76_Vulkan, [00000195B061A200][00000195B03BA7C0 49] Android_Mali_G77, [00000195B05BF600][00000195B03BE940 49] Android_Mali_G77_Vulkan, [00000195B0619F00][00000195B03C2AC0 49] Android_Mali_G78, [00000195B05BD000][00000195B03C6C40 49] Android_Mali_G78_Vulkan, [00000195B0618500][00000195B03CADC0 49] Android_Mali_G710, [00000195B05BD600][00000195B03CEF40 49] Android_Mali_G710_Vulkan, [00000195B061A400][00000195B03D30C0 49] Android_Vulkan_SM5, [00000195B05BDA00][00000195B03D7240 49] Android_PowerVR_G6xxx, [00000195B061AE00][00000195B03DB3C0 49] Android_PowerVR_GT7xxx, [00000195B05BF300][00000195B03DF540 49] Android_PowerVR_GE8xxx, [00000195B0619100][00000195B039B680 49] Android_PowerVR_GM9xxx, [00000195B05BDF00][00000195B03E37C0 49] Android_PowerVR_GM9xxx_Vulkan, [00000195B0619500][00000195B03E7900 49] Android_TegraK1, [00000195B05BFB00][00000195B03EBA40 49] Android_Unknown_Vulkan, [00000195B0618D00][00000195B03F3BC0 49] Lumin, [00000195B05BC600][00000195B03F61C0 49] Lumin_Desktop, [00000195B05C7300][00000195B03FA340 49] HoloLens, 
[2022.05.30-11.14.33:875][  0]LogMeshReduction: Using QuadricMeshReduction for automatic static mesh reduction
[2022.05.30-11.14.33:875][  0]LogMeshReduction: Using SimplygonMeshReduction for automatic skeletal mesh reduction
[2022.05.30-11.14.33:875][  0]LogMeshReduction: Using ProxyLODMeshReduction for automatic mesh merging
[2022.05.30-11.14.33:875][  0]LogMeshReduction: No distributed automatic mesh merging module available
[2022.05.30-11.14.33:875][  0]LogMeshMerging: No distributed automatic mesh merging module available
[2022.05.30-11.14.33:882][  0]LogNetVersion: CastleOfSecrets 1.0.0, NetCL: 17155196, EngineNetVer: 17, GameNetVer: 0 (Checksum: 2271817765)
[2022.05.30-11.14.34:007][  0]LogHMD: PokeAHoleMaterial loaded successfully
[2022.05.30-11.14.34:078][  0]LogUObjectGlobals: Warning: Failed to load '/Game/TopDownBP/TopDownOverview': Can't find file.
[2022.05.30-11.14.34:079][  0]LogUObjectGlobals: Warning: Failed to load '/Game/TopDownBP/TopDownOverview': Can't find file.
[2022.05.30-11.14.34:079][  0]LogUObjectGlobals: Warning: Failed to find object 'Class /Game/TopDownBP/TopDownOverview.TopDownOverview_C'
[2022.05.30-11.14.34:087][  0]LogCollectionManager: Loaded 0 collections in 0.000976 seconds
[2022.05.30-11.14.34:089][  0]LogFileCache: Scanning file cache for directory 'M:/Unreal Engine 4/Project/CastleOfSecrets/Saved/Collections/' took 0.00s
[2022.05.30-11.14.34:089][  0]LogFileCache: Scanning file cache for directory 'M:/Unreal Engine 4/Project/CastleOfSecrets/Content/Developers/79520/Collections/' took 0.00s
[2022.05.30-11.14.34:089][  0]LogFileCache: Scanning file cache for directory 'M:/Unreal Engine 4/Project/CastleOfSecrets/Content/Collections/' took 0.00s
[2022.05.30-11.14.34:089][  0]LogCollectionManager: Fixed up redirectors for 0 collections in 0.000001 seconds (updated 0 objects)
[2022.05.30-11.14.34:196][  0]LogNiagaraDebuggerClient: Niagara Debugger Client Initialized | Session: 36915D5F4ABCCC449C26C38D1224CC9C | Instance: 715B4AD04823405AF779D4AF4560F68D (DESKTOP-N1K1BTK-12024).
[2022.05.30-11.14.34:283][  0]LogPython: Using Python 3.7.7
[2022.05.30-11.14.34:889][  0]SourceControl: Source control is disabled
[2022.05.30-11.14.34:889][  0]SourceControl: Source control is disabled
[2022.05.30-11.14.34:896][  0]SourceControl: Source control is disabled
[2022.05.30-11.14.34:899][  0]SourceControl: Source control is disabled
[2022.05.30-11.14.34:904][  0]SourceControl: Source control is disabled
[2022.05.30-11.14.34:907][  0]LogUProjectInfo: Found projects:
[2022.05.30-11.14.35:051][  0]LogOpenImageDenoise: OIDN starting up
[2022.05.30-11.14.35:087][  0]LogAndroidPermission: UAndroidPermissionCallbackProxy::GetInstance
[2022.05.30-11.14.35:101][  0]LogAudioCaptureCore: Display: No Audio Capture implementations found. Audio input will be silent.
[2022.05.30-11.14.35:102][  0]LogAudioCaptureCore: Display: No Audio Capture implementations found. Audio input will be silent.
[2022.05.30-11.14.35:211][  0]LogOcInput: OculusInput pre-init called
[2022.05.30-11.14.35:244][  0]LogUObjectArray: 24174 objects as part of root set at end of initial load.
[2022.05.30-11.14.35:244][  0]LogUObjectAllocator: 6634848 out of 0 bytes used by permanent object pool.
[2022.05.30-11.14.35:244][  0]LogUObjectArray: CloseDisregardForGC: 0/0 objects in disregard for GC pool
[2022.05.30-11.14.35:271][  0]LogInit: Executing Class /Script/UnrealEd.GatherTextCommandlet
[2022.05.30-11.14.35:271][  0]LogInit: Initializing Editor Engine...
[2022.05.30-11.14.35:271][  0]LogEngine: Initializing Engine...
[2022.05.30-11.14.35:273][  0]LogStats: UGameplayTagsManager::InitializeManager -  0.000 s
[2022.05.30-11.14.35:380][  0]LogInit: Initializing FReadOnlyCVARCache
[2022.05.30-11.14.35:386][  0]LogAIModule: Creating AISystem for world Untitled
[2022.05.30-11.14.35:386][  0]LogNetVersion: Set ProjectVersion to 1.0.0.0. Version Checksum will be recalculated on next use.
[2022.05.30-11.14.35:392][  0]LogDerivedDataCache: Saved boot cache 0.01s 14MB C:/Users/79520/AppData/Local/UnrealEngine/4.27/DerivedDataCache/Boot.ddc.
[2022.05.30-11.14.35:393][  0]LogInit: Texture streaming: Disabled
[2022.05.30-11.14.35:417][  0]LogInit: Initializing Editor Engine Completed
[2022.05.30-11.14.35:476][  0]BlueprintLog: New page: Editor Load
[2022.05.30-11.14.35:596][  0]LogGatherTextCommandlet: Display: Beginning GatherText Commandlet for '../../../../Project/CastleOfSecrets/Config/Localization/Game_Compile.ini'
[2022.05.30-11.14.35:596][  0]LogGatherTextCommandlet: Display: Executing GatherTextStep0: GenerateTextLocalizationResourceCommandlet
[2022.05.30-11.14.35:597][  0]LogGatherTextCommandlet: Display: Completed GatherTextStep0: GenerateTextLocalizationResourceCommandlet in 0.000870 seconds
[2022.05.30-11.14.35:597][  0]LogCore: Engine exit requested (reason: Commandlet GatherTextCommandlet_0 finished execution (result 0))
[2022.05.30-11.14.35:597][  0]LogInit: Display: 
[2022.05.30-11.14.35:597][  0]LogInit: Display: Warning/Error Summary (Unique only)
[2022.05.30-11.14.35:597][  0]LogInit: Display: -----------------------------------
[2022.05.30-11.14.35:597][  0]LogInit: Display: LogUObjectGlobals: Warning: Failed to load '/Game/TopDownBP/TopDownOverview': Can't find file.
[2022.05.30-11.14.35:597][  0]LogInit: Display: LogUObjectGlobals: Warning: Failed to find object 'Class /Game/TopDownBP/TopDownOverview.TopDownOverview_C'
[2022.05.30-11.14.35:598][  0]LogInit: Display: 
[2022.05.30-11.14.35:598][  0]LogInit: Display: Success - 0 error(s), 3 warning(s)
[2022.05.30-11.14.35:598][  0]LogInit: Display: 
Execution of commandlet took:  0.00 seconds
[2022.05.30-11.14.35:598][  0]LogCore: Engine exit requested (reason: EngineExit() was called; note: exit was already requested)
[2022.05.30-11.14.35:598][  0]LogExit: Preparing to exit.
[2022.05.30-11.14.35:603][  0]LogUObjectHash: Compacting FUObjectHashTables data took   0.84ms
[2022.05.30-11.14.35:649][  0]LogDemo: Cleaned up 0 splitscreen connections with owner deletion
[2022.05.30-11.14.35:650][  0]LogWorld: UWorld::CleanupWorld for None, bSessionEnded=true, bCleanupResources=true
[2022.05.30-11.14.35:650][  0]LogExit: Editor shut down
[2022.05.30-11.14.35:685][  0]LogExit: Object subsystem successfully closed.
[2022.05.30-11.14.35:694][  0]LogShaderCompilers: Display: === FShaderJobCache stats ===
[2022.05.30-11.14.35:695][  0]LogShaderCompilers: Display: Total job queries 0, among them cache hits 0 (0.00%)
[2022.05.30-11.14.35:695][  0]LogShaderCompilers: Display: Tracking 0 distinct input hashes that result in 0 distinct outputs (0.00%)
[2022.05.30-11.14.35:695][  0]LogShaderCompilers: Display: RAM used: 0.00 MB (0.00 GB) of 819.20 MB (0.80 GB) budget. Usage: 0.00%
[2022.05.30-11.14.35:695][  0]LogShaderCompilers: Display: ================================================
[2022.05.30-11.14.35:707][  0]LogShaderCompilers: Display: Shaders left to compile 0
[2022.05.30-11.14.35:715][  0]LogModuleManager: Shutting down and abandoning module SteamVREditor (720)
[2022.05.30-11.14.35:715][  0]LogModuleManager: Shutting down and abandoning module OculusMR (718)
[2022.05.30-11.14.35:715][  0]LogModuleManager: Shutting down and abandoning module TakeRecorderSources (716)
[2022.05.30-11.14.35:715][  0]LogModuleManager: Shutting down and abandoning module TakeRecorder (715)
[2022.05.30-11.14.35:715][  0]LogModuleManager: Shutting down and abandoning module TakeTrackRecorders (712)
[2022.05.30-11.14.35:715][  0]LogModuleManager: Shutting down and abandoning module TakesCore (710)
[2022.05.30-11.14.35:715][  0]LogModuleManager: Shutting down and abandoning module OpenXRInput (708)
[2022.05.30-11.14.35:715][  0]LogModuleManager: Shutting down and abandoning module GooglePADEditor (706)
[2022.05.30-11.14.35:715][  0]LogModuleManager: Shutting down and abandoning module AudioCaptureEditor (704)
[2022.05.30-11.14.35:715][  0]LogModuleManager: Shutting down and abandoning module TemplateSequenceEditor (702)
[2022.05.30-11.14.35:715][  0]LogModuleManager: Shutting down and abandoning module MatineeToLevelSequence (700)
[2022.05.30-11.14.35:715][  0]LogModuleManager: Shutting down and abandoning module LevelSequenceEditor (698)
[2022.05.30-11.14.35:715][  0]LogModuleManager: Shutting down and abandoning module ActorSequenceEditor (696)
[2022.05.30-11.14.35:715][  0]LogModuleManager: Shutting down and abandoning module WmfMediaFactory (694)
[2022.05.30-11.14.35:715][  0]LogModuleManager: Shutting down and abandoning module WmfMediaEditor (692)
[2022.05.30-11.14.35:715][  0]LogModuleManager: Shutting down and abandoning module WebMMediaFactory (690)
[2022.05.30-11.14.35:715][  0]LogModuleManager: Shutting down and abandoning module WebMMediaEditor (688)
[2022.05.30-11.14.35:715][  0]LogModuleManager: Shutting down and abandoning module MediaPlayerEditor (686)
[2022.05.30-11.14.35:715][  0]LogModuleManager: Shutting down and abandoning module MediaCompositingEditor (684)
[2022.05.30-11.14.35:715][  0]LogModuleManager: Shutting down and abandoning module SequenceRecorder (683)
[2022.05.30-11.14.35:715][  0]LogModuleManager: Shutting down and abandoning module Persona (682)
[2022.05.30-11.14.35:715][  0]LogModuleManager: Shutting down and abandoning module AdvancedPreviewScene (681)
[2022.05.30-11.14.35:715][  0]LogModuleManager: Shutting down and abandoning module AnimGraph (679)
[2022.05.30-11.14.35:715][  0]LogModuleManager: Shutting down and abandoning module ImgMediaFactory (674)
[2022.05.30-11.14.35:715][  0]LogModuleManager: Shutting down and abandoning module ImgMediaEditor (672)
[2022.05.30-11.14.35:715][  0]LogModuleManager: Shutting down and abandoning module AvfMediaFactory (670)
[2022.05.30-11.14.35:715][  0]LogModuleManager: Shutting down and abandoning module AvfMediaEditor (668)
[2022.05.30-11.14.35:715][  0]LogModuleManager: Shutting down and abandoning module AndroidMediaFactory (666)
[2022.05.30-11.14.35:715][  0]LogModuleManager: Shutting down and abandoning module AndroidMediaEditor (664)
[2022.05.30-11.14.35:715][  0]LogModuleManager: Shutting down and abandoning module ControlRigEditor (662)
[2022.05.30-11.14.35:715][  0]LogModuleManager: Shutting down and abandoning module AnimationEditor (661)
[2022.05.30-11.14.35:715][  0]LogModuleManager: Shutting down and abandoning module Kismet (659)
[2022.05.30-11.14.35:715][  0]LogModuleManager: Shutting down and abandoning module KismetWidgets (658)
[2022.05.30-11.14.35:715][  0]LogModuleManager: Shutting down and abandoning module MagicLeapMediaEditor (654)
[2022.05.30-11.14.35:715][  0]LogModuleManager: Shutting down and abandoning module PlanarCut (652)
[2022.05.30-11.14.35:715][  0]LogModuleManager: Shutting down and abandoning module CharacterAI (650)
[2022.05.30-11.14.35:715][  0]LogModuleManager: Shutting down and abandoning module TextureAlignMode (648)
[2022.05.30-11.14.35:715][  0]LogModuleManager: Shutting down and abandoning module BspMode (646)
[2022.05.30-11.14.35:715][  0]LogModuleManager: Shutting down and abandoning module GeometryMode (644)
[2022.05.30-11.14.35:715][  0]LogModuleManager: Shutting down and abandoning module CameraShakePreviewer (642)
[2022.05.30-11.14.35:715][  0]LogModuleManager: Shutting down and abandoning module SmartSnapping (640)
[2022.05.30-11.14.35:715][  0]LogModuleManager: Shutting down and abandoning module SessionServices (638)
[2022.05.30-11.14.35:715][  0]LogModuleManager: Shutting down and abandoning module MeshPaint (636)
[2022.05.30-11.14.35:715][  0]LogModuleManager: Shutting down and abandoning module VirtualTexturingEditor (634)
[2022.05.30-11.14.35:715][  0]LogModuleManager: Shutting down and abandoning module FoliageEdit (632)
[2022.05.30-11.14.35:715][  0]LogModuleManager: Shutting down and abandoning module LandscapeEditor (630)
[2022.05.30-11.14.35:716][  0]LogModuleManager: Shutting down and abandoning module MeshPaintMode (628)
[2022.05.30-11.14.35:716][  0]LogModuleManager: Shutting down and abandoning module SceneDepthPickerMode (626)
[2022.05.30-11.14.35:716][  0]LogModuleManager: Shutting down and abandoning module ActorPickerMode (624)
[2022.05.30-11.14.35:716][  0]LogModuleManager: Shutting down and abandoning module PlacementMode (622)
[2022.05.30-11.14.35:716][  0]LogModuleManager: Shutting down and abandoning module LiveCoding (620)
[2022.05.30-11.14.35:716][  0]LogModuleManager: Shutting down and abandoning module MovieSceneTracks (618)
[2022.05.30-11.14.35:716][  0]LogModuleManager: Shutting down and abandoning module MovieScene (616)
[2022.05.30-11.14.35:716][  0]LogModuleManager: Shutting down and abandoning module StreamingPauseRendering (614)
[2022.05.30-11.14.35:716][  0]LogModuleManager: Shutting down and abandoning module ImageWriteQueue (612)
[2022.05.30-11.14.35:718][  0]LogModuleManager: Shutting down and abandoning module AIModule (610)
[2022.05.30-11.14.35:718][  0]LogModuleManager: Shutting down and abandoning module GameplayDebugger (609)
[2022.05.30-11.14.35:718][  0]LogModuleManager: Shutting down and abandoning module AITestSuite (607)
[2022.05.30-11.14.35:718][  0]LogModuleManager: Shutting down and abandoning module NavigationSystem (605)
[2022.05.30-11.14.35:718][  0]LogModuleManager: Shutting down and abandoning module AudioSynesthesiaEditor (602)
[2022.05.30-11.14.35:718][  0]LogModuleManager: Shutting down and abandoning module ElectronicNodes (600)
[2022.05.30-11.14.35:718][  0]LogModuleManager: Shutting down and abandoning module OculusEditor (598)
[2022.05.30-11.14.35:718][  0]LogModuleManager: Shutting down and abandoning module OculusInput (596)
[2022.05.30-11.14.35:718][  0]LogModuleManager: Shutting down and abandoning module ContentBrowserClassDataSource (594)
[2022.05.30-11.14.35:718][  0]LogModuleManager: Shutting down and abandoning module ContentBrowserFileDataSource (592)
[2022.05.30-11.14.35:718][  0]LogModuleManager: Shutting down and abandoning module ContentBrowserAssetDataSource (590)
[2022.05.30-11.14.35:718][  0]LogModuleManager: Shutting down and abandoning module ToolMenus (589)
[2022.05.30-11.14.35:718][  0]LogModuleManager: Shutting down and abandoning module OodleNetworkHandlerComponent (586)
[2022.05.30-11.14.35:718][  0]LogModuleManager: Shutting down and abandoning module LightPropagationVolumeEditor (584)
[2022.05.30-11.14.35:718][  0]LogModuleManager: Shutting down and abandoning module TakeSequencer (582)
[2022.05.30-11.14.35:718][  0]LogModuleManager: Shutting down and abandoning module TakeMovieScene (580)
[2022.05.30-11.14.35:718][  0]LogModuleManager: Shutting down and abandoning module ScreenshotTools (578)
[2022.05.30-11.14.35:718][  0]LogModuleManager: Shutting down and abandoning module SynthesisEditor (576)
[2022.05.30-11.14.35:718][  0]LogModuleManager: Shutting down and abandoning module Synthesis (574)
[2022.05.30-11.14.35:718][  0]LogModuleManager: Shutting down and abandoning module ProceduralMeshComponentEditor (572)
[2022.05.30-11.14.35:718][  0]LogModuleManager: Shutting down and abandoning module ProceduralMeshComponent (570)
[2022.05.30-11.14.35:718][  0]LogModuleManager: Shutting down and abandoning module OpenXREditor (568)
[2022.05.30-11.14.35:718][  0]LogModuleManager: Shutting down and abandoning module MobilePatchingUtils (566)
[2022.05.30-11.14.35:718][  0]LogModuleManager: Shutting down and abandoning module GooglePAD (564)
[2022.05.30-11.14.35:718][  0]LogModuleManager: Shutting down and abandoning module EditableMesh (562)
[2022.05.30-11.14.35:718][  0]LogModuleManager: Shutting down and abandoning module CustomMeshComponent (560)
[2022.05.30-11.14.35:718][  0]LogModuleManager: Shutting down and abandoning module CableComponent (558)
[2022.05.30-11.14.35:718][  0]LogModuleManager: Shutting down and abandoning module AssetTags (556)
[2022.05.30-11.14.35:718][  0]LogModuleManager: Shutting down and abandoning module AudioCapture (554)
[2022.05.30-11.14.35:718][  0]LogModuleManager: Shutting down and abandoning module AudioCaptureRtAudio (553)
[2022.05.30-11.14.35:719][  0]LogModuleManager: Shutting down and abandoning module ArchVisCharacter (550)
[2022.05.30-11.14.35:719][  0]LogModuleManager: Shutting down and abandoning module AppleImageUtilsBlueprintSupport (548)
[2022.05.30-11.14.35:719][  0]LogModuleManager: Shutting down and abandoning module AppleImageUtils (546)
[2022.05.30-11.14.35:719][  0]LogModuleManager: Shutting down and abandoning module AndroidPermission (544)
[2022.05.30-11.14.35:719][  0]LogModuleManager: Shutting down and abandoning module ActorLayerUtilitiesEditor (542)
[2022.05.30-11.14.35:719][  0]LogModuleManager: Shutting down and abandoning module ActorLayerUtilities (540)
[2022.05.30-11.14.35:719][  0]LogModuleManager: Shutting down and abandoning module TemplateSequence (538)
[2022.05.30-11.14.35:719][  0]LogModuleManager: Shutting down and abandoning module MediaCompositing (536)
[2022.05.30-11.14.35:719][  0]LogModuleManager: Shutting down and abandoning module MagicLeapSharedWorld (534)
[2022.05.30-11.14.35:719][  0]LogModuleManager: Shutting down and abandoning module MagicLeapLightEstimation (532)
[2022.05.30-11.14.35:719][  0]LogModuleManager: Shutting down and abandoning module MagicLeapHelperVulkan (530)
[2022.05.30-11.14.35:719][  0]LogModuleManager: Shutting down and abandoning module MagicLeapHelperOpenGL (528)
[2022.05.30-11.14.35:719][  0]LogModuleManager: Shutting down and abandoning module MagicLeapAudio (526)
[2022.05.30-11.14.35:719][  0]LogModuleManager: Shutting down and abandoning module NiagaraEditorWidgets (524)
[2022.05.30-11.14.35:719][  0]LogModuleManager: Shutting down and abandoning module MotoSynthEditor (522)
[2022.05.30-11.14.35:719][  0]LogModuleManager: Shutting down and abandoning module MotoSynth (520)
[2022.05.30-11.14.35:719][  0]LogModuleManager: Shutting down and abandoning module OpenImageDenoise (518)
[2022.05.30-11.14.35:719][  0]LogOpenImageDenoise: OIDN shutting down
[2022.05.30-11.14.35:719][  0]LogModuleManager: Shutting down and abandoning module MeshConversion (516)
[2022.05.30-11.14.35:719][  0]LogModuleManager: Shutting down and abandoning module DynamicMesh (514)
[2022.05.30-11.14.35:719][  0]LogModuleManager: Shutting down and abandoning module GeometryAlgorithms (512)
[2022.05.30-11.14.35:719][  0]LogModuleManager: Shutting down and abandoning module GeometricObjects (510)
[2022.05.30-11.14.35:719][  0]LogModuleManager: Shutting down and abandoning module GeometryCollectionTracks (508)
[2022.05.30-11.14.35:719][  0]LogModuleManager: Shutting down and abandoning module GeometryCollectionSequencer (507)
[2022.05.30-11.14.35:719][  0]LogModuleManager: Shutting down and abandoning module GeometryCollectionEditor (504)
[2022.05.30-11.14.35:719][  0]LogModuleManager: Shutting down and abandoning module GeometryCacheTracks (502)
[2022.05.30-11.14.35:719][  0]LogModuleManager: Shutting down and abandoning module GeometryCacheStreamer (500)
[2022.05.30-11.14.35:719][  0]LogModuleManager: Shutting down and abandoning module GeometryCacheSequencer (498)
[2022.05.30-11.14.35:719][  0]LogModuleManager: Shutting down and abandoning module FractureEditor (496)
[2022.05.30-11.14.35:719][  0]LogModuleManager: Shutting down and abandoning module ChaosSolverEditor (494)
[2022.05.30-11.14.35:719][  0]LogModuleManager: Shutting down and abandoning module ChaosNiagara (492)
[2022.05.30-11.14.35:719][  0]LogModuleManager: Shutting down and abandoning module FieldSystemEngine (491)
[2022.05.30-11.14.35:719][  0]LogModuleManager: Shutting down and abandoning module ChaosClothEditor (488)
[2022.05.30-11.14.35:719][  0]LogModuleManager: Shutting down and abandoning module AutomationUtilsEditor (486)
[2022.05.30-11.14.35:719][  0]LogModuleManager: Shutting down and abandoning module AutomationUtils (484)
[2022.05.30-11.14.35:719][  0]LogModuleManager: Shutting down and abandoning module AlembicImporter (482)
[2022.05.30-11.14.35:719][  0]LogModuleManager: Shutting down and abandoning module AlembicLibrary (481)
[2022.05.30-11.14.35:719][  0]LogModuleManager: Shutting down and abandoning module GeometryCache (480)
[2022.05.30-11.14.35:719][  0]LogModuleManager: Shutting down and abandoning module GeometryCacheEd (479)
[2022.05.30-11.14.35:719][  0]LogModuleManager: Shutting down and abandoning module VariantManagerContentEditor (474)
[2022.05.30-11.14.35:719][  0]LogModuleManager: Shutting down and abandoning module DatasmithContentEditor (472)
[2022.05.30-11.14.35:719][  0]LogModuleManager: Shutting down and abandoning module SpeedTreeImporter (470)
[2022.05.30-11.14.35:719][  0]LogModuleManager: Shutting down and abandoning module PluginBrowser (468)
[2022.05.30-11.14.35:719][  0]LogModuleManager: Shutting down and abandoning module MobileLauncherProfileWizard (466)
[2022.05.30-11.14.35:719][  0]LogModuleManager: Shutting down and abandoning module UObjectPlugin (464)
[2022.05.30-11.14.35:719][  0]LogModuleManager: Shutting down and abandoning module MaterialAnalyzer (462)
[2022.05.30-11.14.35:719][  0]LogModuleManager: Shutting down and abandoning module CurveEditorTools (460)
[2022.05.30-11.14.35:719][  0]LogModuleManager: Shutting down and abandoning module CryptoKeysOpenSSL (458)
[2022.05.30-11.14.35:719][  0]LogModuleManager: Shutting down and abandoning module CryptoKeys (456)
[2022.05.30-11.14.35:719][  0]LogModuleManager: Shutting down and abandoning module VisualStudioCodeSourceCodeAccess (454)
[2022.05.30-11.14.35:719][  0]LogModuleManager: Shutting down and abandoning module VisualStudioSourceCodeAccess (452)
[2022.05.30-11.14.35:719][  0]LogModuleManager: Shutting down and abandoning module SubversionSourceControl (450)
[2022.05.30-11.14.35:719][  0]LogModuleManager: Shutting down and abandoning module PluginUtils (448)
[2022.05.30-11.14.35:719][  0]LogModuleManager: Shutting down and abandoning module PlasticSourceControl (446)
[2022.05.30-11.14.35:719][  0]LogModuleManager: Shutting down and abandoning module PerforceSourceControl (444)
[2022.05.30-11.14.35:719][  0]LogModuleManager: Shutting down and abandoning module AnimationSharingEd (442)
[2022.05.30-11.14.35:719][  0]LogModuleManager: Shutting down and abandoning module GitSourceControl (440)
[2022.05.30-11.14.35:719][  0]LogModuleManager: Shutting down and abandoning module SourceControl (439)
[2022.05.30-11.14.35:719][  0]LogModuleManager: Shutting down and abandoning module CLionSourceCodeAccess (436)
[2022.05.30-11.14.35:719][  0]LogModuleManager: Shutting down and abandoning module LiveLinkSequencer (434)
[2022.05.30-11.14.35:719][  0]LogModuleManager: Shutting down and abandoning module LiveLinkMovieScene (432)
[2022.05.30-11.14.35:719][  0]LogModuleManager: Shutting down and abandoning module LiveLinkGraphNode (430)
[2022.05.30-11.14.35:719][  0]LogModuleManager: Shutting down and abandoning module LiveLinkEditor (428)
[2022.05.30-11.14.35:719][  0]LogModuleManager: Shutting down and abandoning module LiveLinkComponents (426)
[2022.05.30-11.14.35:719][  0]LogModuleManager: Shutting down and abandoning module LiveLink (424)
[2022.05.30-11.14.35:840][  0]LogModuleManager: Shutting down and abandoning module PaperTiledImporter (422)
[2022.05.30-11.14.35:840][  0]LogModuleManager: Shutting down and abandoning module PaperSpriteSheetImporter (420)
[2022.05.30-11.14.35:840][  0]LogModuleManager: Shutting down and abandoning module Paper2DEditor (418)
[2022.05.30-11.14.35:840][  0]LogModuleManager: Shutting down and abandoning module MeshPaintingToolset (416)
[2022.05.30-11.14.35:840][  0]LogModuleManager: Shutting down and abandoning module MeshPaintEditorMode (414)
[2022.05.30-11.14.35:840][  0]LogModuleManager: Shutting down and abandoning module LightPropagationVolumeRuntime (412)
[2022.05.30-11.14.35:840][  0]LogModuleManager: Shutting down and abandoning module SignificanceManager (410)
[2022.05.30-11.14.35:840][  0]LogModuleManager: Shutting down and abandoning module SoundFields (408)
[2022.05.30-11.14.35:840][  0]LogModuleManager: Shutting down and abandoning module RuntimePhysXCooking (406)
[2022.05.30-11.14.35:840][  0]LogModuleManager: Shutting down and abandoning module PropertyAccessEditor (404)
[2022.05.30-11.14.35:840][  0]LogModuleManager: Shutting down and abandoning module PhysXVehiclesEditor (402)
[2022.05.30-11.14.35:840][  0]LogModuleManager: Shutting down and abandoning module LocationServicesBPLibrary (398)
[2022.05.30-11.14.35:840][  0]LogModuleManager: Shutting down and abandoning module AudioSynesthesia (396)
[2022.05.30-11.14.35:840][  0]LogModuleManager: Shutting down and abandoning module AudioSynesthesiaCore (394)
[2022.05.30-11.14.35:840][  0]LogModuleManager: Shutting down and abandoning module ActorSequence (392)
[2022.05.30-11.14.35:841][  0]LogModuleManager: Shutting down and abandoning module TcpMessaging (390)
[2022.05.30-11.14.35:841][  0]LogModuleManager: Shutting down and abandoning module UdpMessaging (388)
[2022.05.30-11.14.35:841][  0]LogModuleManager: Shutting down and abandoning module MagicLeapARPin (386)
[2022.05.30-11.14.35:841][  0]LogModuleManager: Shutting down and abandoning module ControlRigDeveloper (384)
[2022.05.30-11.14.35:841][  0]LogModuleManager: Shutting down and abandoning module ControlRig (382)
[2022.05.30-11.14.35:841][  0]LogModuleManager: Shutting down and abandoning module LevelSequence (381)
[2022.05.30-11.14.35:841][  0]LogModuleManager: Shutting down and abandoning module PythonScriptPlugin (378)
[2022.05.30-11.14.35:841][  0]LogModuleManager: Shutting down and abandoning module MagicLeapHandMeshing (376)
[2022.05.30-11.14.35:841][  0]LogModuleManager: Shutting down and abandoning module MagicLeapSecureStorage (374)
[2022.05.30-11.14.35:841][  0]LogModuleManager: Shutting down and abandoning module MagicLeapPrivileges (372)
[2022.05.30-11.14.35:841][  0]LogModuleManager: Shutting down and abandoning module MagicLeapPlanes (370)
[2022.05.30-11.14.35:841][  0]LogMagicLeapPlanes: Planes tracker already destroyed.
[2022.05.30-11.14.35:841][  0]LogModuleManager: Shutting down and abandoning module MagicLeapImageTracker (368)
[2022.05.30-11.14.35:841][  0]LogModuleManager: Shutting down and abandoning module MagicLeapIdentity (366)
[2022.05.30-11.14.35:841][  0]LogModuleManager: Shutting down and abandoning module MagicLeapHandTracking (364)
[2022.05.30-11.14.35:841][  0]LogModuleManager: Shutting down and abandoning module MagicLeapEyeTracker (362)
[2022.05.30-11.14.35:841][  0]LogModuleManager: Shutting down and abandoning module MagicLeapController (360)
[2022.05.30-11.14.35:841][  0]LogModuleManager: Shutting down and abandoning module MagicLeapARPinImpl (358)
[2022.05.30-11.14.35:841][  0]LogModuleManager: Shutting down and abandoning module MagicLeapAR (356)
[2022.05.30-11.14.35:841][  0]LogModuleManager: Shutting down and abandoning module NiagaraAnimNotifies (354)
[2022.05.30-11.14.35:841][  0]LogModuleManager: Shutting down and abandoning module Niagara (352)
[2022.05.30-11.14.35:841][  0]LogModuleManager: Shutting down and abandoning module SignalProcessing (351)
[2022.05.30-11.14.35:841][  0]LogModuleManager: Shutting down and abandoning module NiagaraEditor (349)
[2022.05.30-11.14.35:841][  0]LogModuleManager: Shutting down and abandoning module NiagaraCore (346)
[2022.05.30-11.14.35:841][  0]LogModuleManager: Shutting down and abandoning module GameplayTagsEditor (344)
[2022.05.30-11.14.35:841][  0]LogModuleManager: Shutting down and abandoning module FacialAnimationEditor (342)
[2022.05.30-11.14.35:841][  0]LogModuleManager: Shutting down and abandoning module FacialAnimation (340)
[2022.05.30-11.14.35:841][  0]LogModuleManager: Shutting down and abandoning module DataValidation (338)
[2022.05.30-11.14.35:841][  0]LogModuleManager: Shutting down and abandoning module AssetManagerEditor (336)
[2022.05.30-11.14.35:841][  0]LogModuleManager: Shutting down and abandoning module TreeMap (335)
[2022.05.30-11.14.35:841][  0]LogModuleManager: Shutting down and abandoning module PropertyAccessNode (332)
[2022.05.30-11.14.35:841][  0]LogModuleManager: Shutting down and abandoning module AnimationSharing (330)
[2022.05.30-11.14.35:841][  0]LogModuleManager: Shutting down and abandoning module GameplayCameras (328)
[2022.05.30-11.14.35:841][  0]LogModuleManager: Shutting down and abandoning module EnvironmentQueryEditor (326)
[2022.05.30-11.14.35:841][  0]LogModuleManager: Shutting down and abandoning module Paper2D (324)
[2022.05.30-11.14.35:841][  0]LogModuleManager: Shutting down and abandoning module NetworkReplayStreaming (322)
[2022.05.30-11.14.35:841][  0]LogModuleManager: Shutting down and abandoning module PacketHandler (320)
[2022.05.30-11.14.35:841][  0]LogModuleManager: Shutting down and abandoning module ClothingSystemEditor (318)
[2022.05.30-11.14.35:841][  0]LogModuleManager: Shutting down and abandoning module ClothingSystemRuntimeNv (316)
[2022.05.30-11.14.35:841][  0]LogModuleManager: Shutting down and abandoning module MediaAssets (314)
[2022.05.30-11.14.35:841][  0]LogModuleManager: Shutting down and abandoning module Overlay (312)
[2022.05.30-11.14.35:841][  0]LogModuleManager: Shutting down and abandoning module OverlayEditor (311)
[2022.05.30-11.14.35:841][  0]LogModuleManager: Shutting down and abandoning module Blutility (308)
[2022.05.30-11.14.35:841][  0]LogModuleManager: Shutting down and abandoning module LevelEditor (307)
[2022.05.30-11.14.35:842][  0]LogModuleManager: Shutting down and abandoning module PixelInspectorModule (306)
[2022.05.30-11.14.35:842][  0]LogModuleManager: Shutting down and abandoning module CommonMenuExtensions (304)
[2022.05.30-11.14.35:842][  0]LogModuleManager: Shutting down and abandoning module MainFrame (302)
[2022.05.30-11.14.35:842][  0]LogModuleManager: Shutting down and abandoning module HotReload (301)
[2022.05.30-11.14.35:842][  0]LogModuleManager: Shutting down and abandoning module ContentBrowser (297)
[2022.05.30-11.14.35:842][  0]LogModuleManager: Shutting down and abandoning module CollectionManager (296)
[2022.05.30-11.14.35:843][  0]LogModuleManager: Shutting down and abandoning module ContentBrowserData (294)
[2022.05.30-11.14.35:843][  0]LogModuleManager: Shutting down and abandoning module IntroTutorials (290)
[2022.05.30-11.14.35:843][  0]LogModuleManager: Shutting down and abandoning module VREditor (288)
[2022.05.30-11.14.35:843][  0]LogModuleManager: Shutting down and abandoning module StringTableEditor (286)
[2022.05.30-11.14.35:843][  0]LogModuleManager: Shutting down and abandoning module GameplayTasksEditor (284)
[2022.05.30-11.14.35:843][  0]LogModuleManager: Shutting down and abandoning module BehaviorTreeEditor (282)
[2022.05.30-11.14.35:843][  0]LogModuleManager: Shutting down and abandoning module FunctionalTesting (280)
[2022.05.30-11.14.35:843][  0]LogModuleManager: Shutting down and abandoning module CollisionAnalyzer (278)
[2022.05.30-11.14.35:843][  0]LogModuleManager: Shutting down and abandoning module WorkspaceMenuStructure (277)
[2022.05.30-11.14.35:843][  0]LogModuleManager: Shutting down and abandoning module UMG (274)
[2022.05.30-11.14.35:843][  0]LogModuleManager: Shutting down and abandoning module UMGEditor (273)
[2022.05.30-11.14.35:843][  0]LogModuleManager: Shutting down and abandoning module MessageLog (271)
[2022.05.30-11.14.35:843][  0]LogModuleManager: Shutting down and abandoning module SlateReflector (266)
[2022.05.30-11.14.35:843][  0]LogModuleManager: Shutting down and abandoning module Slate (264)
[2022.05.30-11.14.35:843][  0]LogModuleManager: Shutting down and abandoning module SlateCore (262)
[2022.05.30-11.14.35:844][  0]LogModuleManager: Shutting down and abandoning module LandscapeEditorUtilities (260)
[2022.05.30-11.14.35:844][  0]LogModuleManager: Shutting down and abandoning module UnrealEd (258)
[2022.05.30-11.14.35:844][  0]LogModuleManager: Shutting down and abandoning module MRMesh (256)
[2022.05.30-11.14.35:844][  0]LogModuleManager: Shutting down and abandoning module SourceCodeAccess (254)
[2022.05.30-11.14.35:844][  0]LogModuleManager: Shutting down and abandoning module HeadMountedDisplay (252)
[2022.05.30-11.14.35:844][  0]LogModuleManager: Shutting down and abandoning module XAudio2 (250)
[2022.05.30-11.14.35:844][  0]LogModuleManager: Shutting down and abandoning module Networking (248)
[2022.05.30-11.14.35:844][  0]LogModuleManager: Shutting down and abandoning module Core (246)
[2022.05.30-11.14.35:844][  0]LogModuleManager: Shutting down and abandoning module MaterialEditor (244)
[2022.05.30-11.14.35:844][  0]LogModuleManager: Shutting down and abandoning module Settings (243)
[2022.05.30-11.14.35:844][  0]LogModuleManager: Shutting down and abandoning module MovieSceneTools (240)
[2022.05.30-11.14.35:844][  0]LogModuleManager: Shutting down and abandoning module CurveEditor (239)
[2022.05.30-11.14.35:844][  0]LogModuleManager: Shutting down and abandoning module Sequencer (237)
[2022.05.30-11.14.35:844][  0]LogModuleManager: Shutting down and abandoning module EditorStyle (236)
[2022.05.30-11.14.35:845][  0]LogModuleManager: Shutting down and abandoning module KismetCompiler (232)
[2022.05.30-11.14.35:845][  0]LogModuleManager: Shutting down and abandoning module MeshBuilder (230)
[2022.05.30-11.14.35:845][  0]LogModuleManager: Shutting down and abandoning module MeshUtilities (228)
[2022.05.30-11.14.35:845][  0]LogModuleManager: Shutting down and abandoning module MeshMergeUtilities (227)
[2022.05.30-11.14.35:845][  0]LogModuleManager: Shutting down and abandoning module MeshReductionInterface (226)
[2022.05.30-11.14.35:845][  0]LogModuleManager: Shutting down and abandoning module MeshBoneReduction (225)
[2022.05.30-11.14.35:845][  0]LogModuleManager: Shutting down and abandoning module SkeletalMeshReduction (223)
[2022.05.30-11.14.35:845][  0]LogModuleManager: Shutting down and abandoning module ProxyLODMeshReduction (221)
[2022.05.30-11.14.35:845][  0]LogModuleManager: Shutting down and abandoning module QuadricMeshReduction (219)
[2022.05.30-11.14.35:845][  0]LogModuleManager: Shutting down and abandoning module MaterialBaking (215)
[2022.05.30-11.14.35:845][  0]LogModuleManager: Shutting down and abandoning module DirectoryWatcher (211)
[2022.05.30-11.14.35:845][  0]LogModuleManager: Shutting down and abandoning module NullInstallBundleManager (208)
[2022.05.30-11.14.35:845][  0]LogModuleManager: Shutting down and abandoning module DerivedDataCache (206)
[2022.05.30-11.14.35:845][  0]LogModuleManager: Shutting down and abandoning module TargetPlatform (204)
[2022.05.30-11.14.35:845][  0]LogModuleManager: Shutting down and abandoning module VulkanShaderFormat (203)
[2022.05.30-11.14.35:845][  0]LogModuleManager: Shutting down and abandoning module ShaderFormatVectorVM (201)
[2022.05.30-11.14.35:845][  0]LogModuleManager: Shutting down and abandoning module ShaderFormatOpenGL (199)
[2022.05.30-11.14.35:845][  0]LogModuleManager: Shutting down and abandoning module ShaderFormatD3D (197)
[2022.05.30-11.14.35:845][  0]LogModuleManager: Shutting down and abandoning module MetalShaderFormat (195)
[2022.05.30-11.14.35:845][  0]LogModuleManager: Shutting down and abandoning module TextureFormatOodle (193)
[2022.05.30-11.14.35:845][  0]LogModuleManager: Shutting down and abandoning module TextureFormatUncompressed (191)
[2022.05.30-11.14.35:846][  0]LogModuleManager: Shutting down and abandoning module TextureFormatPVR (189)
[2022.05.30-11.14.35:846][  0]LogModuleManager: Shutting down and abandoning module TextureFormatETC2 (187)
[2022.05.30-11.14.35:846][  0]LogModuleManager: Shutting down and abandoning module TextureFormatDXT (185)
[2022.05.30-11.14.35:846][  0]LogModuleManager: Shutting down and abandoning module TextureFormatIntelISPCTexComp (183)
[2022.05.30-11.14.35:846][  0]LogModuleManager: Shutting down and abandoning module TextureFormatASTC (181)
[2022.05.30-11.14.35:846][  0]LogModuleManager: Shutting down and abandoning module ImageWrapper (180)
[2022.05.30-11.14.35:846][  0]LogModuleManager: Shutting down and abandoning module AudioFormatOpus (177)
[2022.05.30-11.14.35:846][  0]LogModuleManager: Shutting down and abandoning module AudioFormatOgg (175)
[2022.05.30-11.14.35:846][  0]LogModuleManager: Shutting down and abandoning module AudioFormatADPCM (173)
[2022.05.30-11.14.35:846][  0]LogModuleManager: Shutting down and abandoning module WindowsServerTargetPlatform (171)
[2022.05.30-11.14.35:846][  0]LogModuleManager: Shutting down and abandoning module WindowsClientTargetPlatform (169)
[2022.05.30-11.14.35:846][  0]LogModuleManager: Shutting down and abandoning module WindowsTargetPlatform (167)
[2022.05.30-11.14.35:846][  0]LogModuleManager: Shutting down and abandoning module WindowsNoEditorTargetPlatform (165)
[2022.05.30-11.14.35:846][  0]LogModuleManager: Shutting down and abandoning module TVOSTargetPlatform (163)
[2022.05.30-11.14.35:846][  0]LogModuleManager: Shutting down and abandoning module MacServerTargetPlatform (161)
[2022.05.30-11.14.35:846][  0]LogModuleManager: Shutting down and abandoning module MacClientTargetPlatform (159)
[2022.05.30-11.14.35:846][  0]LogModuleManager: Shutting down and abandoning module MacTargetPlatform (157)
[2022.05.30-11.14.35:846][  0]LogModuleManager: Shutting down and abandoning module MacNoEditorTargetPlatform (155)
[2022.05.30-11.14.35:846][  0]LogModuleManager: Shutting down and abandoning module LuminTargetPlatform (153)
[2022.05.30-11.14.35:847][  0]LogModuleManager: Shutting down and abandoning module LinuxAArch64ServerTargetPlatform (151)
[2022.05.30-11.14.35:847][  0]LogModuleManager: Shutting down and abandoning module LinuxAArch64ClientTargetPlatform (149)
[2022.05.30-11.14.35:847][  0]LogModuleManager: Shutting down and abandoning module LinuxAArch64NoEditorTargetPlatform (147)
[2022.05.30-11.14.35:847][  0]LogModuleManager: Shutting down and abandoning module LinuxServerTargetPlatform (145)
[2022.05.30-11.14.35:847][  0]LogModuleManager: Shutting down and abandoning module LinuxClientTargetPlatform (143)
[2022.05.30-11.14.35:847][  0]LogModuleManager: Shutting down and abandoning module LinuxNoEditorTargetPlatform (141)
[2022.05.30-11.14.35:847][  0]LogModuleManager: Shutting down and abandoning module LinuxTargetPlatform (139)
[2022.05.30-11.14.35:847][  0]LogModuleManager: Shutting down and abandoning module Messaging (137)
[2022.05.30-11.14.35:847][  0]LogModuleManager: Shutting down and abandoning module IOSTargetPlatform (135)
[2022.05.30-11.14.35:847][  0]LogModuleManager: Shutting down and abandoning module AndroidTargetPlatform (133)
[2022.05.30-11.14.35:849][  0]LogModuleManager: Shutting down and abandoning module AllDesktopTargetPlatform (131)
[2022.05.30-11.14.35:849][  0]LogModuleManager: Shutting down and abandoning module NullDrv (128)
[2022.05.30-11.14.35:849][  0]LogModuleManager: Shutting down and abandoning module PhysXCooking (126)
[2022.05.30-11.14.35:849][  0]LogModuleManager: Shutting down and abandoning module Chaos (124)
[2022.05.30-11.14.35:849][  0]LogModuleManager: Shutting down and abandoning module WindowsPlatformFeatures (122)
[2022.05.30-11.14.35:849][  0]LogModuleManager: Shutting down and abandoning module GameplayMediaEncoder (121)
[2022.05.30-11.14.35:849][  0]LogModuleManager: Shutting down and abandoning module AVEncoder (120)
[2022.05.30-11.14.35:849][  0]LogModuleManager: Shutting down and abandoning module ExampleDeviceProfileSelector (116)
[2022.05.30-11.14.35:849][  0]LogModuleManager: Shutting down and abandoning module SteamVRInputDevice (114)
[2022.05.30-11.14.35:849][  0]LogModuleManager: Shutting down and abandoning module SteamVRInput (112)
[2022.05.30-11.14.35:849][  0]LogModuleManager: Shutting down and abandoning module SteamVR (110)
[2022.05.30-11.14.35:850][  0]LogHMD: Freeing OpenVRDLLHandle.
[2022.05.30-11.14.35:850][  0]LogModuleManager: Shutting down and abandoning module OculusHMD (108)
[2022.05.30-11.14.35:850][  0]LogModuleManager: Shutting down and abandoning module OpenXRAR (106)
[2022.05.30-11.14.35:850][  0]LogModuleManager: Shutting down and abandoning module AugmentedReality (105)
[2022.05.30-11.14.35:850][  0]LogModuleManager: Shutting down and abandoning module OpenXRHandTracking (102)
[2022.05.30-11.14.35:850][  0]LogModuleManager: Shutting down and abandoning module OpenXRHMD (101)
[2022.05.30-11.14.35:850][  0]LogModuleManager: Shutting down and abandoning module OpenXREyeTracker (98)
[2022.05.30-11.14.35:850][  0]LogModuleManager: Shutting down and abandoning module ChunkDownloader (96)
[2022.05.30-11.14.35:850][  0]LogModuleManager: Shutting down and abandoning module LauncherChunkInstaller (94)
[2022.05.30-11.14.35:850][  0]LogModuleManager: Shutting down and abandoning module OnlineBlueprintSupport (92)
[2022.05.30-11.14.35:850][  0]LogModuleManager: Shutting down and abandoning module OnlineSubsystem (88)
[2022.05.30-11.14.35:850][  0]LogModuleManager: Shutting down and abandoning module XMPP (83)
[2022.05.30-11.14.35:850][  0]LogModuleManager: Shutting down and abandoning module WebSockets (82)
[2022.05.30-11.14.35:860][  0]LogModuleManager: Shutting down and abandoning module HTTP (79)
[2022.05.30-11.14.35:860][  0]LogHttp: Display: cleaning up 0 outstanding Http requests.
[2022.05.30-11.14.35:888][  0]LogModuleManager: Shutting down and abandoning module SSL (78)
[2022.05.30-11.14.35:889][  0]LogModuleManager: Shutting down and abandoning module WmfMedia (74)
[2022.05.30-11.14.35:890][  0]LogModuleManager: Shutting down and abandoning module Media (73)
[2022.05.30-11.14.35:890][  0]LogModuleManager: Shutting down and abandoning module MediaInfo (72)
[2022.05.30-11.14.35:890][  0]LogModuleManager: Shutting down and abandoning module ExrReaderGpu (68)
[2022.05.30-11.14.35:890][  0]LogModuleManager: Shutting down and abandoning module MLSDK (66)
[2022.05.30-11.14.35:890][  0]LogModuleManager: Shutting down and abandoning module MagicLeap (64)
[2022.05.30-11.14.35:890][  0]LogModuleManager: Shutting down and abandoning module NiagaraVertexFactories (62)
[2022.05.30-11.14.35:890][  0]LogModuleManager: Shutting down and abandoning module NiagaraShader (60)
[2022.05.30-11.14.35:890][  0]LogModuleManager: Shutting down and abandoning module ChaosCloth (58)
[2022.05.30-11.14.35:890][  0]LogModuleManager: Shutting down and abandoning module VariantManagerContent (56)
[2022.05.30-11.14.35:890][  0]LogModuleManager: Shutting down and abandoning module DatasmithContent (54)
[2022.05.30-11.14.35:891][  0]LogModuleManager: Shutting down and abandoning module PixWinPlugin (52)
[2022.05.30-11.14.35:891][  0]LogModuleManager: Shutting down and abandoning module AISupportModule (50)
[2022.05.30-11.14.35:891][  0]LogModuleManager: Shutting down and abandoning module DesktopPlatform (48)
[2022.05.30-11.14.35:891][  0]LogModuleManager: Shutting down and abandoning module OodleDataCompressionFormat (46)
[2022.05.30-11.14.35:891][  0]LogModuleManager: Shutting down and abandoning module PythonScriptPluginPreload (44)
[2022.05.30-11.14.35:891][  0]LogModuleManager: Shutting down and abandoning module PlatformCryptoOpenSSL (42)
[2022.05.30-11.14.35:891][  0]LogModuleManager: Shutting down and abandoning module PlatformCryptoTypes (40)
[2022.05.30-11.14.35:891][  0]LogModuleManager: Shutting down and abandoning module PlatformCrypto (38)
[2022.05.30-11.14.35:891][  0]LogModuleManager: Shutting down and abandoning module XGEController (36)
[2022.05.30-11.14.35:891][  0]LogModuleManager: Shutting down and abandoning module AnimationModifiers (34)
[2022.05.30-11.14.35:891][  0]LogModuleManager: Shutting down and abandoning module AudioEditor (32)
[2022.05.30-11.14.35:891][  0]LogModuleManager: Shutting down and abandoning module PropertyEditor (31)
[2022.05.30-11.14.35:891][  0]LogModuleManager: Shutting down and abandoning module TextureCompressor (28)
[2022.05.30-11.14.35:891][  0]LogModuleManager: Shutting down and abandoning module RenderCore (26)
[2022.05.30-11.14.35:891][  0]LogModuleManager: Shutting down and abandoning module Landscape (24)
[2022.05.30-11.14.35:891][  0]LogModuleManager: Shutting down and abandoning module SlateRHIRenderer (22)
[2022.05.30-11.14.35:891][  0]LogModuleManager: Shutting down and abandoning module AnimGraphRuntime (20)
[2022.05.30-11.14.35:891][  0]LogModuleManager: Shutting down and abandoning module Renderer (18)
[2022.05.30-11.14.35:891][  0]LogModuleManager: Shutting down and abandoning module Engine (16)
[2022.05.30-11.14.35:891][  0]LogModuleManager: Shutting down and abandoning module CoreUObject (14)
[2022.05.30-11.14.35:891][  0]LogModuleManager: Shutting down and abandoning module NetworkFile (12)
[2022.05.30-11.14.35:891][  0]LogModuleManager: Shutting down and abandoning module CookedIterativeFile (10)
[2022.05.30-11.14.35:891][  0]LogModuleManager: Shutting down and abandoning module StreamingFile (8)
[2022.05.30-11.14.35:891][  0]LogModuleManager: Shutting down and abandoning module SandboxFile (6)
[2022.05.30-11.14.35:891][  0]LogModuleManager: Shutting down and abandoning module PakFile (4)
[2022.05.30-11.14.35:891][  0]LogModuleManager: Shutting down and abandoning module RSA (3)
[2022.05.30-11.14.36:385][  0]LogContentStreaming: Display: There are 1 unreleased StreamingManagers
[2022.05.30-11.14.36:395][  0]LogExit: Exiting.
[2022.05.30-11.14.36:403][  0]Log file closed, 05/30/22 18:14:36
