Log file open, 06/19/22 16:46:55
LogWindows: Failed to load 'aqProf.dll' (GetLastError=126)
LogWindows: File 'aqProf.dll' does not exist
LogWindows: Failed to load 'VtuneApi.dll' (GetLastError=126)
LogWindows: File 'VtuneApi.dll' does not exist
LogWindows: Failed to load 'VtuneApi32e.dll' (GetLastError=126)
LogWindows: File 'VtuneApi32e.dll' does not exist
LogConsoleResponse: Display: Failed to find resolution value strings in scalability ini. Falling back to default.
LogConsoleResponse: Display: Failed to find resolution value strings in scalability ini. Falling back to default.
LogInit: Display: Running engine for game: CastleOfSecrets
LogPlatformFile: Not using cached read wrapper
LogTaskGraph: Started task graph with 5 named threads and 35 total threads with 3 sets of task threads.
LogStats: Stats thread started at 0.266463
LogICUInternationalization: ICU TimeZone Detection - Raw Offset: +2:00, Platform Override: ''
LogInit: Display: Loading text-based GConfig....
LogPluginManager: Mounting plugin MeshPainting
LogPluginManager: Mounting plugin XGEController
LogPluginManager: Mounting plugin Paper2D
LogPluginManager: Mounting plugin AISupport
LogPluginManager: Mounting plugin LiveLink
LogPluginManager: Mounting plugin EnvironmentQueryEditor
LogPluginManager: Mounting plugin OodleNetwork
LogPluginManager: Mounting plugin LightPropagationVolume
LogPluginManager: Mounting plugin OodleData
LogPluginManager: Mounting plugin AnimationSharing
LogPluginManager: Mounting plugin CLionSourceCodeAccess
LogPluginManager: Mounting plugin GitSourceControl
LogPluginManager: Mounting plugin PixWinPlugin
LogPluginManager: Mounting plugin PerforceSourceControl
LogPluginManager: Mounting plugin PlasticSourceControl
LogPluginManager: Mounting plugin PluginUtils
LogPluginManager: Mounting plugin PropertyAccessNode
LogPluginManager: Mounting plugin SubversionSourceControl
LogPluginManager: Mounting plugin RiderSourceCodeAccess
LogPluginManager: Mounting plugin TextureFormatOodle
LogPluginManager: Mounting plugin CodeLiteSourceCodeAccess
LogPluginManager: Mounting plugin UObjectPlugin
LogPluginManager: Mounting plugin AssetManagerEditor
LogPluginManager: Mounting plugin KDevelopSourceCodeAccess
LogPluginManager: Mounting plugin VisualStudioCodeSourceCodeAccess
LogPluginManager: Mounting plugin DatasmithContent
LogPluginManager: Mounting plugin VisualStudioSourceCodeAccess
LogPluginManager: Mounting plugin NullSourceCodeAccess
LogPluginManager: Mounting plugin CryptoKeys
LogPluginManager: Mounting plugin CurveEditorTools
LogPluginManager: Mounting plugin DataValidation
LogPluginManager: Mounting plugin FacialAnimation
LogPluginManager: Mounting plugin GeometryMode
LogPluginManager: Mounting plugin GameplayTagsEditor
LogPluginManager: Mounting plugin MaterialAnalyzer
LogPluginManager: Mounting plugin MobileLauncherProfileWizard
LogPluginManager: Mounting plugin MacGraphicsSwitching
LogPluginManager: Mounting plugin XCodeSourceCodeAccess
LogPluginManager: Mounting plugin PluginBrowser
LogPluginManager: Mounting plugin SpeedTreeImporter
LogPluginManager: Mounting plugin VariantManagerContent
LogPluginManager: Mounting plugin AlembicImporter
LogPluginManager: Mounting plugin AutomationUtils
LogPluginManager: Mounting plugin BackChannel
LogPluginManager: Mounting plugin ChaosCloth
LogPluginManager: Mounting plugin ChaosEditor
LogPluginManager: Mounting plugin ChaosClothEditor
LogPluginManager: Mounting plugin ChaosSolverPlugin
LogPluginManager: Mounting plugin ChaosNiagara
LogPluginManager: Mounting plugin CharacterAI
LogPluginManager: Mounting plugin ControlRig
LogPluginManager: Mounting plugin GeometryCache
LogPluginManager: Mounting plugin GeometryCollectionPlugin
LogPluginManager: Mounting plugin GeometryProcessing
LogPluginManager: Mounting plugin Niagara
LogPluginManager: Mounting plugin MotoSynth
LogPluginManager: Mounting plugin OpenImageDenoise
LogPluginManager: Mounting plugin PlanarCut
LogPluginManager: Mounting plugin PlatformCrypto
LogPluginManager: Mounting plugin PythonScriptPlugin
LogPluginManager: Mounting plugin ProxyLODPlugin
LogPluginManager: Mounting plugin SkeletalReduction
LogPluginManager: Mounting plugin LuminPlatformFeatures
LogPluginManager: Mounting plugin MagicLeap
LogPluginManager: Mounting plugin MagicLeapLightEstimation
LogPluginManager: Mounting plugin MagicLeapMedia
LogPluginManager: Mounting plugin MagicLeapPassableWorld
LogPluginManager: Mounting plugin MLSDK
LogPluginManager: Mounting plugin AndroidMedia
LogPluginManager: Mounting plugin AvfMedia
LogPluginManager: Mounting plugin ImgMedia
LogPluginManager: Mounting plugin MediaCompositing
LogPluginManager: Mounting plugin TcpMessaging
LogPluginManager: Mounting plugin UdpMessaging
LogPluginManager: Mounting plugin MediaPlayerEditor
LogPluginManager: Mounting plugin ScreenshotTools
LogPluginManager: Mounting plugin WmfMedia
LogPluginManager: Mounting plugin WebMMedia
LogPluginManager: Mounting plugin OnlineSubsystem
LogPluginManager: Mounting plugin OnlineSubsystemNull
LogPluginManager: Mounting plugin OnlineSubsystemUtils
LogPluginManager: Mounting plugin ActorSequence
LogPluginManager: Mounting plugin MatineeToLevelSequence
LogPluginManager: Mounting plugin LevelSequenceEditor
LogPluginManager: Mounting plugin TemplateSequence
LogPluginManager: Mounting plugin Takes
LogPluginManager: Mounting plugin ActorLayerUtilities
LogPluginManager: Mounting plugin AndroidDeviceProfileSelector
LogPluginManager: Mounting plugin AndroidMoviePlayer
LogPluginManager: Mounting plugin AppleImageUtils
LogPluginManager: Mounting plugin AndroidPermission
LogPluginManager: Mounting plugin AppleMoviePlayer
LogPluginManager: Mounting plugin CustomMeshComponent
LogPluginManager: Mounting plugin AssetTags
LogPluginManager: Mounting plugin AudioSynesthesia
LogPluginManager: Mounting plugin ChunkDownloader
LogPluginManager: Mounting plugin ExampleDeviceProfileSelector
LogPluginManager: Mounting plugin ArchVisCharacter
LogPluginManager: Mounting plugin AudioCapture
LogPluginManager: Mounting plugin EditableMesh
LogPluginManager: Mounting plugin CableComponent
LogPluginManager: Mounting plugin GooglePAD
LogPluginManager: Mounting plugin GoogleCloudMessaging
LogPluginManager: Mounting plugin LinuxDeviceProfileSelector
LogPluginManager: Mounting plugin IOSDeviceProfileSelector
LogPluginManager: Mounting plugin LocationServicesBPLibrary
LogPluginManager: Mounting plugin MobilePatchingUtils
LogPluginManager: Mounting plugin OpenXREyeTracker
LogPluginManager: Mounting plugin OpenXR
LogPluginManager: Mounting plugin OpenXRHandTracking
LogPluginManager: Mounting plugin PhysXVehicles
LogPluginManager: Mounting plugin PostSplashScreen
LogPluginManager: Mounting plugin PropertyAccessEditor
LogPluginManager: Mounting plugin ProceduralMeshComponent
LogPluginManager: Mounting plugin LauncherChunkInstaller
LogPluginManager: Mounting plugin RuntimePhysXCooking
LogPluginManager: Mounting plugin Synthesis
LogPluginManager: Mounting plugin SignificanceManager
LogPluginManager: Mounting plugin SoundFields
LogPluginManager: Mounting plugin WebMMoviePlayer
LogPluginManager: Mounting plugin WindowsMoviePlayer
LogPluginManager: Mounting plugin CameraShakePreviewer
LogPluginManager: Mounting plugin GameplayCameras
LogPluginManager: Mounting plugin ContentBrowserClassDataSource
LogPluginManager: Mounting plugin ContentBrowserAssetDataSource
LogPluginManager: Mounting plugin ContentBrowserFileDataSource
LogPluginManager: Mounting plugin OnlineSubsystemGooglePlay
LogPluginManager: Mounting plugin OnlineSubsystemIOS
LogPluginManager: Mounting plugin OculusVR
LogPluginManager: Mounting plugin SteamVR
LogPluginManager: Mounting plugin ElectronicNodes
PixWinPlugin: PIX capture plugin failed to initialize! Check that the process is launched from PIX.
LogInit: Using libcurl 7.55.1-DEV
LogInit:  - built for x86_64-pc-win32
LogInit:  - supports SSL with OpenSSL/1.1.1
LogInit:  - supports HTTP deflate (compression) using libz 1.2.8
LogInit:  - other features:
LogInit:      CURL_VERSION_SSL
LogInit:      CURL_VERSION_LIBZ
LogInit:      CURL_VERSION_IPV6
LogInit:      CURL_VERSION_ASYNCHDNS
LogInit:      CURL_VERSION_LARGEFILE
LogInit:      CURL_VERSION_IDN
LogInit:  CurlRequestOptions (configurable via config and command line):
LogInit:  - bVerifyPeer = true  - Libcurl will verify peer certificate
LogInit:  - bUseHttpProxy = false  - Libcurl will NOT use HTTP proxy
LogInit:  - bDontReuseConnections = false  - Libcurl will reuse connections
LogInit:  - MaxHostConnections = 16  - Libcurl will limit the number of connections to a host
LogInit:  - LocalHostAddr = Default
LogInit:  - BufferSize = 65536
LogOnline: OSS: Creating online subsystem instance for: NULL
LogInit: WinSock: version 1.1 (2.2), MaxSocks=32767, MaxUdp=65467
LogOnline: OSS: TryLoadSubsystemAndSetDefault: Loaded subsystem for module [NULL]
LogOculusPluginWrapper: OculusPlugin initialized successfully
LogHMD: Failed initializing OVRPlugin 1.59.0
LogInit: Build: ++UE4+Release-4.27-CL-18319896
LogInit: Engine Version: 4.27.2-18319896+++UE4+Release-4.27
LogInit: Compatible Engine Version: 4.27.0-17155196+++UE4+Release-4.27
LogInit: Net CL: 17155196
LogInit: OS: Windows 10 (Release 2009) (), CPU: Intel(R) Core(TM) i7-8700K CPU @ 3.70GHz, GPU: NVIDIA GeForce GTX 1070 Ti
LogInit: Compiled (64-bit): Nov 30 2021 07:12:08
LogInit: Compiled with Visual C++: 19.24.28315.00
LogInit: Build Configuration: Development
LogInit: Branch Name: ++UE4+Release-4.27
LogInit: Command Line: 
LogInit: Base Directory: C:/Program Files/Epic Games/UE_4.27/Engine/Binaries/Win64/
LogInit: Allocator: TBB
LogInit: Installed Engine Build: 1
LogDevObjectVersion: Number of dev versions registered: 29
LogDevObjectVersion:   Dev-Blueprints (B0D832E4-1F89-4F0D-ACCF-7EB736FD4AA2): 10
LogDevObjectVersion:   Dev-Build (E1C64328-A22C-4D53-A36C-8E866417BD8C): 0
LogDevObjectVersion:   Dev-Core (375EC13C-06E4-48FB-B500-84F0262A717E): 4
LogDevObjectVersion:   Dev-Editor (E4B068ED-F494-42E9-A231-DA0B2E46BB41): 40
LogDevObjectVersion:   Dev-Framework (CFFC743F-43B0-4480-9391-14DF171D2073): 37
LogDevObjectVersion:   Dev-Mobile (B02B49B5-BB20-44E9-A304-32B752E40360): 3
LogDevObjectVersion:   Dev-Networking (A4E4105C-59A1-49B5-A7C5-40C4547EDFEE): 0
LogDevObjectVersion:   Dev-Online (39C831C9-5AE6-47DC-9A44-9C173E1C8E7C): 0
LogDevObjectVersion:   Dev-Physics (78F01B33-EBEA-4F98-B9B4-84EACCB95AA2): 14
LogDevObjectVersion:   Dev-Platform (6631380F-2D4D-43E0-8009-CF276956A95A): 0
LogDevObjectVersion:   Dev-Rendering (12F88B9F-8875-4AFC-A67C-D90C383ABD29): 45
LogDevObjectVersion:   Dev-Sequencer (7B5AE74C-D270-4C10-A958-57980B212A5A): 13
LogDevObjectVersion:   Dev-VR (D7296918-1DD6-4BDD-9DE2-64A83CC13884): 3
LogDevObjectVersion:   Dev-LoadTimes (C2A15278-BFE7-4AFE-6C17-90FF531DF755): 1
LogDevObjectVersion:   Private-Geometry (6EACA3D4-40EC-4CC1-B786-8BED09428FC5): 3
LogDevObjectVersion:   Dev-AnimPhys (29E575DD-E0A3-4627-9D10-D276232CDCEA): 17
LogDevObjectVersion:   Dev-Anim (AF43A65D-7FD3-4947-9873-3E8ED9C1BB05): 15
LogDevObjectVersion:   Dev-ReflectionCapture (6B266CEC-1EC7-4B8F-A30B-E4D90942FC07): 1
LogDevObjectVersion:   Dev-Automation (0DF73D61-A23F-47EA-B727-89E90C41499A): 1
LogDevObjectVersion:   FortniteMain (601D1886-AC64-4F84-AA16-D3DE0DEAC7D6): 47
LogDevObjectVersion:   FortniteRelease (E7086368-6B23-4C58-8439-1B7016265E91): 1
LogDevObjectVersion:   Dev-Enterprise (9DFFBCD6-494F-0158-E221-12823C92A888): 10
LogDevObjectVersion:   Dev-Niagara (F2AED0AC-9AFE-416F-8664-AA7FFA26D6FC): 1
LogDevObjectVersion:   Dev-Destruction (174F1F0B-B4C6-45A5-B13F-2EE8D0FB917D): 10
LogDevObjectVersion:   Dev-Physics-Ext (35F94A83-E258-406C-A318-09F59610247C): 41
LogDevObjectVersion:   Dev-PhysicsMaterial-Chaos (B68FC16E-8B1B-42E2-B453-215C058844FE): 1
LogDevObjectVersion:   Dev-CineCamera (B2E18506-4273-CFC2-A54E-F4BB758BBA07): 1
LogDevObjectVersion:   Dev-VirtualProduction (64F58936-FD1B-42BA-BA96-7289D5D0FA4E): 1
LogDevObjectVersion:   Dev-MediaFramework (6F0ED827-A609-4895-9C91-998D90180EA4): 2
LogInit: Presizing for max 25165824 objects, including 0 objects not considered by GC, pre-allocating 0 bytes for permanent pool.
LogConfig: Applying CVar settings from Section [/Script/Engine.StreamingSettings] File [F:/___JOHN_CoS/John_CoS/CastleOfSecrets/Saved/Config/Windows/Engine.ini]
LogConfig: Setting CVar [[s.MinBulkDataSizeForAsyncLoading:131072]]
LogConfig: Setting CVar [[s.AsyncLoadingThreadEnabled:0]]
LogConfig: Setting CVar [[s.EventDrivenLoaderEnabled:1]]
LogConfig: Setting CVar [[s.WarnIfTimeLimitExceeded:0]]
LogConfig: Setting CVar [[s.TimeLimitExceededMultiplier:1.5]]
LogConfig: Setting CVar [[s.TimeLimitExceededMinTime:0.005]]
LogConfig: Setting CVar [[s.UseBackgroundLevelStreaming:1]]
LogConfig: Setting CVar [[s.PriorityAsyncLoadingExtraTime:15.0]]
LogConfig: Setting CVar [[s.LevelStreamingActorsUpdateTimeLimit:5.0]]
LogConfig: Setting CVar [[s.PriorityLevelStreamingActorsUpdateExtraTime:5.0]]
LogConfig: Setting CVar [[s.LevelStreamingComponentsRegistrationGranularity:10]]
LogConfig: Setting CVar [[s.UnregisterComponentsTimeLimit:1.0]]
LogConfig: Setting CVar [[s.LevelStreamingComponentsUnregistrationGranularity:5]]
LogConfig: Setting CVar [[s.FlushStreamingOnExit:1]]
LogInit: Object subsystem initialized
LogConfig: Setting CVar [[con.DebugEarlyDefault:1]]
LogConfig: Setting CVar [[r.setres:1280x720]]
[2022.06.19-13.46.56:521][  0]LogConfig: Setting CVar [[r.VSync:0]]
[2022.06.19-13.46.56:521][  0]LogConfig: Setting CVar [[r.RHICmdBypass:0]]
[2022.06.19-13.46.56:521][  0]LogConfig: Applying CVar settings from Section [/Script/Engine.RendererSettings] File [F:/___JOHN_CoS/John_CoS/CastleOfSecrets/Saved/Config/Windows/Engine.ini]
[2022.06.19-13.46.56:521][  0]LogConfig: Setting CVar [[r.GPUCrashDebugging:0]]
[2022.06.19-13.46.56:521][  0]LogConfig: Setting CVar [[r.TextureStreaming:0]]
[2022.06.19-13.46.56:521][  0]LogConfig: Setting CVar [[r.CustomDepth:3]]
[2022.06.19-13.46.56:521][  0]LogConfig: Applying CVar settings from Section [/Script/Engine.RendererOverrideSettings] File [F:/___JOHN_CoS/John_CoS/CastleOfSecrets/Saved/Config/Windows/Engine.ini]
[2022.06.19-13.46.56:521][  0]LogConfig: Applying CVar settings from Section [/Script/Engine.StreamingSettings] File [F:/___JOHN_CoS/John_CoS/CastleOfSecrets/Saved/Config/Windows/Engine.ini]
[2022.06.19-13.46.56:521][  0]LogConfig: Setting CVar [[s.MinBulkDataSizeForAsyncLoading:131072]]
[2022.06.19-13.46.56:521][  0]LogConfig: Setting CVar [[s.AsyncLoadingThreadEnabled:0]]
[2022.06.19-13.46.56:521][  0]LogConfig: Setting CVar [[s.EventDrivenLoaderEnabled:1]]
[2022.06.19-13.46.56:521][  0]LogConfig: Setting CVar [[s.WarnIfTimeLimitExceeded:0]]
[2022.06.19-13.46.56:521][  0]LogConfig: Setting CVar [[s.TimeLimitExceededMultiplier:1.5]]
[2022.06.19-13.46.56:521][  0]LogConfig: Setting CVar [[s.TimeLimitExceededMinTime:0.005]]
[2022.06.19-13.46.56:522][  0]LogConfig: Setting CVar [[s.UseBackgroundLevelStreaming:1]]
[2022.06.19-13.46.56:522][  0]LogConfig: Setting CVar [[s.PriorityAsyncLoadingExtraTime:15.0]]
[2022.06.19-13.46.56:522][  0]LogConfig: Setting CVar [[s.LevelStreamingActorsUpdateTimeLimit:5.0]]
[2022.06.19-13.46.56:522][  0]LogConfig: Setting CVar [[s.PriorityLevelStreamingActorsUpdateExtraTime:5.0]]
[2022.06.19-13.46.56:522][  0]LogConfig: Setting CVar [[s.LevelStreamingComponentsRegistrationGranularity:10]]
[2022.06.19-13.46.56:522][  0]LogConfig: Setting CVar [[s.UnregisterComponentsTimeLimit:1.0]]
[2022.06.19-13.46.56:522][  0]LogConfig: Setting CVar [[s.LevelStreamingComponentsUnregistrationGranularity:5]]
[2022.06.19-13.46.56:522][  0]LogConfig: Setting CVar [[s.FlushStreamingOnExit:1]]
[2022.06.19-13.46.56:522][  0]LogConfig: Applying CVar settings from Section [/Script/Engine.GarbageCollectionSettings] File [F:/___JOHN_CoS/John_CoS/CastleOfSecrets/Saved/Config/Windows/Engine.ini]
[2022.06.19-13.46.56:522][  0]LogConfig: Setting CVar [[gc.MaxObjectsNotConsideredByGC:1]]
[2022.06.19-13.46.56:522][  0]LogConfig: Setting CVar [[gc.SizeOfPermanentObjectPool:0]]
[2022.06.19-13.46.56:522][  0]LogConfig: Setting CVar [[gc.FlushStreamingOnGC:0]]
[2022.06.19-13.46.56:522][  0]LogConfig: Setting CVar [[gc.NumRetriesBeforeForcingGC:10]]
[2022.06.19-13.46.56:522][  0]LogConfig: Setting CVar [[gc.AllowParallelGC:1]]
[2022.06.19-13.46.56:522][  0]LogConfig: Setting CVar [[gc.TimeBetweenPurgingPendingKillObjects:61.1]]
[2022.06.19-13.46.56:522][  0]LogConfig: Setting CVar [[gc.MaxObjectsInEditor:25165824]]
[2022.06.19-13.46.56:522][  0]LogConfig: Setting CVar [[gc.IncrementalBeginDestroyEnabled:1]]
[2022.06.19-13.46.56:522][  0]LogConfig: Setting CVar [[gc.CreateGCClusters:1]]
[2022.06.19-13.46.56:522][  0]LogConfig: Setting CVar [[gc.MinGCClusterSize:5]]
[2022.06.19-13.46.56:522][  0]LogConfig: Setting CVar [[gc.ActorClusteringEnabled:0]]
[2022.06.19-13.46.56:522][  0]LogConfig: Setting CVar [[gc.BlueprintClusteringEnabled:0]]
[2022.06.19-13.46.56:522][  0]LogConfig: Setting CVar [[gc.UseDisregardForGCOnDedicatedServers:0]]
[2022.06.19-13.46.56:522][  0]LogConfig: Setting CVar [[gc.MultithreadedDestructionEnabled:1]]
[2022.06.19-13.46.56:522][  0]LogConfig: Applying CVar settings from Section [/Script/Engine.NetworkSettings] File [F:/___JOHN_CoS/John_CoS/CastleOfSecrets/Saved/Config/Windows/Engine.ini]
[2022.06.19-13.46.56:522][  0]LogConfig: Applying CVar settings from Section [/Script/UnrealEd.CookerSettings] File [F:/___JOHN_CoS/John_CoS/CastleOfSecrets/Saved/Config/Windows/Engine.ini]
[2022.06.19-13.46.56:536][  0]LogConfig: Applying CVar settings from Section [ViewDistanceQuality@3] File [F:/___JOHN_CoS/John_CoS/CastleOfSecrets/Saved/Config/Windows/Scalability.ini]
[2022.06.19-13.46.56:536][  0]LogConfig: Setting CVar [[r.SkeletalMeshLODBias:0]]
[2022.06.19-13.46.56:536][  0]LogConfig: Setting CVar [[r.ViewDistanceScale:1.0]]
[2022.06.19-13.46.56:536][  0]LogConfig: Applying CVar settings from Section [AntiAliasingQuality@3] File [F:/___JOHN_CoS/John_CoS/CastleOfSecrets/Saved/Config/Windows/Scalability.ini]
[2022.06.19-13.46.56:536][  0]LogConfig: Setting CVar [[r.PostProcessAAQuality:4]]
[2022.06.19-13.46.56:536][  0]LogConfig: Applying CVar settings from Section [ShadowQuality@3] File [F:/___JOHN_CoS/John_CoS/CastleOfSecrets/Saved/Config/Windows/Scalability.ini]
[2022.06.19-13.46.56:536][  0]LogConfig: Setting CVar [[r.LightFunctionQuality:1]]
[2022.06.19-13.46.56:536][  0]LogConfig: Setting CVar [[r.ShadowQuality:5]]
[2022.06.19-13.46.56:536][  0]LogConfig: Setting CVar [[r.Shadow.CSM.MaxCascades:10]]
[2022.06.19-13.46.56:536][  0]LogConfig: Setting CVar [[r.Shadow.MaxResolution:2048]]
[2022.06.19-13.46.56:536][  0]LogConfig: Setting CVar [[r.Shadow.MaxCSMResolution:2048]]
[2022.06.19-13.46.56:536][  0]LogConfig: Setting CVar [[r.Shadow.RadiusThreshold:0.01]]
[2022.06.19-13.46.56:536][  0]LogConfig: Setting CVar [[r.Shadow.DistanceScale:1.0]]
[2022.06.19-13.46.56:536][  0]LogConfig: Setting CVar [[r.Shadow.CSM.TransitionScale:1.0]]
[2022.06.19-13.46.56:536][  0]LogConfig: Setting CVar [[r.Shadow.PreShadowResolutionFactor:1.0]]
[2022.06.19-13.46.56:536][  0]LogConfig: Setting CVar [[r.DistanceFieldShadowing:1]]
[2022.06.19-13.46.56:536][  0]LogConfig: Setting CVar [[r.DistanceFieldAO:1]]
[2022.06.19-13.46.56:536][  0]LogConfig: Setting CVar [[r.AOQuality:2]]
[2022.06.19-13.46.56:536][  0]LogConfig: Setting CVar [[r.VolumetricFog:1]]
[2022.06.19-13.46.56:536][  0]LogConfig: Setting CVar [[r.VolumetricFog.GridPixelSize:8]]
[2022.06.19-13.46.56:536][  0]LogConfig: Setting CVar [[r.VolumetricFog.GridSizeZ:128]]
[2022.06.19-13.46.56:536][  0]LogConfig: Setting CVar [[r.VolumetricFog.HistoryMissSupersampleCount:4]]
[2022.06.19-13.46.56:536][  0]LogConfig: Setting CVar [[r.LightMaxDrawDistanceScale:1]]
[2022.06.19-13.46.56:536][  0]LogConfig: Setting CVar [[r.CapsuleShadows:1]]
[2022.06.19-13.46.56:536][  0]LogConfig: Applying CVar settings from Section [PostProcessQuality@3] File [F:/___JOHN_CoS/John_CoS/CastleOfSecrets/Saved/Config/Windows/Scalability.ini]
[2022.06.19-13.46.56:536][  0]LogConfig: Setting CVar [[r.MotionBlurQuality:4]]
[2022.06.19-13.46.56:536][  0]LogConfig: Setting CVar [[r.AmbientOcclusionMipLevelFactor:0.4]]
[2022.06.19-13.46.56:536][  0]LogConfig: Setting CVar [[r.AmbientOcclusionMaxQuality:100]]
[2022.06.19-13.46.56:536][  0]LogConfig: Setting CVar [[r.AmbientOcclusionLevels:-1]]
[2022.06.19-13.46.56:536][  0]LogConfig: Setting CVar [[r.AmbientOcclusionRadiusScale:1.0]]
[2022.06.19-13.46.56:536][  0]LogConfig: Setting CVar [[r.DepthOfFieldQuality:2]]
[2022.06.19-13.46.56:536][  0]LogConfig: Setting CVar [[r.RenderTargetPoolMin:400]]
[2022.06.19-13.46.56:536][  0]LogConfig: Setting CVar [[r.LensFlareQuality:2]]
[2022.06.19-13.46.56:536][  0]LogConfig: Setting CVar [[r.SceneColorFringeQuality:1]]
[2022.06.19-13.46.56:536][  0]LogConfig: Setting CVar [[r.EyeAdaptationQuality:2]]
[2022.06.19-13.46.56:536][  0]LogConfig: Setting CVar [[r.BloomQuality:5]]
[2022.06.19-13.46.56:536][  0]LogConfig: Setting CVar [[r.FastBlurThreshold:100]]
[2022.06.19-13.46.56:536][  0]LogConfig: Setting CVar [[r.Upscale.Quality:3]]
[2022.06.19-13.46.56:536][  0]LogConfig: Setting CVar [[r.Tonemapper.GrainQuantization:1]]
[2022.06.19-13.46.56:536][  0]LogConfig: Setting CVar [[r.LightShaftQuality:1]]
[2022.06.19-13.46.56:536][  0]LogConfig: Setting CVar [[r.Filter.SizeScale:1]]
[2022.06.19-13.46.56:536][  0]LogConfig: Setting CVar [[r.Tonemapper.Quality:5]]
[2022.06.19-13.46.56:536][  0]LogConfig: Setting CVar [[r.DOF.Gather.AccumulatorQuality:1        ; higher gathering accumulator quality]]
[2022.06.19-13.46.56:536][  0]LogConfig: Setting CVar [[r.DOF.Gather.PostfilterMethod:1          ; Median3x3 postfilering method]]
[2022.06.19-13.46.56:536][  0]LogConfig: Setting CVar [[r.DOF.Gather.EnableBokehSettings:0       ; no bokeh simulation when gathering]]
[2022.06.19-13.46.56:536][  0]LogConfig: Setting CVar [[r.DOF.Gather.RingCount:4                 ; medium number of samples when gathering]]
[2022.06.19-13.46.56:536][  0]LogConfig: Setting CVar [[r.DOF.Scatter.ForegroundCompositing:1    ; additive foreground scattering]]
[2022.06.19-13.46.56:536][  0]LogConfig: Setting CVar [[r.DOF.Scatter.BackgroundCompositing:2    ; additive background scattering]]
[2022.06.19-13.46.56:536][  0]LogConfig: Setting CVar [[r.DOF.Scatter.EnableBokehSettings:1      ; bokeh simulation when scattering]]
[2022.06.19-13.46.56:537][  0]LogConfig: Setting CVar [[r.DOF.Scatter.MaxSpriteRatio:0.1         ; only a maximum of 10% of scattered bokeh]]
[2022.06.19-13.46.56:537][  0]LogConfig: Setting CVar [[r.DOF.Recombine.Quality:1                ; cheap slight out of focus]]
[2022.06.19-13.46.56:537][  0]LogConfig: Setting CVar [[r.DOF.Recombine.EnableBokehSettings:0    ; no bokeh simulation on slight out of focus]]
[2022.06.19-13.46.56:537][  0]LogConfig: Setting CVar [[r.DOF.TemporalAAQuality:1                ; more stable temporal accumulation]]
[2022.06.19-13.46.56:537][  0]LogConfig: Setting CVar [[r.DOF.Kernel.MaxForegroundRadius:0.025]]
[2022.06.19-13.46.56:537][  0]LogConfig: Setting CVar [[r.DOF.Kernel.MaxBackgroundRadius:0.025]]
[2022.06.19-13.46.56:537][  0]LogConfig: Applying CVar settings from Section [TextureQuality@3] File [F:/___JOHN_CoS/John_CoS/CastleOfSecrets/Saved/Config/Windows/Scalability.ini]
[2022.06.19-13.46.56:537][  0]LogConfig: Setting CVar [[r.Streaming.MipBias:0]]
[2022.06.19-13.46.56:537][  0]LogConfig: Setting CVar [[r.Streaming.AmortizeCPUToGPUCopy:0]]
[2022.06.19-13.46.56:537][  0]LogConfig: Setting CVar [[r.Streaming.MaxNumTexturesToStreamPerFrame:0]]
[2022.06.19-13.46.56:537][  0]LogConfig: Setting CVar [[r.Streaming.Boost:1]]
[2022.06.19-13.46.56:537][  0]LogConfig: Setting CVar [[r.MaxAnisotropy:8]]
[2022.06.19-13.46.56:537][  0]LogConfig: Setting CVar [[r.VT.MaxAnisotropy:8]]
[2022.06.19-13.46.56:537][  0]LogConfig: Setting CVar [[r.Streaming.LimitPoolSizeToVRAM:0]]
[2022.06.19-13.46.56:537][  0]LogConfig: Setting CVar [[r.Streaming.PoolSize:1000]]
[2022.06.19-13.46.56:537][  0]LogConfig: Setting CVar [[r.Streaming.MaxEffectiveScreenSize:0]]
[2022.06.19-13.46.56:537][  0]LogConfig: Applying CVar settings from Section [EffectsQuality@3] File [F:/___JOHN_CoS/John_CoS/CastleOfSecrets/Saved/Config/Windows/Scalability.ini]
[2022.06.19-13.46.56:537][  0]LogConfig: Setting CVar [[r.TranslucencyLightingVolumeDim:64]]
[2022.06.19-13.46.56:537][  0]LogConfig: Setting CVar [[r.RefractionQuality:2]]
[2022.06.19-13.46.56:537][  0]LogConfig: Setting CVar [[r.SSR.Quality:3]]
[2022.06.19-13.46.56:537][  0]LogConfig: Setting CVar [[r.SSR.HalfResSceneColor:0]]
[2022.06.19-13.46.56:537][  0]LogConfig: Setting CVar [[r.SceneColorFormat:4]]
[2022.06.19-13.46.56:537][  0]LogConfig: Setting CVar [[r.DetailMode:2]]
[2022.06.19-13.46.56:537][  0]LogConfig: Setting CVar [[r.TranslucencyVolumeBlur:1]]
[2022.06.19-13.46.56:537][  0]LogConfig: Setting CVar [[r.MaterialQualityLevel:1 ; High quality]]
[2022.06.19-13.46.56:537][  0]LogConfig: Setting CVar [[r.AnisotropicMaterials:1]]
[2022.06.19-13.46.56:537][  0]LogConfig: Setting CVar [[r.SSS.Scale:1]]
[2022.06.19-13.46.56:537][  0]LogConfig: Setting CVar [[r.SSS.SampleSet:2]]
[2022.06.19-13.46.56:537][  0]LogConfig: Setting CVar [[r.SSS.Quality:1]]
[2022.06.19-13.46.56:537][  0]LogConfig: Setting CVar [[r.SSS.HalfRes:0]]
[2022.06.19-13.46.56:537][  0]LogConfig: Setting CVar [[r.SSGI.Quality:3]]
[2022.06.19-13.46.56:537][  0]LogConfig: Setting CVar [[r.EmitterSpawnRateScale:1.0]]
[2022.06.19-13.46.56:537][  0]LogConfig: Setting CVar [[r.ParticleLightQuality:2]]
[2022.06.19-13.46.56:537][  0]LogConfig: Setting CVar [[r.SkyAtmosphere.AerialPerspectiveLUT.FastApplyOnOpaque:1 ; Always have FastSkyLUT 1 in this case to avoid wrong sky]]
[2022.06.19-13.46.56:537][  0]LogConfig: Setting CVar [[r.SkyAtmosphere.AerialPerspectiveLUT.SampleCountMaxPerSlice:4]]
[2022.06.19-13.46.56:537][  0]LogConfig: Setting CVar [[r.SkyAtmosphere.AerialPerspectiveLUT.DepthResolution:16.0]]
[2022.06.19-13.46.56:537][  0]LogConfig: Setting CVar [[r.SkyAtmosphere.FastSkyLUT:1]]
[2022.06.19-13.46.56:537][  0]LogConfig: Setting CVar [[r.SkyAtmosphere.FastSkyLUT.SampleCountMin:4.0]]
[2022.06.19-13.46.56:537][  0]LogConfig: Setting CVar [[r.SkyAtmosphere.FastSkyLUT.SampleCountMax:128.0]]
[2022.06.19-13.46.56:537][  0]LogConfig: Setting CVar [[r.SkyAtmosphere.SampleCountMin:4.0]]
[2022.06.19-13.46.56:537][  0]LogConfig: Setting CVar [[r.SkyAtmosphere.SampleCountMax:128.0]]
[2022.06.19-13.46.56:537][  0]LogConfig: Setting CVar [[r.SkyAtmosphere.TransmittanceLUT.UseSmallFormat:0]]
[2022.06.19-13.46.56:537][  0]LogConfig: Setting CVar [[r.SkyAtmosphere.TransmittanceLUT.SampleCount:10.0]]
[2022.06.19-13.46.56:537][  0]LogConfig: Setting CVar [[r.SkyAtmosphere.MultiScatteringLUT.SampleCount:15.0]]
[2022.06.19-13.46.56:537][  0]LogConfig: Setting CVar [[r.SkyLight.RealTimeReflectionCapture:1]]
[2022.06.19-13.46.56:537][  0]LogConfig: Applying CVar settings from Section [FoliageQuality@3] File [F:/___JOHN_CoS/John_CoS/CastleOfSecrets/Saved/Config/Windows/Scalability.ini]
[2022.06.19-13.46.56:537][  0]LogConfig: Setting CVar [[foliage.DensityScale:1.0]]
[2022.06.19-13.46.56:537][  0]LogConfig: Setting CVar [[grass.DensityScale:1.0]]
[2022.06.19-13.46.56:537][  0]LogConfig: Applying CVar settings from Section [ShadingQuality@3] File [F:/___JOHN_CoS/John_CoS/CastleOfSecrets/Saved/Config/Windows/Scalability.ini]
[2022.06.19-13.46.56:537][  0]LogConfig: Setting CVar [[r.HairStrands.SkyLighting.IntegrationType:2]]
[2022.06.19-13.46.56:537][  0]LogConfig: Setting CVar [[r.HairStrands.SkyAO.SampleCount:4]]
[2022.06.19-13.46.56:537][  0]LogConfig: Setting CVar [[r.HairStrands.Visibility.MSAA.SamplePerPixel:4]]
[2022.06.19-13.46.56:537][  0]LogInit: Selected Device Profile: [Windows]
[2022.06.19-13.46.56:537][  0]LogInit: Applying CVar settings loaded from the selected device profile: [Windows]
[2022.06.19-13.46.56:537][  0]LogHAL: Display: Platform has ~ 40 GB [42898518016 / 68719476736 / 40], which maps to Largest [LargestMinGB=32, LargerMinGB=12, DefaultMinGB=8, SmallerMinGB=6, SmallestMinGB=0)
[2022.06.19-13.46.56:537][  0]LogInit: Going up to parent DeviceProfile []
[2022.06.19-13.46.56:537][  0]LogConfig: Applying CVar settings from Section [ViewDistanceQuality@2] File [F:/___JOHN_CoS/John_CoS/CastleOfSecrets/Saved/Config/Windows/Scalability.ini]
[2022.06.19-13.46.56:537][  0]LogConfig: Setting CVar [[r.SkeletalMeshLODBias:0]]
[2022.06.19-13.46.56:537][  0]LogConfig: Setting CVar [[r.ViewDistanceScale:0.8]]
[2022.06.19-13.46.56:537][  0]LogConfig: Applying CVar settings from Section [AntiAliasingQuality@2] File [F:/___JOHN_CoS/John_CoS/CastleOfSecrets/Saved/Config/Windows/Scalability.ini]
[2022.06.19-13.46.56:537][  0]LogConfig: Setting CVar [[r.PostProcessAAQuality:3]]
[2022.06.19-13.46.56:537][  0]LogConfig: Applying CVar settings from Section [ShadowQuality@2] File [F:/___JOHN_CoS/John_CoS/CastleOfSecrets/Saved/Config/Windows/Scalability.ini]
[2022.06.19-13.46.56:537][  0]LogConfig: Setting CVar [[r.LightFunctionQuality:1]]
[2022.06.19-13.46.56:537][  0]LogConfig: Setting CVar [[r.ShadowQuality:5]]
[2022.06.19-13.46.56:537][  0]LogConfig: Setting CVar [[r.Shadow.CSM.MaxCascades:4]]
[2022.06.19-13.46.56:537][  0]LogConfig: Setting CVar [[r.Shadow.MaxResolution:1024]]
[2022.06.19-13.46.56:537][  0]LogConfig: Setting CVar [[r.Shadow.MaxCSMResolution:2048]]
[2022.06.19-13.46.56:537][  0]LogConfig: Setting CVar [[r.Shadow.RadiusThreshold:0.04]]
[2022.06.19-13.46.56:537][  0]LogConfig: Setting CVar [[r.Shadow.DistanceScale:0.85]]
[2022.06.19-13.46.56:537][  0]LogConfig: Setting CVar [[r.Shadow.CSM.TransitionScale:0.8]]
[2022.06.19-13.46.56:537][  0]LogConfig: Setting CVar [[r.Shadow.PreShadowResolutionFactor:0.5]]
[2022.06.19-13.46.56:537][  0]LogConfig: Setting CVar [[r.DistanceFieldShadowing:1]]
[2022.06.19-13.46.56:537][  0]LogConfig: Setting CVar [[r.DistanceFieldAO:1]]
[2022.06.19-13.46.56:537][  0]LogConfig: Setting CVar [[r.AOQuality:1]]
[2022.06.19-13.46.56:537][  0]LogConfig: Setting CVar [[r.VolumetricFog:1]]
[2022.06.19-13.46.56:537][  0]LogConfig: Setting CVar [[r.VolumetricFog.GridPixelSize:16]]
[2022.06.19-13.46.56:537][  0]LogConfig: Setting CVar [[r.VolumetricFog.GridSizeZ:64]]
[2022.06.19-13.46.56:537][  0]LogConfig: Setting CVar [[r.VolumetricFog.HistoryMissSupersampleCount:4]]
[2022.06.19-13.46.56:537][  0]LogConfig: Setting CVar [[r.LightMaxDrawDistanceScale:1]]
[2022.06.19-13.46.56:537][  0]LogConfig: Setting CVar [[r.CapsuleShadows:1]]
[2022.06.19-13.46.56:537][  0]LogConfig: Applying CVar settings from Section [PostProcessQuality@2] File [F:/___JOHN_CoS/John_CoS/CastleOfSecrets/Saved/Config/Windows/Scalability.ini]
[2022.06.19-13.46.56:537][  0]LogConfig: Setting CVar [[r.MotionBlurQuality:3]]
[2022.06.19-13.46.56:537][  0]LogConfig: Setting CVar [[r.AmbientOcclusionMipLevelFactor:0.6]]
[2022.06.19-13.46.56:537][  0]LogConfig: Setting CVar [[r.AmbientOcclusionMaxQuality:100]]
[2022.06.19-13.46.56:537][  0]LogConfig: Setting CVar [[r.AmbientOcclusionLevels:-1]]
[2022.06.19-13.46.56:537][  0]LogConfig: Setting CVar [[r.AmbientOcclusionRadiusScale:1.5]]
[2022.06.19-13.46.56:537][  0]LogConfig: Setting CVar [[r.DepthOfFieldQuality:2]]
[2022.06.19-13.46.56:537][  0]LogConfig: Setting CVar [[r.RenderTargetPoolMin:400]]
[2022.06.19-13.46.56:537][  0]LogConfig: Setting CVar [[r.LensFlareQuality:2]]
[2022.06.19-13.46.56:537][  0]LogConfig: Setting CVar [[r.SceneColorFringeQuality:1]]
[2022.06.19-13.46.56:537][  0]LogConfig: Setting CVar [[r.EyeAdaptationQuality:2]]
[2022.06.19-13.46.56:537][  0]LogConfig: Setting CVar [[r.BloomQuality:5]]
[2022.06.19-13.46.56:538][  0]LogConfig: Setting CVar [[r.FastBlurThreshold:3]]
[2022.06.19-13.46.56:538][  0]LogConfig: Setting CVar [[r.Upscale.Quality:2]]
[2022.06.19-13.46.56:538][  0]LogConfig: Setting CVar [[r.Tonemapper.GrainQuantization:1]]
[2022.06.19-13.46.56:538][  0]LogConfig: Setting CVar [[r.LightShaftQuality:1]]
[2022.06.19-13.46.56:538][  0]LogConfig: Setting CVar [[r.Filter.SizeScale:0.8]]
[2022.06.19-13.46.56:538][  0]LogConfig: Setting CVar [[r.Tonemapper.Quality:5]]
[2022.06.19-13.46.56:538][  0]LogConfig: Setting CVar [[r.DOF.Gather.AccumulatorQuality:0        ; lower gathering accumulator quality]]
[2022.06.19-13.46.56:538][  0]LogConfig: Setting CVar [[r.DOF.Gather.PostfilterMethod:2          ; Max3x3 postfilering method]]
[2022.06.19-13.46.56:538][  0]LogConfig: Setting CVar [[r.DOF.Gather.EnableBokehSettings:0       ; no bokeh simulation when gathering]]
[2022.06.19-13.46.56:538][  0]LogConfig: Setting CVar [[r.DOF.Gather.RingCount:4                 ; medium number of samples when gathering]]
[2022.06.19-13.46.56:538][  0]LogConfig: Setting CVar [[r.DOF.Scatter.ForegroundCompositing:1    ; additive foreground scattering]]
[2022.06.19-13.46.56:538][  0]LogConfig: Setting CVar [[r.DOF.Scatter.BackgroundCompositing:1    ; no background occlusion]]
[2022.06.19-13.46.56:538][  0]LogConfig: Setting CVar [[r.DOF.Scatter.EnableBokehSettings:0      ; no bokeh simulation when scattering]]
[2022.06.19-13.46.56:538][  0]LogConfig: Setting CVar [[r.DOF.Scatter.MaxSpriteRatio:0.04        ; only a maximum of 4% of scattered bokeh]]
[2022.06.19-13.46.56:538][  0]LogConfig: Setting CVar [[r.DOF.Recombine.Quality:0                ; no slight out of focus]]
[2022.06.19-13.46.56:538][  0]LogConfig: Setting CVar [[r.DOF.TemporalAAQuality:0                ; faster temporal accumulation]]
[2022.06.19-13.46.56:538][  0]LogConfig: Setting CVar [[r.DOF.Kernel.MaxForegroundRadius:0.012   ; required because of AccumulatorQuality=0]]
[2022.06.19-13.46.56:538][  0]LogConfig: Setting CVar [[r.DOF.Kernel.MaxBackgroundRadius:0.012   ; required because of AccumulatorQuality=0]]
[2022.06.19-13.46.56:538][  0]LogConfig: Applying CVar settings from Section [TextureQuality@2] File [F:/___JOHN_CoS/John_CoS/CastleOfSecrets/Saved/Config/Windows/Scalability.ini]
[2022.06.19-13.46.56:538][  0]LogConfig: Setting CVar [[r.Streaming.MipBias:0]]
[2022.06.19-13.46.56:538][  0]LogConfig: Setting CVar [[r.Streaming.AmortizeCPUToGPUCopy:0]]
[2022.06.19-13.46.56:538][  0]LogConfig: Setting CVar [[r.Streaming.MaxNumTexturesToStreamPerFrame:0]]
[2022.06.19-13.46.56:538][  0]LogConfig: Setting CVar [[r.Streaming.Boost:1]]
[2022.06.19-13.46.56:538][  0]LogConfig: Setting CVar [[r.MaxAnisotropy:4]]
[2022.06.19-13.46.56:538][  0]LogConfig: Setting CVar [[r.VT.MaxAnisotropy:8]]
[2022.06.19-13.46.56:538][  0]LogConfig: Setting CVar [[r.Streaming.LimitPoolSizeToVRAM:1]]
[2022.06.19-13.46.56:538][  0]LogConfig: Setting CVar [[r.Streaming.PoolSize:800]]
[2022.06.19-13.46.56:538][  0]LogConfig: Setting CVar [[r.Streaming.MaxEffectiveScreenSize:0]]
[2022.06.19-13.46.56:538][  0]LogConfig: Applying CVar settings from Section [EffectsQuality@2] File [F:/___JOHN_CoS/John_CoS/CastleOfSecrets/Saved/Config/Windows/Scalability.ini]
[2022.06.19-13.46.56:538][  0]LogConfig: Setting CVar [[r.TranslucencyLightingVolumeDim:48]]
[2022.06.19-13.46.56:538][  0]LogConfig: Setting CVar [[r.RefractionQuality:2]]
[2022.06.19-13.46.56:538][  0]LogConfig: Setting CVar [[r.SSR.Quality:2]]
[2022.06.19-13.46.56:538][  0]LogConfig: Setting CVar [[r.SSR.HalfResSceneColor:1]]
[2022.06.19-13.46.56:538][  0]LogConfig: Setting CVar [[r.SceneColorFormat:3]]
[2022.06.19-13.46.56:538][  0]LogConfig: Setting CVar [[r.DetailMode:1]]
[2022.06.19-13.46.56:538][  0]LogConfig: Setting CVar [[r.TranslucencyVolumeBlur:1]]
[2022.06.19-13.46.56:538][  0]LogConfig: Setting CVar [[r.MaterialQualityLevel:1 ; High quality]]
[2022.06.19-13.46.56:538][  0]LogConfig: Setting CVar [[r.AnisotropicMaterials:1]]
[2022.06.19-13.46.56:538][  0]LogConfig: Setting CVar [[r.SSS.Scale:1]]
[2022.06.19-13.46.56:538][  0]LogConfig: Setting CVar [[r.SSS.SampleSet:1]]
[2022.06.19-13.46.56:538][  0]LogConfig: Setting CVar [[r.SSS.Quality:-1]]
[2022.06.19-13.46.56:538][  0]LogConfig: Setting CVar [[r.SSS.HalfRes:1]]
[2022.06.19-13.46.56:538][  0]LogConfig: Setting CVar [[r.SSGI.Quality:2]]
[2022.06.19-13.46.56:538][  0]LogConfig: Setting CVar [[r.EmitterSpawnRateScale:0.5]]
[2022.06.19-13.46.56:538][  0]LogConfig: Setting CVar [[r.ParticleLightQuality:1]]
[2022.06.19-13.46.56:538][  0]LogConfig: Setting CVar [[r.SkyAtmosphere.AerialPerspectiveLUT.FastApplyOnOpaque:1 ; Always have FastSkyLUT 1 in this case to avoid wrong sky]]
[2022.06.19-13.46.56:538][  0]LogConfig: Setting CVar [[r.SkyAtmosphere.AerialPerspectiveLUT.SampleCountMaxPerSlice:2]]
[2022.06.19-13.46.56:538][  0]LogConfig: Setting CVar [[r.SkyAtmosphere.AerialPerspectiveLUT.DepthResolution:16.0]]
[2022.06.19-13.46.56:538][  0]LogConfig: Setting CVar [[r.SkyAtmosphere.FastSkyLUT:1]]
[2022.06.19-13.46.56:538][  0]LogConfig: Setting CVar [[r.SkyAtmosphere.FastSkyLUT.SampleCountMin:4.0]]
[2022.06.19-13.46.56:538][  0]LogConfig: Setting CVar [[r.SkyAtmosphere.FastSkyLUT.SampleCountMax:64.0]]
[2022.06.19-13.46.56:538][  0]LogConfig: Setting CVar [[r.SkyAtmosphere.SampleCountMin:4.0]]
[2022.06.19-13.46.56:538][  0]LogConfig: Setting CVar [[r.SkyAtmosphere.SampleCountMax:64.0]]
[2022.06.19-13.46.56:538][  0]LogConfig: Setting CVar [[r.SkyAtmosphere.TransmittanceLUT.UseSmallFormat:0]]
[2022.06.19-13.46.56:538][  0]LogConfig: Setting CVar [[r.SkyAtmosphere.TransmittanceLUT.SampleCount:10.0]]
[2022.06.19-13.46.56:538][  0]LogConfig: Setting CVar [[r.SkyAtmosphere.MultiScatteringLUT.SampleCount:15.0]]
[2022.06.19-13.46.56:538][  0]LogConfig: Setting CVar [[r.SkyLight.RealTimeReflectionCapture:1]]
[2022.06.19-13.46.56:538][  0]LogConfig: Applying CVar settings from Section [FoliageQuality@2] File [F:/___JOHN_CoS/John_CoS/CastleOfSecrets/Saved/Config/Windows/Scalability.ini]
[2022.06.19-13.46.56:538][  0]LogConfig: Setting CVar [[foliage.DensityScale:0.8]]
[2022.06.19-13.46.56:538][  0]LogConfig: Setting CVar [[grass.DensityScale:0.8]]
[2022.06.19-13.46.56:538][  0]LogConfig: Applying CVar settings from Section [ShadingQuality@2] File [F:/___JOHN_CoS/John_CoS/CastleOfSecrets/Saved/Config/Windows/Scalability.ini]
[2022.06.19-13.46.56:538][  0]LogConfig: Setting CVar [[r.HairStrands.SkyLighting.IntegrationType:2]]
[2022.06.19-13.46.56:538][  0]LogConfig: Setting CVar [[r.HairStrands.SkyAO.SampleCount:4]]
[2022.06.19-13.46.56:538][  0]LogConfig: Setting CVar [[r.HairStrands.Visibility.MSAA.SamplePerPixel:4]]
[2022.06.19-13.46.56:538][  0]LogConfig: Applying CVar settings from Section [Startup] File [../../../Engine/Config/ConsoleVariables.ini]
[2022.06.19-13.46.56:538][  0]LogConfig: Setting CVar [[net.UseAdaptiveNetUpdateFrequency:0]]
[2022.06.19-13.46.56:539][  0]LogConfig: Setting CVar [[p.chaos.AllowCreatePhysxBodies:1]]
[2022.06.19-13.46.56:539][  0]LogConfig: Setting CVar [[fx.SkipVectorVMBackendOptimizations:1]]
[2022.06.19-13.46.56:539][  0]LogConfig: Applying CVar settings from Section [ConsoleVariables] File [F:/___JOHN_CoS/John_CoS/CastleOfSecrets/Saved/Config/Windows/Engine.ini]
[2022.06.19-13.46.56:539][  0]LogConfig: Applying CVar settings from Section [ConsoleVariables] File [F:/___JOHN_CoS/John_CoS/CastleOfSecrets/Saved/Config/Windows/Editor.ini]
[2022.06.19-13.46.56:539][  0]LogInit: Computer: DMITRY
[2022.06.19-13.46.56:539][  0]LogInit: User: Дмитрий
[2022.06.19-13.46.56:539][  0]LogInit: CPU Page size=4096, Cores=6
[2022.06.19-13.46.56:539][  0]LogInit: High frequency timer resolution =10.000000 MHz
[2022.06.19-13.46.56:539][  0]LogMemory: Memory total: Physical=40.0GB (40GB approx)
[2022.06.19-13.46.56:539][  0]LogMemory: Platform Memory Stats for Windows
[2022.06.19-13.46.56:539][  0]LogMemory: Process Physical Memory: 143.84 MB used, 143.84 MB peak
[2022.06.19-13.46.56:539][  0]LogMemory: Process Virtual Memory: 130.05 MB used, 130.05 MB peak
[2022.06.19-13.46.56:539][  0]LogMemory: Physical Memory: 16890.36 MB used,  24020.86 MB free, 40911.21 MB total
[2022.06.19-13.46.56:539][  0]LogMemory: Virtual Memory: 134190432.00 MB used,  27299.85 MB free, 134217728.00 MB total
[2022.06.19-13.46.56:544][  0]LogWindows: WindowsPlatformFeatures enabled
[2022.06.19-13.46.56:584][  0]LogInit: Physics initialised using underlying interface: PhysX
[2022.06.19-13.46.56:585][  0]LogInit: Overriding language with editor language configuration option (en).
[2022.06.19-13.46.56:586][  0]LogInit: Using OS detected locale (ru-UA).
[2022.06.19-13.46.56:822][  0]LogInit: Setting process to per monitor DPI aware
[2022.06.19-13.46.56:831][  0]LogWindowsTextInputMethodSystem: Display: IME system deactivated.
[2022.06.19-13.46.56:843][  0]LogSlate: New Slate User Created.  User Index 0, Is Virtual User: 0
[2022.06.19-13.46.56:843][  0]LogSlate: Slate User Registered.  User Index 0, Is Virtual User: 0
[2022.06.19-13.46.57:025][  0]LogD3D11RHI: Loaded GFSDK_Aftermath_Lib.x64.dll
[2022.06.19-13.46.57:028][  0]LogHMD: Failed to initialize OpenVR with code 110
[2022.06.19-13.46.57:028][  0]LogD3D11RHI: D3D11 min allowed feature level: 11_0
[2022.06.19-13.46.57:028][  0]LogD3D11RHI: D3D11 max allowed feature level: 11_0
[2022.06.19-13.46.57:028][  0]LogD3D11RHI: D3D11 adapters:
[2022.06.19-13.46.57:103][  0]LogD3D11RHI:    0. 'NVIDIA GeForce GTX 1070 Ti' (Feature Level 11_0)
[2022.06.19-13.46.57:103][  0]LogD3D11RHI:       8079/0/20455 MB DedicatedVideo/DedicatedSystem/SharedSystem, Outputs:2, VendorId:0x10de
[2022.06.19-13.46.57:105][  0]LogD3D11RHI:    1. 'Microsoft Basic Render Driver' (Feature Level 11_0)
[2022.06.19-13.46.57:105][  0]LogD3D11RHI:       0/0/20455 MB DedicatedVideo/DedicatedSystem/SharedSystem, Outputs:0, VendorId:0x1414
[2022.06.19-13.46.57:105][  0]LogD3D11RHI: Chosen D3D11 Adapter:
[2022.06.19-13.46.57:105][  0]LogD3D11RHI:     Description : NVIDIA GeForce GTX 1070 Ti
[2022.06.19-13.46.57:105][  0]LogD3D11RHI:     VendorId    : 10de
[2022.06.19-13.46.57:105][  0]LogD3D11RHI:     DeviceId    : 1b82
[2022.06.19-13.46.57:105][  0]LogD3D11RHI:     SubSysId    : 66783842
[2022.06.19-13.46.57:105][  0]LogD3D11RHI:     Revision    : 00a1
[2022.06.19-13.46.57:105][  0]LogD3D11RHI:     DedicatedVideoMemory : 8471445504 bytes
[2022.06.19-13.46.57:105][  0]LogD3D11RHI:     DedicatedSystemMemory : 0 bytes
[2022.06.19-13.46.57:105][  0]LogD3D11RHI:     SharedSystemMemory : 21449259008 bytes
[2022.06.19-13.46.57:105][  0]LogD3D11RHI:     AdapterLuid : 0 56473
[2022.06.19-13.46.57:112][  0]LogD3D11RHI: Creating new Direct3DDevice
[2022.06.19-13.46.57:112][  0]LogD3D11RHI:     GPU DeviceId: 0x1b82 (for the marketing name, search the web for "GPU Device Id")
[2022.06.19-13.46.57:112][  0]LogWindows: EnumDisplayDevices:
[2022.06.19-13.46.57:112][  0]LogWindows:    0. 'NVIDIA GeForce GTX 1070 Ti' (P:0 D:1)
[2022.06.19-13.46.57:112][  0]LogWindows:    1. 'NVIDIA GeForce GTX 1070 Ti' (P:1 D:1)
[2022.06.19-13.46.57:112][  0]LogWindows:    2. 'NVIDIA GeForce GTX 1070 Ti' (P:0 D:0)
[2022.06.19-13.46.57:112][  0]LogWindows:    3. 'NVIDIA GeForce GTX 1070 Ti' (P:0 D:0)
[2022.06.19-13.46.57:113][  0]LogWindows: DebugString: FoundDriverCount:4 
[2022.06.19-13.46.57:113][  0]LogD3D11RHI:     Adapter Name: NVIDIA GeForce GTX 1070 Ti
[2022.06.19-13.46.57:113][  0]LogD3D11RHI:   Driver Version: 511.23 (internal:30.0.15.1123, unified:511.23)
[2022.06.19-13.46.57:113][  0]LogD3D11RHI:      Driver Date: 1-10-2022
[2022.06.19-13.46.57:113][  0]LogRHI: Texture pool is 5655 MB (70% of 8079 MB)
[2022.06.19-13.46.57:113][  0]LogD3D11RHI: Creating D3DDevice using adapter:
[2022.06.19-13.46.57:113][  0]LogD3D11RHI:     Description : NVIDIA GeForce GTX 1070 Ti
[2022.06.19-13.46.57:113][  0]LogD3D11RHI:     VendorId    : 10de
[2022.06.19-13.46.57:113][  0]LogD3D11RHI:     DeviceId    : 1b82
[2022.06.19-13.46.57:113][  0]LogD3D11RHI:     SubSysId    : 66783842
[2022.06.19-13.46.57:113][  0]LogD3D11RHI:     Revision    : 00a1
[2022.06.19-13.46.57:113][  0]LogD3D11RHI:     DedicatedVideoMemory : 8471445504 bytes
[2022.06.19-13.46.57:113][  0]LogD3D11RHI:     DedicatedSystemMemory : 0 bytes
[2022.06.19-13.46.57:113][  0]LogD3D11RHI:     SharedSystemMemory : 21449259008 bytes
[2022.06.19-13.46.57:113][  0]LogD3D11RHI:     AdapterLuid : 0 56473
[2022.06.19-13.46.57:158][  0]LogD3D11RHI: RHI has support for 64 bit atomics
[2022.06.19-13.46.57:158][  0]LogD3D11RHI: Async texture creation enabled
[2022.06.19-13.46.57:158][  0]LogD3D11RHI: Array index from any shader is supported
[2022.06.19-13.46.57:183][  0]LogD3D11RHI: GPU Timing Frequency: 1000.000000 (Debug: 2 1)
[2022.06.19-13.46.57:216][  0]LogRHI: GeForceNow SDK initialized: 1
[2022.06.19-13.46.57:468][  0]LogTargetPlatformManager: Display: Loaded TargetPlatform 'AllDesktop'
[2022.06.19-13.46.57:500][  0]LogTargetPlatformManager: Display: Loaded TargetPlatform 'Android'
[2022.06.19-13.46.57:500][  0]LogTargetPlatformManager: Display: Loaded TargetPlatform 'Android_ASTC'
[2022.06.19-13.46.57:500][  0]LogTargetPlatformManager: Display: Loaded TargetPlatform 'Android_DXT'
[2022.06.19-13.46.57:500][  0]LogTargetPlatformManager: Display: Loaded TargetPlatform 'Android_ETC2'
[2022.06.19-13.46.57:500][  0]LogTargetPlatformManager: Display: Loaded TargetPlatform 'AndroidClient'
[2022.06.19-13.46.57:500][  0]LogTargetPlatformManager: Display: Loaded TargetPlatform 'Android_ASTCClient'
[2022.06.19-13.46.57:500][  0]LogTargetPlatformManager: Display: Loaded TargetPlatform 'Android_DXTClient'
[2022.06.19-13.46.57:500][  0]LogTargetPlatformManager: Display: Loaded TargetPlatform 'Android_ETC2Client'
[2022.06.19-13.46.57:500][  0]LogTargetPlatformManager: Display: Loaded TargetPlatform 'Android_Multi'
[2022.06.19-13.46.57:500][  0]LogTargetPlatformManager: Display: Loaded TargetPlatform 'Android_MultiClient'
[2022.06.19-13.46.57:518][  0]LogTargetPlatformManager: Display: Loaded TargetPlatform 'IOSClient'
[2022.06.19-13.46.57:518][  0]LogTargetPlatformManager: Display: Loaded TargetPlatform 'IOS'
[2022.06.19-13.46.57:527][  0]LogTargetPlatformManager: Display: Loaded TargetPlatform 'Linux'
[2022.06.19-13.46.57:531][  0]LogTargetPlatformManager: Display: Loaded TargetPlatform 'LinuxNoEditor'
[2022.06.19-13.46.57:536][  0]LogTargetPlatformManager: Display: Loaded TargetPlatform 'LinuxClient'
[2022.06.19-13.46.57:541][  0]LogTargetPlatformManager: Display: Loaded TargetPlatform 'LinuxServer'
[2022.06.19-13.46.57:550][  0]LogTargetPlatformManager: Display: Loaded TargetPlatform 'LinuxAArch64NoEditor'
[2022.06.19-13.46.57:554][  0]LogTargetPlatformManager: Display: Loaded TargetPlatform 'LinuxAArch64Client'
[2022.06.19-13.46.57:559][  0]LogTargetPlatformManager: Display: Loaded TargetPlatform 'LinuxAArch64Server'
[2022.06.19-13.46.57:581][  0]LogTargetPlatformManager: Display: Loaded TargetPlatform 'Lumin'
[2022.06.19-13.46.57:581][  0]LogTargetPlatformManager: Display: Loaded TargetPlatform 'LuminClient'
[2022.06.19-13.46.57:589][  0]LogTargetPlatformManager: Display: Loaded TargetPlatform 'MacNoEditor'
[2022.06.19-13.46.57:594][  0]LogTargetPlatformManager: Display: Loaded TargetPlatform 'Mac'
[2022.06.19-13.46.57:598][  0]LogTargetPlatformManager: Display: Loaded TargetPlatform 'MacClient'
[2022.06.19-13.46.57:603][  0]LogTargetPlatformManager: Display: Loaded TargetPlatform 'MacServer'
[2022.06.19-13.46.57:612][  0]LogTargetPlatformManager: Display: Loaded TargetPlatform 'TVOSClient'
[2022.06.19-13.46.57:612][  0]LogTargetPlatformManager: Display: Loaded TargetPlatform 'TVOS'
[2022.06.19-13.46.57:622][  0]LogTargetPlatformManager: Display: Loaded TargetPlatform 'WindowsNoEditor'
[2022.06.19-13.46.57:627][  0]LogTargetPlatformManager: Display: Loaded TargetPlatform 'Windows'
[2022.06.19-13.46.57:632][  0]LogTargetPlatformManager: Display: Loaded TargetPlatform 'WindowsClient'
[2022.06.19-13.46.57:637][  0]LogTargetPlatformManager: Display: Loaded TargetPlatform 'WindowsServer'
[2022.06.19-13.46.57:637][  0]LogTargetPlatformManager: Display: Building Assets For Windows
[2022.06.19-13.46.57:647][  0]LogAudioDebug: Display: Lib vorbis DLL was dynamically loaded.
[2022.06.19-13.46.57:678][  0]LogTextureFormatOodle: Display: Oodle Texture 2.9.0 init RDO Off
[2022.06.19-13.46.57:712][  0]LogRendererCore: Ray tracing is disabled. Reason: r.RayTracing=0.
[2022.06.19-13.46.57:712][  0]LogShaderCompilers: Guid format shader working directory is 8 characters bigger than the processId version (F:/___JOHN_CoS/John_CoS/CastleOfSecrets/Intermediate/Shaders/WorkingDirectory/19636/).
[2022.06.19-13.46.57:712][  0]LogShaderCompilers: Cleaned the shader compiler working directory 'C:/Users/Дмитрий/AppData/Local/Temp/UnrealShaderWorkingDir/F09B7BD54B975A8072B21B8C107FE434/'.
[2022.06.19-13.46.57:712][  0]LogXGEController: Cannot use XGE Controller as Incredibuild is not installed on this machine.
[2022.06.19-13.46.57:712][  0]LogShaderCompilers: Cannot use XGE Shader Compiler as Incredibuild is not installed on this machine.
[2022.06.19-13.46.57:712][  0]LogShaderCompilers: Display: Using Local Shader Compiler.
[2022.06.19-13.46.58:495][  0]LogDerivedDataCache: Display: Max Cache Size: 512 MB
[2022.06.19-13.46.58:606][  0]LogDerivedDataCache: Loaded boot cache 0.11s 120MB C:/Users/Дмитрий/AppData/Local/UnrealEngine/4.27/DerivedDataCache/Boot.ddc.
[2022.06.19-13.46.58:606][  0]LogDerivedDataCache: Display: Loaded Boot cache: C:/Users/Дмитрий/AppData/Local/UnrealEngine/4.27/DerivedDataCache/Boot.ddc
[2022.06.19-13.46.58:606][  0]LogDerivedDataCache: FDerivedDataBackendGraph:  Pak pak cache file F:/___JOHN_CoS/John_CoS/CastleOfSecrets/DerivedDataCache/DDC.ddp not found, will not use a pak cache.
[2022.06.19-13.46.58:606][  0]LogDerivedDataCache: Unable to find inner node Pak for hierarchical cache Hierarchy.
[2022.06.19-13.46.58:606][  0]LogDerivedDataCache: FDerivedDataBackendGraph:  CompressedPak pak cache file F:/___JOHN_CoS/John_CoS/CastleOfSecrets/DerivedDataCache/Compressed.ddp not found, will not use a pak cache.
[2022.06.19-13.46.58:606][  0]LogDerivedDataCache: Unable to find inner node CompressedPak for hierarchical cache Hierarchy.
[2022.06.19-13.46.58:622][  0]LogDerivedDataCache: Display: Pak cache opened for reading ../../../Engine/DerivedDataCache/Compressed.ddp.
[2022.06.19-13.46.58:622][  0]LogDerivedDataCache: FDerivedDataBackendGraph:  EnterprisePak pak cache file ../../../Enterprise/DerivedDataCache/Compressed.ddp not found, will not use a pak cache.
[2022.06.19-13.46.58:622][  0]LogDerivedDataCache: Unable to find inner node EnterprisePak for hierarchical cache Hierarchy.
[2022.06.19-13.46.58:629][  0]LogDerivedDataCache: Speed tests for C:/Users/Дмитрий/AppData/Local/UnrealEngine/Common/DerivedDataCache took 0.01 seconds
[2022.06.19-13.46.58:629][  0]LogDerivedDataCache: Display: Performance to C:/Users/Дмитрий/AppData/Local/UnrealEngine/Common/DerivedDataCache: Latency=0.08ms. RandomReadSpeed=296.86MBs, RandomWriteSpeed=392.74MBs. Assigned SpeedClass 'Local'
[2022.06.19-13.46.58:629][  0]LogDerivedDataCache: Using Local data cache path C:/Users/Дмитрий/AppData/Local/UnrealEngine/Common/DerivedDataCache: Writable
[2022.06.19-13.46.58:629][  0]LogDerivedDataCache: Shared data cache path not found in *engine.ini, will not use an Shared cache.
[2022.06.19-13.46.58:629][  0]LogDerivedDataCache: Unable to find inner node Shared for hierarchical cache Hierarchy.
[2022.06.19-13.46.58:671][  0]LogSlate: Using FreeType 2.10.0
[2022.06.19-13.46.58:672][  0]LogSlate: SlateFontServices - WITH_FREETYPE: 1, WITH_HARFBUZZ: 1
[2022.06.19-13.46.58:698][  0]LogAssetRegistry: FAssetRegistry took 0.0026 seconds to start up
[2022.06.19-13.46.58:900][  0]LogInit: Selected Device Profile: [Windows]
[2022.06.19-13.46.58:900][  0]LogInit: Active device profile: [0000020E988F4F00][0000020E94E57B40 49] Windows
[2022.06.19-13.46.58:900][  0]LogInit: Profiles: [0000020E988F4F00][0000020E94E57B40 49] Windows, [0000020E988B6100][0000020E9561C140 49] WindowsNoEditor, [0000020E988F5F00][0000020E956202C0 49] WindowsServer, [0000020E988B5200][0000020E95624440 49] WindowsClient, [0000020E988F5200][0000020E956285C0 49] IOS, [0000020E988B7A00][0000020E9562C740 49] iPadAir, [0000020E988F7300][0000020E95618880 49] iPadAir2, [0000020E98865300][0000020E98EA6AC0 49] IPadPro, [0000020E98865400][0000020E98EA2B00 49] iPadAir3, [0000020E988B4B00][0000020E98EAEC80 49] iPadAir4, [0000020E98866100][0000020E98EB2E00 49] iPadMini2, [0000020E988B7100][0000020E98EB6F80 49] iPadMini3, [0000020E98866C00][0000020E98EBB100 49] iPadMini4, [0000020E988B6300][0000020E98EBF280 49] iPadMini5, [0000020E98890E00][0000020E98EC7540 49] iPhone6, [0000020E98890F00][0000020E98EC3580 49] iPodTouch6, [0000020E988F7700][0000020E98ECF840 49] iPhone7, [0000020E988F6800][0000020E98ECB880 49] iPodTouch7, [0000020E98865100][0000020E98ED3A00 49] iPhone5S, [0000020E988F5100][0000020E98ED7B80 49] iPhone6Plus, [0000020E98866A00][0000020E98EDA180 49] iPhone6S, [0000020E988F5A00][0000020E98EDE300 49] iPhone6SPlus, [0000020E98890100][0000020E98EE2480 49] iPhone7Plus, [0000020E98865D00][0000020E98EE6600 49] iPhoneSE, [0000020E98890C00][0000020E98EEA780 49] iPhone8, [0000020E98864400][0000020E98EEE900 49] iPhone8Plus, [0000020E98892A00][0000020E98EAAA40 49] iPhoneX, [0000020E98867C00][0000020E98EF2B80 49] iPhoneXS, [0000020E98892900][0000020E98EF6CC0 49] iPhoneXSMax, [0000020E98864B00][0000020E98EFEE40 49] iPhoneXR, [0000020E988F7800][0000020E98F02FC0 49] iPhone11, [0000020E98867D00][0000020E98F07140 49] iPhone11Pro, [0000020E988F5B00][0000020E98F0B2C0 49] iPhone11ProMax, [0000020E98865500][0000020E98F0F440 49] iPhoneSE2, [0000020E988F5E00][0000020E98F135C0 49] iPhone12Mini, [0000020E98867100][0000020E98F17740 49] iPhone12, [0000020E988F7400][0000020E98F1B8C0 49] iPhone12Pro, [0000020E98864D00][0000020E98F1FA40 49] iPhone12ProMax, [0000020E988F7C00][0000020E98F23BC0 49] iPadPro105, [0000020E98867700][0000020E98F261C0 49] iPadPro129, [0000020E988F6A00][0000020E98F2A340 49] iPadPro97, [0000020E98864900][0000020E98F2E4C0 49] iPadPro2_129, [0000020E988F4800][0000020E98F32640 49] iPad5, [0000020E98865000][0000020E98F367C0 49] iPad6, [0000020E988F4400][0000020E98F3A940 49] iPad7, [0000020E98866B00][0000020E98F3EAC0 49] iPad8, [0000020E988F7500][0000020E98EFAC00 49] iPadPro11, [0000020E98865800][0000020E98F42D40 49] iPadPro2_11, [0000020E988F4900][0000020E98F46E80 49] iPadPro3_129, [0000020E98866800][0000020E98F4AFC0 49] iPadPro4_129, [0000020E988F6E00][0000020E98F53140 49] AppleTV, [0000020E98867E00][0000020E98F572C0 49] AppleTV4K, [0000020E988F4500][0000020E98F5B440 49] TVOS, [0000020E98865700][0000020E98F5F5C0 49] Mac, [0000020E988F6300][0000020E98F63740 49] MacClient, [0000020E98864800][0000020E98F678C0 49] MacNoEditor, [0000020E988F5000][0000020E98F6BA40 49] MacServer, [0000020E98864500][0000020E98F6FBC0 49] Linux, [0000020E988F6B00][0000020E98F721C0 49] LinuxAArch64, [0000020E98865600][0000020E98F76340 49] LinuxNoEditor, [0000020E988F6100][0000020E98F7A4C0 49] LinuxAArch64NoEditor, [0000020E98867900][0000020E98F7E640 49] LinuxClient, [0000020E988F6600][0000020E98F827C0 49] LinuxAArch64Client, [0000020E98866300][0000020E98F86940 49] LinuxServer, [0000020E988F4700][0000020E98F8AAC0 49] LinuxAArch64Server, [0000020E98865A00][0000020E98F8EC40 49] Android, [0000020E988F6200][0000020E98F4ED80 49] Android_Low, [0000020E98865C00][0000020E98F92EC0 49] Android_Mid, [0000020E988F5300][0000020E98F97000 49] Android_High, [0000020E98864E00][0000020E98F9B140 49] Android_Default, [0000020E988F7600][0000020E98FA32C0 49] Android_Adreno4xx, [0000020E98864F00][0000020E98FA7440 49] Android_Adreno5xx_Low, [0000020E988F7B00][0000020E98FAB5C0 49] Android_Adreno5xx, [0000020E98867A00][0000020E98FAF740 49] Android_Adreno6xx, [0000020E988F4B00][0000020E98FB38C0 49] Android_Adreno6xx_Vulkan, [0000020E98865900][0000020E98FB7A40 49] Android_Mali_T6xx, [0000020E988F4A00][0000020E98FBBBC0 49] Android_Mali_T7xx, [0000020E988B5100][0000020E98FBE1C0 49] Android_Mali_T8xx, [0000020E98890500][0000020E98FC2340 49] Android_Mali_G71, [0000020E988B4600][0000020E98FC64C0 49] Android_Mali_G72, [0000020E98890300][0000020E98FCA640 49] Android_Mali_G72_Vulkan, [0000020E988B7000][0000020E98FCE7C0 49] Android_Mali_G76, [0000020E98891000][0000020E98FD2940 49] Android_Mali_G76_Vulkan, [0000020E988B5D00][0000020E98FD6AC0 49] Android_Mali_G77, [0000020E98892F00][0000020E98FDAC40 49] Android_Mali_G77_Vulkan, [0000020E988B4E00][0000020E98FDEDC0 49] Android_Mali_G78, [0000020E98893100][0000020E98FE2F40 49] Android_Mali_G78_Vulkan, [0000020E988B4800][0000020E98F9F080 49] Android_Mali_G710, [0000020E98892C00][0000020E98FE71C0 49] Android_Mali_G710_Vulkan, [0000020E988B7300][0000020E98FEB300 49] Android_Vulkan_SM5, [0000020E98893500][0000020E98FF3480 49] Android_PowerVR_G6xxx, [0000020E988B5600][0000020E98FF7600 49] Android_PowerVR_GT7xxx, [0000020E98891D00][0000020E98FFB780 49] Android_PowerVR_GE8xxx, [0000020E988B6A00][0000020E98FFF900 49] Android_PowerVR_GM9xxx, [0000020E98890800][0000020E99003A80 49] Android_PowerVR_GM9xxx_Vulkan, [0000020E988B6E00][0000020E99007C00 49] Android_TegraK1, [0000020E98891200][0000020E9900A200 49] Android_Unknown_Vulkan, [0000020E988B6000][0000020E9900E380 49] Lumin, [0000020E98893700][0000020E99012500 49] Lumin_Desktop, [0000020E988B6500][0000020E99016680 49] HoloLens, 
[2022.06.19-13.46.59:076][  0]LogMeshReduction: Using QuadricMeshReduction for automatic static mesh reduction
[2022.06.19-13.46.59:076][  0]LogMeshReduction: Using SimplygonMeshReduction for automatic skeletal mesh reduction
[2022.06.19-13.46.59:076][  0]LogMeshReduction: Using ProxyLODMeshReduction for automatic mesh merging
[2022.06.19-13.46.59:076][  0]LogMeshReduction: No distributed automatic mesh merging module available
[2022.06.19-13.46.59:076][  0]LogMeshMerging: No distributed automatic mesh merging module available
[2022.06.19-13.46.59:094][  0]LogNetVersion: CastleOfSecrets 1.0.0, NetCL: 17155196, EngineNetVer: 17, GameNetVer: 0 (Checksum: 2271817765)
[2022.06.19-13.46.59:550][  0]LogTexture: Default maximum texture size for cubemaps generated from long-lat sources has been changed from 512 to unlimited. In order to preserve old behaiour for '/Engine/MapTemplates/Sky/DaylightAmbientCubemap.DaylightAmbientCubemap', its maximum texture size has been explicitly set to 512.
[2022.06.19-13.46.59:676][  0]LogHMD: PokeAHoleMaterial loaded successfully
[2022.06.19-13.46.59:681][  0]LogUObjectArray: 17178 objects as part of root set at end of initial load.
[2022.06.19-13.46.59:681][  0]LogUObjectAllocator: 4302048 out of 0 bytes used by permanent object pool.
[2022.06.19-13.46.59:681][  0]LogUObjectArray: CloseDisregardForGC: 0/0 objects in disregard for GC pool
[2022.06.19-13.47.00:061][  0]LogNiagaraDebuggerClient: Niagara Debugger Client Initialized | Session: 82DF4AF64B7EB2D055EC4BA11310EB25 | Instance: 9DF445E442B6BB7E19A06891A82CCE13 (DMITRY-19636).
[2022.06.19-13.47.00:100][  0]LogPython: Using Python 3.7.7
[2022.06.19-13.47.00:729][  0]LogTcpMessaging: Initializing TcpMessaging bridge
[2022.06.19-13.47.00:734][  0]LogUdpMessaging: Initializing bridge on interface 0.0.0.0:0 to multicast group 230.0.0.1:6666.
[2022.06.19-13.47.00:895][  0]SourceControl: Source control is disabled
[2022.06.19-13.47.00:895][  0]SourceControl: Source control is disabled
[2022.06.19-13.47.00:898][  0]SourceControl: Source control is disabled
[2022.06.19-13.47.00:902][  0]SourceControl: Source control is disabled
[2022.06.19-13.47.00:908][  0]SourceControl: Source control is disabled
[2022.06.19-13.47.00:918][  0]LogUProjectInfo: Found projects:
[2022.06.19-13.47.01:196][  0]LogOpenImageDenoise: OIDN starting up
[2022.06.19-13.47.01:258][  0]LogAndroidPermission: UAndroidPermissionCallbackProxy::GetInstance
[2022.06.19-13.47.01:279][  0]LogAudioCaptureCore: Display: No Audio Capture implementations found. Audio input will be silent.
[2022.06.19-13.47.01:279][  0]LogAudioCaptureCore: Display: No Audio Capture implementations found. Audio input will be silent.
[2022.06.19-13.47.01:446][  0]LogCollectionManager: Loaded 0 collections in 0.001146 seconds
[2022.06.19-13.47.01:475][  0]LogFileCache: Scanning file cache for directory 'F:/___JOHN_CoS/John_CoS/CastleOfSecrets/Saved/Collections/' took 0.00s
[2022.06.19-13.47.01:475][  0]LogFileCache: Scanning file cache for directory 'F:/___JOHN_CoS/John_CoS/CastleOfSecrets/Content/Developers/Дмитрий/Collections/' took 0.00s
[2022.06.19-13.47.01:475][  0]LogFileCache: Scanning file cache for directory 'F:/___JOHN_CoS/John_CoS/CastleOfSecrets/Content/Collections/' took 0.00s
[2022.06.19-13.47.01:475][  0]LogOcInput: OculusInput pre-init called
[2022.06.19-13.47.01:770][  0]LogEngine: Initializing Engine...
[2022.06.19-13.47.01:772][  0]LogHMD: Failed to enumerate extensions. Please check that you have a valid OpenXR runtime installed.
[2022.06.19-13.47.01:772][  0]LogHMD: Failed to initialize OpenVR with code 110
[2022.06.19-13.47.01:772][  0]LogMagicLeap: Warning: VR disabled because ZI is not enabled.  To enable, in the editor, Edit -> Project Settings -> Plugins -> Magic Leap Plugin -> Enable Zero Iteration
[2022.06.19-13.47.01:773][  0]LogStats: UGameplayTagsManager::InitializeManager -  0.000 s
[2022.06.19-13.47.01:957][  0]LogInit: Initializing FReadOnlyCVARCache
[2022.06.19-13.47.01:966][  0]LogAIModule: Creating AISystem for world Untitled
[2022.06.19-13.47.01:966][  0]LogAudio: Display: Initializing Audio Device Manager...
[2022.06.19-13.47.01:970][  0]LogAudio: Display: Loading Default Audio Settings Objects...
[2022.06.19-13.47.01:971][  0]LogAudio: Display: No default SoundConcurrencyObject specified (or failed to load).
[2022.06.19-13.47.01:971][  0]LogAudio: Display: Audio Device Manager Initialized
[2022.06.19-13.47.01:971][  0]LogAudio: Display: Creating Audio Device:                 Id: 1, Scope: Shared, Realtime: True
[2022.06.19-13.47.01:971][  0]LogAudioMixer: Display: Audio Mixer Platform Settings:
[2022.06.19-13.47.01:971][  0]LogAudioMixer: Display: 	Sample Rate:						  48000
[2022.06.19-13.47.01:971][  0]LogAudioMixer: Display: 	Callback Buffer Frame Size Requested: 1024
[2022.06.19-13.47.01:971][  0]LogAudioMixer: Display: 	Callback Buffer Frame Size To Use:	  1024
[2022.06.19-13.47.01:971][  0]LogAudioMixer: Display: 	Number of buffers to queue:			  2
[2022.06.19-13.47.01:971][  0]LogAudioMixer: Display: 	Max Channels (voices):				  32
[2022.06.19-13.47.01:971][  0]LogAudioMixer: Display: 	Number of Async Source Workers:		  0
[2022.06.19-13.47.01:971][  0]LogAudio: Display: AudioDevice MaxSources: 32
[2022.06.19-13.47.01:971][  0]LogAudio: Display: Audio Spatialization Plugin: None (built-in).
[2022.06.19-13.47.01:971][  0]LogAudio: Display: Audio Reverb Plugin: None (built-in).
[2022.06.19-13.47.01:971][  0]LogAudio: Display: Audio Occlusion Plugin: None (built-in).
[2022.06.19-13.47.01:971][  0]LogAudioMixer: Display: Initializing audio mixer.
[2022.06.19-13.47.01:980][  0]LogAudioMixer: Display: 0: FrontLeft
[2022.06.19-13.47.01:980][  0]LogAudioMixer: Display: 1: FrontRight
[2022.06.19-13.47.01:998][  0]LogAudioMixer: Display: Using Audio Device Динамики (Realtek(R) Audio)
[2022.06.19-13.47.02:001][  0]LogAudioMixer: Display: Initializing Sound Submixes...
[2022.06.19-13.47.02:003][  0]LogAudioMixer: Display: Creating Master Submix 'MasterSubmixDefault'
[2022.06.19-13.47.02:003][  0]LogAudioMixer: Display: Creating Master Submix 'MasterReverbSubmixDefault'
[2022.06.19-13.47.02:003][  0]LogAudioMixer: Display: Creating Master Submix 'MasterEQSubmixDefault'
[2022.06.19-13.47.02:003][  0]LogAudioMixer: FMixerPlatformXAudio2::StartAudioStream() called
[2022.06.19-13.47.02:003][  0]LogAudioMixer: Display: Output buffers initialized: Frames=1024, Channels=2, Samples=2048
[2022.06.19-13.47.02:004][  0]LogAudioMixer: Display: Starting AudioMixerPlatformInterface::RunInternal()
[2022.06.19-13.47.02:004][  0]LogAudioMixer: Display: FMixerPlatformXAudio2::SubmitBuffer() called for the first time
[2022.06.19-13.47.02:004][  0]LogInit: FAudioDevice initialized.
[2022.06.19-13.47.02:004][  0]LogAudio: Display: Audio Device (ID: 1) registered with world 'Untitled'.
[2022.06.19-13.47.02:004][  0]LogNetVersion: Set ProjectVersion to 1.0.0.0. Version Checksum will be recalculated on next use.
[2022.06.19-13.47.02:094][  0]LogDerivedDataCache: Saved boot cache 0.09s 209MB C:/Users/Дмитрий/AppData/Local/UnrealEngine/4.27/DerivedDataCache/Boot.ddc.
[2022.06.19-13.47.02:099][  0]LogInit: Texture streaming: Disabled
[2022.06.19-13.47.02:112][  0]LogAnalytics: Display: [UEEditor.Rocket.Release] APIServer = https://datarouter.ol.epicgames.com/. AppVersion = 4.27.2-18319896+++UE4+Release-4.27
[2022.06.19-13.47.02:115][  0]LogEngineSessionManager: EngineSessionManager initialized
[2022.06.19-13.47.02:115][  0]LogEditorSessionSummary: Verbose: Initializing EditorSessionSummaryWriter for editor session tracking
[2022.06.19-13.47.02:117][  0]LogEditorSessionSummary: EditorSessionSummaryWriter initialized
[2022.06.19-13.47.02:153][  0]LogInit: Transaction tracking system initialized
[2022.06.19-13.47.02:178][  0]BlueprintLog: New page: Editor Load
[2022.06.19-13.47.02:257][  0]LocalizationService: Localization service is disabled
[2022.06.19-13.47.02:293][  0]TimingProfiler: Initialize
[2022.06.19-13.47.02:293][  0]TimingProfiler: OnSessionChanged
[2022.06.19-13.47.02:293][  0]LoadingProfiler: Initialize
[2022.06.19-13.47.02:293][  0]LoadingProfiler: OnSessionChanged
[2022.06.19-13.47.02:293][  0]NetworkingProfiler: Initialize
[2022.06.19-13.47.02:293][  0]NetworkingProfiler: OnSessionChanged
[2022.06.19-13.47.02:293][  0]MemoryProfiler: Initialize
[2022.06.19-13.47.02:293][  0]MemoryProfiler: OnSessionChanged
[2022.06.19-13.47.02:521][  0]LogCook: Display: CookSettings for Memory: MemoryMaxUsedVirtual 0MiB, MemoryMaxUsedPhysical 16384MiB, MemoryMinFreeVirtual 0MiB, MemoryMinFreePhysical 1024MiB
[2022.06.19-13.47.02:521][  0]LogCook: Display: Mobile HDR setting 1
[2022.06.19-13.47.02:737][  0]LogFileCache: Scanning file cache for directory 'F:/___JOHN_CoS/John_CoS/CastleOfSecrets/Content/' took 0.08s
[2022.06.19-13.47.02:890][  0]LogInit: Display: Engine is initialized. Leaving FEngineLoop::Init()
[2022.06.19-13.47.02:893][  0]SourceControl: Source control is disabled
[2022.06.19-13.47.02:893][  0]LogUnrealEdMisc: Loading editor; pre map load, took 7.766
[2022.06.19-13.47.02:893][  0]Cmd: MAP LOAD FILE="../../../Engine/Content/Maps/Templates/Template_Default.umap" TEMPLATE=1 SHOWPROGRESS=1 FEATURELEVEL=3
[2022.06.19-13.47.02:893][  0]LightingResults: New page: Lighting Build
[2022.06.19-13.47.02:895][  0]LogWorld: UWorld::CleanupWorld for Untitled, bSessionEnded=true, bCleanupResources=true
[2022.06.19-13.47.02:895][  0]LogSlate: InvalidateAllWidgets triggered.  All widgets were invalidated
[2022.06.19-13.47.02:895][  0]MapCheck: New page: Map Check
[2022.06.19-13.47.02:895][  0]LightingResults: New page: Lighting Build
[2022.06.19-13.47.02:899][  0]LogAudio: Display: Audio Device unregistered from world 'None'.
[2022.06.19-13.47.02:902][  0]LogUObjectHash: Compacting FUObjectHashTables data took   0.75ms
[2022.06.19-13.47.02:975][  0]LogTexture: Display: Building textures: DeprecatedTextureEB9CBE3C423008B5E8E130901E171C89 (BGRA8, 128X128)
[2022.06.19-13.47.02:978][  0]LogAudio: Display: Audio Device (ID: 1) registered with world 'Untitled_1'.
[2022.06.19-13.47.02:979][  0]LogAIModule: Creating AISystem for world Untitled_1
[2022.06.19-13.47.02:983][  0]LogEditorServer: Finished looking for orphan Actors (0.000 secs)
[2022.06.19-13.47.02:990][  0]LogUObjectHash: Compacting FUObjectHashTables data took   0.84ms
[2022.06.19-13.47.02:990][  0]Cmd: MAP CHECKDEP NOCLEARLOG
[2022.06.19-13.47.02:990][  0]MapCheck: Map check complete: 0 Error(s), 0 Warning(s), took 0,068ms to complete.
[2022.06.19-13.47.02:990][  0]LogFileHelpers: Loading map 'Template_Default' took 0.097
[2022.06.19-13.47.02:992][  0]LogUnrealEdMisc: Total Editor Startup Time, took 7.865
[2022.06.19-13.47.03:091][  0]LogSlate: Updating window title bar state: overlay mode, drag disabled, window buttons hidden, title bar hidden
[2022.06.19-13.47.03:096][  0]LogSlate: Updating window title bar state: overlay mode, drag disabled, window buttons hidden, title bar hidden
[2022.06.19-13.47.03:104][  0]LogSlate: Updating window title bar state: overlay mode, drag disabled, window buttons hidden, title bar hidden
[2022.06.19-13.47.03:112][  0]LogSlate: Updating window title bar state: overlay mode, drag disabled, window buttons hidden, title bar hidden
[2022.06.19-13.47.03:175][  0]LogNativeClassHierarchy: Verbose: Native class hierarchy populated in 0.0085 seconds. Added 3896 classes and 959 folders.
[2022.06.19-13.47.03:177][  0]LogNativeClassHierarchy: Verbose: Native class hierarchy updated for 'WidgetCarousel' in 0.0002 seconds. Added 0 classes and 0 folders.
[2022.06.19-13.47.03:179][  0]LogPakFile: PakFile PrimaryIndexSize=187
[2022.06.19-13.47.03:179][  0]LogPakFile: PakFile PathHashIndexSize=101
[2022.06.19-13.47.03:179][  0]LogPakFile: PakFile FullDirectoryIndexSize=148
[2022.06.19-13.47.03:179][  0]LogShaderLibrary: Display: ShaderCodeLibraryPakFileMountedCallback: PakFile 'C:/Program Files/Epic Games/UE_4.27/FeaturePacks/FP_FirstPerson.upack' (chunk index -1, root 'root:/') mounted
[2022.06.19-13.47.03:179][  0]LogShaderLibrary: Display: ShaderCodeLibraryPakFileMountedCallback: pending pak file info (ChunkID:-1 Root:root:/ File:C:/Program Files/Epic Games/UE_4.27/FeaturePacks/FP_FirstPerson.upack)
[2022.06.19-13.47.03:179][  0]LogPakFile: OnPakFileMounted2Time == 0.000040
[2022.06.19-13.47.03:180][  0]LogPakFile: PakFile PrimaryIndexSize=189
[2022.06.19-13.47.03:180][  0]LogPakFile: PakFile PathHashIndexSize=101
[2022.06.19-13.47.03:180][  0]LogPakFile: PakFile FullDirectoryIndexSize=152
[2022.06.19-13.47.03:180][  0]LogShaderLibrary: Display: ShaderCodeLibraryPakFileMountedCallback: PakFile 'C:/Program Files/Epic Games/UE_4.27/FeaturePacks/FP_FirstPersonBP.upack' (chunk index -1, root 'root:/') mounted
[2022.06.19-13.47.03:180][  0]LogShaderLibrary: Display: ShaderCodeLibraryPakFileMountedCallback: pending pak file info (ChunkID:-1 Root:root:/ File:C:/Program Files/Epic Games/UE_4.27/FeaturePacks/FP_FirstPersonBP.upack)
[2022.06.19-13.47.03:180][  0]LogPakFile: OnPakFileMounted2Time == 0.000030
[2022.06.19-13.47.03:181][  0]LogPakFile: PakFile PrimaryIndexSize=191
[2022.06.19-13.47.03:181][  0]LogPakFile: PakFile PathHashIndexSize=101
[2022.06.19-13.47.03:181][  0]LogPakFile: PakFile FullDirectoryIndexSize=160
[2022.06.19-13.47.03:181][  0]LogShaderLibrary: Display: ShaderCodeLibraryPakFileMountedCallback: PakFile 'C:/Program Files/Epic Games/UE_4.27/FeaturePacks/MobileStarterContent.upack' (chunk index -1, root 'root:/') mounted
[2022.06.19-13.47.03:181][  0]LogShaderLibrary: Display: ShaderCodeLibraryPakFileMountedCallback: pending pak file info (ChunkID:-1 Root:root:/ File:C:/Program Files/Epic Games/UE_4.27/FeaturePacks/MobileStarterContent.upack)
[2022.06.19-13.47.03:181][  0]LogPakFile: OnPakFileMounted2Time == 0.000027
[2022.06.19-13.47.03:182][  0]LogPakFile: PakFile PrimaryIndexSize=185
[2022.06.19-13.47.03:182][  0]LogPakFile: PakFile PathHashIndexSize=101
[2022.06.19-13.47.03:182][  0]LogPakFile: PakFile FullDirectoryIndexSize=148
[2022.06.19-13.47.03:182][  0]LogShaderLibrary: Display: ShaderCodeLibraryPakFileMountedCallback: PakFile 'C:/Program Files/Epic Games/UE_4.27/FeaturePacks/StarterContent.upack' (chunk index -1, root 'root:/') mounted
[2022.06.19-13.47.03:182][  0]LogShaderLibrary: Display: ShaderCodeLibraryPakFileMountedCallback: pending pak file info (ChunkID:-1 Root:root:/ File:C:/Program Files/Epic Games/UE_4.27/FeaturePacks/StarterContent.upack)
[2022.06.19-13.47.03:182][  0]LogPakFile: OnPakFileMounted2Time == 0.000029
[2022.06.19-13.47.03:183][  0]LogPakFile: PakFile PrimaryIndexSize=190
[2022.06.19-13.47.03:183][  0]LogPakFile: PakFile PathHashIndexSize=101
[2022.06.19-13.47.03:183][  0]LogPakFile: PakFile FullDirectoryIndexSize=154
[2022.06.19-13.47.03:183][  0]LogShaderLibrary: Display: ShaderCodeLibraryPakFileMountedCallback: PakFile 'C:/Program Files/Epic Games/UE_4.27/FeaturePacks/TP_2DSideScroller.upack' (chunk index -1, root 'root:/') mounted
[2022.06.19-13.47.03:183][  0]LogShaderLibrary: Display: ShaderCodeLibraryPakFileMountedCallback: pending pak file info (ChunkID:-1 Root:root:/ File:C:/Program Files/Epic Games/UE_4.27/FeaturePacks/TP_2DSideScroller.upack)
[2022.06.19-13.47.03:183][  0]LogPakFile: OnPakFileMounted2Time == 0.000030
[2022.06.19-13.47.03:184][  0]LogPakFile: PakFile PrimaryIndexSize=192
[2022.06.19-13.47.03:184][  0]LogPakFile: PakFile PathHashIndexSize=101
[2022.06.19-13.47.03:184][  0]LogPakFile: PakFile FullDirectoryIndexSize=158
[2022.06.19-13.47.03:184][  0]LogShaderLibrary: Display: ShaderCodeLibraryPakFileMountedCallback: PakFile 'C:/Program Files/Epic Games/UE_4.27/FeaturePacks/TP_2DSideScrollerBP.upack' (chunk index -1, root 'root:/') mounted
[2022.06.19-13.47.03:184][  0]LogShaderLibrary: Display: ShaderCodeLibraryPakFileMountedCallback: pending pak file info (ChunkID:-1 Root:root:/ File:C:/Program Files/Epic Games/UE_4.27/FeaturePacks/TP_2DSideScrollerBP.upack)
[2022.06.19-13.47.03:184][  0]LogPakFile: OnPakFileMounted2Time == 0.000027
[2022.06.19-13.47.03:185][  0]LogPakFile: PakFile PrimaryIndexSize=182
[2022.06.19-13.47.03:185][  0]LogPakFile: PakFile PathHashIndexSize=101
[2022.06.19-13.47.03:185][  0]LogPakFile: PakFile FullDirectoryIndexSize=138
[2022.06.19-13.47.03:185][  0]LogShaderLibrary: Display: ShaderCodeLibraryPakFileMountedCallback: PakFile 'C:/Program Files/Epic Games/UE_4.27/FeaturePacks/TP_Flying.upack' (chunk index -1, root 'root:/') mounted
[2022.06.19-13.47.03:185][  0]LogShaderLibrary: Display: ShaderCodeLibraryPakFileMountedCallback: pending pak file info (ChunkID:-1 Root:root:/ File:C:/Program Files/Epic Games/UE_4.27/FeaturePacks/TP_Flying.upack)
[2022.06.19-13.47.03:185][  0]LogPakFile: OnPakFileMounted2Time == 0.000028
[2022.06.19-13.47.03:186][  0]LogPakFile: PakFile PrimaryIndexSize=184
[2022.06.19-13.47.03:186][  0]LogPakFile: PakFile PathHashIndexSize=101
[2022.06.19-13.47.03:186][  0]LogPakFile: PakFile FullDirectoryIndexSize=142
[2022.06.19-13.47.03:186][  0]LogShaderLibrary: Display: ShaderCodeLibraryPakFileMountedCallback: PakFile 'C:/Program Files/Epic Games/UE_4.27/FeaturePacks/TP_FlyingBP.upack' (chunk index -1, root 'root:/') mounted
[2022.06.19-13.47.03:186][  0]LogShaderLibrary: Display: ShaderCodeLibraryPakFileMountedCallback: pending pak file info (ChunkID:-1 Root:root:/ File:C:/Program Files/Epic Games/UE_4.27/FeaturePacks/TP_FlyingBP.upack)
[2022.06.19-13.47.03:186][  0]LogPakFile: OnPakFileMounted2Time == 0.000026
[2022.06.19-13.47.03:188][  0]LogPakFile: PakFile PrimaryIndexSize=188
[2022.06.19-13.47.03:188][  0]LogPakFile: PakFile PathHashIndexSize=101
[2022.06.19-13.47.03:188][  0]LogPakFile: PakFile FullDirectoryIndexSize=150
[2022.06.19-13.47.03:188][  0]LogShaderLibrary: Display: ShaderCodeLibraryPakFileMountedCallback: PakFile 'C:/Program Files/Epic Games/UE_4.27/FeaturePacks/TP_HandheldARBP.upack' (chunk index -1, root 'root:/') mounted
[2022.06.19-13.47.03:188][  0]LogShaderLibrary: Display: ShaderCodeLibraryPakFileMountedCallback: pending pak file info (ChunkID:-1 Root:root:/ File:C:/Program Files/Epic Games/UE_4.27/FeaturePacks/TP_HandheldARBP.upack)
[2022.06.19-13.47.03:188][  0]LogPakFile: OnPakFileMounted2Time == 0.000036
[2022.06.19-13.47.03:190][  0]LogPakFile: PakFile PrimaryIndexSize=182
[2022.06.19-13.47.03:190][  0]LogPakFile: PakFile PathHashIndexSize=101
[2022.06.19-13.47.03:190][  0]LogPakFile: PakFile FullDirectoryIndexSize=138
[2022.06.19-13.47.03:190][  0]LogShaderLibrary: Display: ShaderCodeLibraryPakFileMountedCallback: PakFile 'C:/Program Files/Epic Games/UE_4.27/FeaturePacks/TP_Puzzle.upack' (chunk index -1, root 'root:/') mounted
[2022.06.19-13.47.03:190][  0]LogShaderLibrary: Display: ShaderCodeLibraryPakFileMountedCallback: pending pak file info (ChunkID:-1 Root:root:/ File:C:/Program Files/Epic Games/UE_4.27/FeaturePacks/TP_Puzzle.upack)
[2022.06.19-13.47.03:190][  0]LogPakFile: OnPakFileMounted2Time == 0.000032
[2022.06.19-13.47.03:191][  0]LogPakFile: PakFile PrimaryIndexSize=184
[2022.06.19-13.47.03:191][  0]LogPakFile: PakFile PathHashIndexSize=101
[2022.06.19-13.47.03:191][  0]LogPakFile: PakFile FullDirectoryIndexSize=142
[2022.06.19-13.47.03:191][  0]LogShaderLibrary: Display: ShaderCodeLibraryPakFileMountedCallback: PakFile 'C:/Program Files/Epic Games/UE_4.27/FeaturePacks/TP_PuzzleBP.upack' (chunk index -1, root 'root:/') mounted
[2022.06.19-13.47.03:191][  0]LogShaderLibrary: Display: ShaderCodeLibraryPakFileMountedCallback: pending pak file info (ChunkID:-1 Root:root:/ File:C:/Program Files/Epic Games/UE_4.27/FeaturePacks/TP_PuzzleBP.upack)
[2022.06.19-13.47.03:191][  0]LogPakFile: OnPakFileMounted2Time == 0.000034
[2022.06.19-13.47.03:192][  0]LogPakFile: PakFile PrimaryIndexSize=183
[2022.06.19-13.47.03:192][  0]LogPakFile: PakFile PathHashIndexSize=101
[2022.06.19-13.47.03:192][  0]LogPakFile: PakFile FullDirectoryIndexSize=140
[2022.06.19-13.47.03:192][  0]LogShaderLibrary: Display: ShaderCodeLibraryPakFileMountedCallback: PakFile 'C:/Program Files/Epic Games/UE_4.27/FeaturePacks/TP_Rolling.upack' (chunk index -1, root 'root:/') mounted
[2022.06.19-13.47.03:192][  0]LogShaderLibrary: Display: ShaderCodeLibraryPakFileMountedCallback: pending pak file info (ChunkID:-1 Root:root:/ File:C:/Program Files/Epic Games/UE_4.27/FeaturePacks/TP_Rolling.upack)
[2022.06.19-13.47.03:192][  0]LogPakFile: OnPakFileMounted2Time == 0.000030
[2022.06.19-13.47.03:193][  0]LogPakFile: PakFile PrimaryIndexSize=185
[2022.06.19-13.47.03:193][  0]LogPakFile: PakFile PathHashIndexSize=101
[2022.06.19-13.47.03:193][  0]LogPakFile: PakFile FullDirectoryIndexSize=144
[2022.06.19-13.47.03:193][  0]LogShaderLibrary: Display: ShaderCodeLibraryPakFileMountedCallback: PakFile 'C:/Program Files/Epic Games/UE_4.27/FeaturePacks/TP_RollingBP.upack' (chunk index -1, root 'root:/') mounted
[2022.06.19-13.47.03:193][  0]LogShaderLibrary: Display: ShaderCodeLibraryPakFileMountedCallback: pending pak file info (ChunkID:-1 Root:root:/ File:C:/Program Files/Epic Games/UE_4.27/FeaturePacks/TP_RollingBP.upack)
[2022.06.19-13.47.03:193][  0]LogPakFile: OnPakFileMounted2Time == 0.000028
[2022.06.19-13.47.03:194][  0]LogPakFile: PakFile PrimaryIndexSize=188
[2022.06.19-13.47.03:194][  0]LogPakFile: PakFile PathHashIndexSize=101
[2022.06.19-13.47.03:194][  0]LogPakFile: PakFile FullDirectoryIndexSize=150
[2022.06.19-13.47.03:194][  0]LogShaderLibrary: Display: ShaderCodeLibraryPakFileMountedCallback: PakFile 'C:/Program Files/Epic Games/UE_4.27/FeaturePacks/TP_SideScroller.upack' (chunk index -1, root 'root:/') mounted
[2022.06.19-13.47.03:195][  0]LogShaderLibrary: Display: ShaderCodeLibraryPakFileMountedCallback: pending pak file info (ChunkID:-1 Root:root:/ File:C:/Program Files/Epic Games/UE_4.27/FeaturePacks/TP_SideScroller.upack)
[2022.06.19-13.47.03:195][  0]LogPakFile: OnPakFileMounted2Time == 0.000028
[2022.06.19-13.47.03:195][  0]LogPakFile: PakFile PrimaryIndexSize=190
[2022.06.19-13.47.03:195][  0]LogPakFile: PakFile PathHashIndexSize=101
[2022.06.19-13.47.03:195][  0]LogPakFile: PakFile FullDirectoryIndexSize=154
[2022.06.19-13.47.03:195][  0]LogShaderLibrary: Display: ShaderCodeLibraryPakFileMountedCallback: PakFile 'C:/Program Files/Epic Games/UE_4.27/FeaturePacks/TP_SideScrollerBP.upack' (chunk index -1, root 'root:/') mounted
[2022.06.19-13.47.03:195][  0]LogShaderLibrary: Display: ShaderCodeLibraryPakFileMountedCallback: pending pak file info (ChunkID:-1 Root:root:/ File:C:/Program Files/Epic Games/UE_4.27/FeaturePacks/TP_SideScrollerBP.upack)
[2022.06.19-13.47.03:195][  0]LogPakFile: OnPakFileMounted2Time == 0.000027
[2022.06.19-13.47.03:196][  0]LogPakFile: PakFile PrimaryIndexSize=187
[2022.06.19-13.47.03:196][  0]LogPakFile: PakFile PathHashIndexSize=101
[2022.06.19-13.47.03:196][  0]LogPakFile: PakFile FullDirectoryIndexSize=148
[2022.06.19-13.47.03:196][  0]LogShaderLibrary: Display: ShaderCodeLibraryPakFileMountedCallback: PakFile 'C:/Program Files/Epic Games/UE_4.27/FeaturePacks/TP_ThirdPerson.upack' (chunk index -1, root 'root:/') mounted
[2022.06.19-13.47.03:196][  0]LogShaderLibrary: Display: ShaderCodeLibraryPakFileMountedCallback: pending pak file info (ChunkID:-1 Root:root:/ File:C:/Program Files/Epic Games/UE_4.27/FeaturePacks/TP_ThirdPerson.upack)
[2022.06.19-13.47.03:196][  0]LogPakFile: OnPakFileMounted2Time == 0.000031
[2022.06.19-13.47.03:197][  0]LogPakFile: PakFile PrimaryIndexSize=189
[2022.06.19-13.47.03:197][  0]LogPakFile: PakFile PathHashIndexSize=101
[2022.06.19-13.47.03:197][  0]LogPakFile: PakFile FullDirectoryIndexSize=152
[2022.06.19-13.47.03:197][  0]LogShaderLibrary: Display: ShaderCodeLibraryPakFileMountedCallback: PakFile 'C:/Program Files/Epic Games/UE_4.27/FeaturePacks/TP_ThirdPersonBP.upack' (chunk index -1, root 'root:/') mounted
[2022.06.19-13.47.03:197][  0]LogShaderLibrary: Display: ShaderCodeLibraryPakFileMountedCallback: pending pak file info (ChunkID:-1 Root:root:/ File:C:/Program Files/Epic Games/UE_4.27/FeaturePacks/TP_ThirdPersonBP.upack)
[2022.06.19-13.47.03:197][  0]LogPakFile: OnPakFileMounted2Time == 0.000029
[2022.06.19-13.47.03:198][  0]LogPakFile: PakFile PrimaryIndexSize=183
[2022.06.19-13.47.03:198][  0]LogPakFile: PakFile PathHashIndexSize=101
[2022.06.19-13.47.03:198][  0]LogPakFile: PakFile FullDirectoryIndexSize=140
[2022.06.19-13.47.03:198][  0]LogShaderLibrary: Display: ShaderCodeLibraryPakFileMountedCallback: PakFile 'C:/Program Files/Epic Games/UE_4.27/FeaturePacks/TP_TopDown.upack' (chunk index -1, root 'root:/') mounted
[2022.06.19-13.47.03:198][  0]LogShaderLibrary: Display: ShaderCodeLibraryPakFileMountedCallback: pending pak file info (ChunkID:-1 Root:root:/ File:C:/Program Files/Epic Games/UE_4.27/FeaturePacks/TP_TopDown.upack)
[2022.06.19-13.47.03:198][  0]LogPakFile: OnPakFileMounted2Time == 0.000035
[2022.06.19-13.47.03:199][  0]LogPakFile: PakFile PrimaryIndexSize=185
[2022.06.19-13.47.03:199][  0]LogPakFile: PakFile PathHashIndexSize=101
[2022.06.19-13.47.03:199][  0]LogPakFile: PakFile FullDirectoryIndexSize=144
[2022.06.19-13.47.03:199][  0]LogShaderLibrary: Display: ShaderCodeLibraryPakFileMountedCallback: PakFile 'C:/Program Files/Epic Games/UE_4.27/FeaturePacks/TP_TopDownBP.upack' (chunk index -1, root 'root:/') mounted
[2022.06.19-13.47.03:199][  0]LogShaderLibrary: Display: ShaderCodeLibraryPakFileMountedCallback: pending pak file info (ChunkID:-1 Root:root:/ File:C:/Program Files/Epic Games/UE_4.27/FeaturePacks/TP_TopDownBP.upack)
[2022.06.19-13.47.03:199][  0]LogPakFile: OnPakFileMounted2Time == 0.000032
[2022.06.19-13.47.03:200][  0]LogPakFile: PakFile PrimaryIndexSize=185
[2022.06.19-13.47.03:200][  0]LogPakFile: PakFile PathHashIndexSize=101
[2022.06.19-13.47.03:200][  0]LogPakFile: PakFile FullDirectoryIndexSize=144
[2022.06.19-13.47.03:200][  0]LogShaderLibrary: Display: ShaderCodeLibraryPakFileMountedCallback: PakFile 'C:/Program Files/Epic Games/UE_4.27/FeaturePacks/TP_TwinStick.upack' (chunk index -1, root 'root:/') mounted
[2022.06.19-13.47.03:200][  0]LogShaderLibrary: Display: ShaderCodeLibraryPakFileMountedCallback: pending pak file info (ChunkID:-1 Root:root:/ File:C:/Program Files/Epic Games/UE_4.27/FeaturePacks/TP_TwinStick.upack)
[2022.06.19-13.47.03:200][  0]LogPakFile: OnPakFileMounted2Time == 0.000028
[2022.06.19-13.47.03:201][  0]LogPakFile: PakFile PrimaryIndexSize=187
[2022.06.19-13.47.03:201][  0]LogPakFile: PakFile PathHashIndexSize=101
[2022.06.19-13.47.03:201][  0]LogPakFile: PakFile FullDirectoryIndexSize=148
[2022.06.19-13.47.03:201][  0]LogShaderLibrary: Display: ShaderCodeLibraryPakFileMountedCallback: PakFile 'C:/Program Files/Epic Games/UE_4.27/FeaturePacks/TP_TwinStickBP.upack' (chunk index -1, root 'root:/') mounted
[2022.06.19-13.47.03:201][  0]LogShaderLibrary: Display: ShaderCodeLibraryPakFileMountedCallback: pending pak file info (ChunkID:-1 Root:root:/ File:C:/Program Files/Epic Games/UE_4.27/FeaturePacks/TP_TwinStickBP.upack)
[2022.06.19-13.47.03:201][  0]LogPakFile: OnPakFileMounted2Time == 0.000040
[2022.06.19-13.47.03:202][  0]LogPakFile: PakFile PrimaryIndexSize=183
[2022.06.19-13.47.03:202][  0]LogPakFile: PakFile PathHashIndexSize=101
[2022.06.19-13.47.03:202][  0]LogPakFile: PakFile FullDirectoryIndexSize=140
[2022.06.19-13.47.03:202][  0]LogShaderLibrary: Display: ShaderCodeLibraryPakFileMountedCallback: PakFile 'C:/Program Files/Epic Games/UE_4.27/FeaturePacks/TP_Vehicle.upack' (chunk index -1, root 'root:/') mounted
[2022.06.19-13.47.03:202][  0]LogShaderLibrary: Display: ShaderCodeLibraryPakFileMountedCallback: pending pak file info (ChunkID:-1 Root:root:/ File:C:/Program Files/Epic Games/UE_4.27/FeaturePacks/TP_Vehicle.upack)
[2022.06.19-13.47.03:202][  0]LogPakFile: OnPakFileMounted2Time == 0.000035
[2022.06.19-13.47.03:203][  0]LogPakFile: PakFile PrimaryIndexSize=186
[2022.06.19-13.47.03:203][  0]LogPakFile: PakFile PathHashIndexSize=101
[2022.06.19-13.47.03:203][  0]LogPakFile: PakFile FullDirectoryIndexSize=146
[2022.06.19-13.47.03:203][  0]LogShaderLibrary: Display: ShaderCodeLibraryPakFileMountedCallback: PakFile 'C:/Program Files/Epic Games/UE_4.27/FeaturePacks/TP_VehicleAdv.upack' (chunk index -1, root 'root:/') mounted
[2022.06.19-13.47.03:203][  0]LogShaderLibrary: Display: ShaderCodeLibraryPakFileMountedCallback: pending pak file info (ChunkID:-1 Root:root:/ File:C:/Program Files/Epic Games/UE_4.27/FeaturePacks/TP_VehicleAdv.upack)
[2022.06.19-13.47.03:203][  0]LogPakFile: OnPakFileMounted2Time == 0.000030
[2022.06.19-13.47.03:205][  0]LogPakFile: PakFile PrimaryIndexSize=188
[2022.06.19-13.47.03:205][  0]LogPakFile: PakFile PathHashIndexSize=101
[2022.06.19-13.47.03:205][  0]LogPakFile: PakFile FullDirectoryIndexSize=150
[2022.06.19-13.47.03:205][  0]LogShaderLibrary: Display: ShaderCodeLibraryPakFileMountedCallback: PakFile 'C:/Program Files/Epic Games/UE_4.27/FeaturePacks/TP_VehicleAdvBP.upack' (chunk index -1, root 'root:/') mounted
[2022.06.19-13.47.03:205][  0]LogShaderLibrary: Display: ShaderCodeLibraryPakFileMountedCallback: pending pak file info (ChunkID:-1 Root:root:/ File:C:/Program Files/Epic Games/UE_4.27/FeaturePacks/TP_VehicleAdvBP.upack)
[2022.06.19-13.47.03:205][  0]LogPakFile: OnPakFileMounted2Time == 0.000036
[2022.06.19-13.47.03:206][  0]LogPakFile: PakFile PrimaryIndexSize=185
[2022.06.19-13.47.03:206][  0]LogPakFile: PakFile PathHashIndexSize=101
[2022.06.19-13.47.03:206][  0]LogPakFile: PakFile FullDirectoryIndexSize=144
[2022.06.19-13.47.03:206][  0]LogShaderLibrary: Display: ShaderCodeLibraryPakFileMountedCallback: PakFile 'C:/Program Files/Epic Games/UE_4.27/FeaturePacks/TP_VehicleBP.upack' (chunk index -1, root 'root:/') mounted
[2022.06.19-13.47.03:206][  0]LogShaderLibrary: Display: ShaderCodeLibraryPakFileMountedCallback: pending pak file info (ChunkID:-1 Root:root:/ File:C:/Program Files/Epic Games/UE_4.27/FeaturePacks/TP_VehicleBP.upack)
[2022.06.19-13.47.03:206][  0]LogPakFile: OnPakFileMounted2Time == 0.000028
[2022.06.19-13.47.03:207][  0]LogPakFile: PakFile PrimaryIndexSize=192
[2022.06.19-13.47.03:207][  0]LogPakFile: PakFile PathHashIndexSize=101
[2022.06.19-13.47.03:207][  0]LogPakFile: PakFile FullDirectoryIndexSize=158
[2022.06.19-13.47.03:207][  0]LogShaderLibrary: Display: ShaderCodeLibraryPakFileMountedCallback: PakFile 'C:/Program Files/Epic Games/UE_4.27/FeaturePacks/TP_VirtualRealityBP.upack' (chunk index -1, root 'root:/') mounted
[2022.06.19-13.47.03:207][  0]LogShaderLibrary: Display: ShaderCodeLibraryPakFileMountedCallback: pending pak file info (ChunkID:-1 Root:root:/ File:C:/Program Files/Epic Games/UE_4.27/FeaturePacks/TP_VirtualRealityBP.upack)
[2022.06.19-13.47.03:207][  0]LogPakFile: OnPakFileMounted2Time == 0.000031
[2022.06.19-13.47.03:283][  0]LogNativeClassHierarchy: Verbose: Native class hierarchy updated for 'AddContentDialog' in 0.0003 seconds. Added 0 classes and 0 folders.
[2022.06.19-13.47.03:306][  0]LogSlate: Took 0.000937 seconds to synchronously load lazily loaded font '../../../Engine/Content/Slate/Fonts/Roboto-Regular.ttf' (155K)
[2022.06.19-13.47.03:308][  0]LogSlate: Took 0.000418 seconds to synchronously load lazily loaded font '../../../Engine/Content/Editor/Slate/Fonts/FontAwesome.ttf' (139K)
[2022.06.19-13.47.03:311][  0]LogSlate: Took 0.000471 seconds to synchronously load lazily loaded font '../../../Engine/Content/Slate/Fonts/Roboto-Bold.ttf' (160K)
[2022.06.19-13.47.03:380][  0]LogRenderer: Reallocating scene render targets to support 1288x884 Format 9 NumSamples 1 (Frame:1).
[2022.06.19-13.47.03:449][  0]LogNativeClassHierarchy: Verbose: Native class hierarchy updated for 'HierarchicalLODOutliner' in 0.0002 seconds. Added 0 classes and 0 folders.
[2022.06.19-13.47.03:450][  0]LogLoad: (Engine Initialization) Total time: 8.32 seconds
[2022.06.19-13.47.03:450][  0]LogLoad: (Engine Initialization) Total Blueprint compile time: 0.00 seconds
[2022.06.19-13.47.03:607][  2]LogAssetRegistry: Asset discovery search completed in 4.9092 seconds
[2022.06.19-13.47.03:614][  2]LogCollectionManager: Fixed up redirectors for 0 collections in 0.000003 seconds (updated 0 objects)
[2022.06.19-13.47.03:964][  3]LogSlate: Took 0.000476 seconds to synchronously load lazily loaded font '../../../Engine/Content/Slate/Fonts/Roboto-Light.ttf' (167K)
[2022.06.19-13.47.04:913][  6]LogSlate: Took 0.000093 seconds to synchronously load lazily loaded font '../../../Engine/Content/Slate/Fonts/Roboto-Light.ttf' (167K)
[2022.06.19-14.09.36:042][ 35]LogWindowsTextInputMethodSystem: Display: IME system deactivated.
[2022.06.19-14.09.36:043][ 35]LogWindowsTextInputMethodSystem: Display: IME system deactivated.
[2022.06.19-14.09.48:452][452]LogUObjectHash: Compacting FUObjectHashTables data took   0.71ms
[2022.06.19-14.11.07:002][452]LogTexture: Default maximum texture size for cubemaps generated from long-lat sources has been changed from 512 to unlimited. In order to preserve old behaiour for '/Engine/EngineResources/GrayLightTextureCube.GrayLightTextureCube', its maximum texture size has been explicitly set to 512.
[2022.06.19-14.11.12:765][452]LogTexture: Default maximum texture size for cubemaps generated from long-lat sources has been changed from 512 to unlimited. In order to preserve old behaiour for '/Engine/EditorMaterials/AssetViewer/T_ClearSky.T_ClearSky', its maximum texture size has been explicitly set to 512.
[2022.06.19-14.11.24:874][452]LogSkeletalMesh: Display: OnRegister[clou2]: [ChaosClothingSimulationFactory] is currently unable to provide a fully functional simulation for each of this SkeletalMesh's clothing assets.
[2022.06.19-14.11.24:874][452]LogSkeletalMesh: Display: OnRegister[clou2]: The ClothingSimulationFactory property will now be automatically updated to use the most functional simulation that can be found.
[2022.06.19-14.11.24:920][452]LogAssetEditorSubsystem: Opening Asset editor for World /Game/Main/Maps/TestMap.TestMap
[2022.06.19-14.11.24:921][452]Cmd: MAP LOAD FILE="F:/___JOHN_CoS/John_CoS/CastleOfSecrets/Content/Main/Maps/TestMap.umap" TEMPLATE=0 SHOWPROGRESS=1 FEATURELEVEL=3
[2022.06.19-14.11.24:921][452]LightingResults: New page: Lighting Build
[2022.06.19-14.11.24:921][452]LoadErrors: New page: Loading map: TestMap.umap
[2022.06.19-14.11.24:958][452]LogWorld: UWorld::CleanupWorld for Untitled_1, bSessionEnded=true, bCleanupResources=true
[2022.06.19-14.11.24:959][452]LogSlate: InvalidateAllWidgets triggered.  All widgets were invalidated
[2022.06.19-14.11.24:959][452]MapCheck: New page: Map Check
[2022.06.19-14.11.24:959][452]LightingResults: New page: Lighting Build
[2022.06.19-14.11.24:968][452]LogAudio: Display: Audio Device unregistered from world 'None'.
[2022.06.19-14.11.24:992][452]LogUObjectHash: Compacting FUObjectHashTables data took   2.65ms
[2022.06.19-14.11.24:994][452]LogAudio: Display: Audio Device (ID: 1) registered with world 'TestMap'.
[2022.06.19-14.11.25:006][452]LogSkeletalMesh: Display: OnRegister[clou2]: [ChaosClothingSimulationFactory] is currently unable to provide a fully functional simulation for each of this SkeletalMesh's clothing assets.
[2022.06.19-14.11.25:006][452]LogSkeletalMesh: Display: OnRegister[clou2]: The ClothingSimulationFactory property will now be automatically updated to use the most functional simulation that can be found.
[2022.06.19-14.11.25:092][452]LogEditorServer: Finished looking for orphan Actors (0.000 secs)
[2022.06.19-14.11.25:092][452]LogAIModule: Creating AISystem for world TestMap
[2022.06.19-14.11.25:106][452]LogUObjectHash: Compacting FUObjectHashTables data took   1.29ms
[2022.06.19-14.11.25:138][452]Cmd: MAP CHECKDEP NOCLEARLOG
[2022.06.19-14.11.25:138][452]MapCheck: Map check complete: 0 Error(s), 0 Warning(s), took 0,074ms to complete.
[2022.06.19-14.11.25:138][452]LogFileHelpers: Loading map 'TestMap' took 0.218
[2022.06.19-14.11.25:212][452]LogNavigationDirtyArea: Warning: Skipping dirty area creation because of empty bounds (object: CapsuleComponent /Game/Main/Maps/TestMap.TestMap:PersistentLevel.BP_Candle2.AddColision)
